#
# A fatal error has been detected by the Java Runtime Environment:
#
#  SIGSEGV (0xb) at pc=0x0000000106df9cd3, pid=1292, tid=36099
#
# JRE version: Java(TM) SE Runtime Environment (17.0.8+9) (build 17.0.8+9-LTS-211)
# Java VM: Java HotSpot(TM) 64-Bit Server VM (17.0.8+9-LTS-211, mixed mode, emulated-client, sharing, tiered, compressed oops, compressed class ptrs, g1 gc, bsd-amd64)
# Problematic frame:
# V  [libjvm.dylib+0x449cd3]  void G1ParScanThreadState::do_oop_evac<narrowOop>(narrowOop*)+0x53
#
# No core dump will be written. Core dumps have been disabled. To enable core dumping, try "ulimit -c unlimited" before starting Java again
#
# If you would like to submit a bug report, please visit:
#   https://bugreport.java.com/bugreport/crash.jsp
#

---------------  S U M M A R Y ------------

Command Line: -Dcom.sun.management.jmxremote -Dcom.sun.management.jmxremote.port=49430 -Dcom.sun.management.jmxremote.authenticate=false -Dcom.sun.management.jmxremote.ssl=false -Djava.rmi.server.hostname=localhost -Dspring.jmx.enabled=true -Dmanagement.endpoints.jmx.exposure.include=* -Dspring.application.admin.enabled=true -Djava.security.egd=file:/dev/./urandom -XX:TieredStopAtLevel=1 -Dspring.boot.project.name=BeyazEvimBackend -Dfile.encoding=UTF-8 -Dstdout.encoding=UTF-8 -Dstderr.encoding=UTF-8 -XX:+ShowCodeDetailsInExceptionMessages com.ardakkan.backend.BeyazEvimBackendApplication --spring.output.ansi.enabled=always

Host: "MacBookPro16,1" x86_64 2600 MHz, 12 cores, 16G, Darwin 24.0.0, macOS 15.0.1 (24A348)
Time: Mon Nov  4 18:39:36 2024 +03 elapsed time: 2.226810 seconds (0d 0h 0m 2s)

---------------  T H R E A D  ---------------

Current thread (0x00007fea36b39570):  GCTaskThread "GC Thread#6" [stack: 0x0000700005e64000,0x0000700005f64000] [id=36099]

Stack: [0x0000700005e64000,0x0000700005f64000],  sp=0x0000700005f63ce0,  free space=1023k
Native frames: (J=compiled Java code, j=interpreted, Vv=VM code, C=native code)
V  [libjvm.dylib+0x449cd3]  void G1ParScanThreadState::do_oop_evac<narrowOop>(narrowOop*)+0x53
V  [libjvm.dylib+0x44831e]  G1ParScanThreadState::steal_and_trim_queue(GenericTaskQueueSet<OverflowTaskQueue<ScannerTask, (MEMFLAGS)5, 131072u>, (MEMFLAGS)5>*)+0xbe
V  [libjvm.dylib+0x40d7dc]  G1ParEvacuateFollowersClosure::do_void()+0x10c
V  [libjvm.dylib+0x41063e]  G1EvacuateRegionsBaseTask::evacuate_live_objects(G1ParScanThreadState*, unsigned int, G1GCPhaseTimes::GCParPhases, G1GCPhaseTimes::GCParPhases)+0x8e
V  [libjvm.dylib+0x410404]  G1EvacuateRegionsBaseTask::work(unsigned int)+0x84
V  [libjvm.dylib+0xab2cfc]  GangWorker::loop()+0x5c
V  [libjvm.dylib+0xab2c86]  GangWorker::run()+0x16
V  [libjvm.dylib+0x9fb46a]  Thread::call_run()+0x11a
V  [libjvm.dylib+0x88b5e8]  thread_native_entry(Thread*)+0x148
C  [libsystem_pthread.dylib+0x6253]  _pthread_start+0x63
C  [libsystem_pthread.dylib+0x1bef]  thread_start+0xf


siginfo: si_signo: 11 (SIGSEGV), si_code: 1 (SEGV_MAPERR), si_addr: 0x0000000000adfc40

Register to memory mapping:

RAX=0x0 is NULL
RBX=0x0000000000000003 is an unknown value
RCX=0x0000000000000015 is an unknown value
RDX=0x0000000000adfc40 is an unknown value
RSP=0x0000700005f63ce0 points into unknown readable memory: 0x0000000000000000 | 00 00 00 00 00 00 00 00
RBP=0x0000700005f63d00 points into unknown readable memory: 0x0000700005f63d50 | 50 3d f6 05 00 70 00 00
RSI=0x0 is NULL
RDI=0x0 is NULL
R8 =0x000001a20000087f is an unknown value
R9 =0x0000000000000002 is an unknown value
R10=0x00007fea36a056c0 points into unknown readable memory: 0x0000000000000000 | 00 00 00 00 00 00 00 00
R11=0x0 is NULL
R12=0x000000010760dca0: _ZN14CompressedOops11_narrow_oopE+0 in /Library/Java/JavaVirtualMachines/jdk-17.jdk/Contents/Home/lib/server/libjvm.dylib at 0x00000001069b0000
R13=0x0000000702cc5398 is pointing into object: [Ljava.util.HashMap$Node; 
{0x0000000702cc5340} - klass: 'java/util/HashMap$Node'[]
 - length: 1073741840
R14=0x00007fea3ad0df50 points into unknown readable memory: 0x00000001075ece10 | 10 ce 5e 07 01 00 00 00
R15=0x0000000702cc5398 is pointing into object: [Ljava.util.HashMap$Node; 
{0x0000000702cc5340} - klass: 'java/util/HashMap$Node'[]
 - length: 1073741840


Registers:
RAX=0x0000000000000000, RBX=0x0000000000000003, RCX=0x0000000000000015, RDX=0x0000000000adfc40
RSP=0x0000700005f63ce0, RBP=0x0000700005f63d00, RSI=0x0000000000000000, RDI=0x0000000000000000
R8 =0x000001a20000087f, R9 =0x0000000000000002, R10=0x00007fea36a056c0, R11=0x0000000000000000
R12=0x000000010760dca0, R13=0x0000000702cc5398, R14=0x00007fea3ad0df50, R15=0x0000000702cc5398
RIP=0x0000000106df9cd3, EFLAGS=0x0000000000010246, ERR=0x0000000000000004
  TRAPNO=0x000000000000000e

Top of Stack: (sp=0x0000700005f63ce0)
0x0000700005f63ce0:   0000000000000000 0000700005f63d20
0x0000700005f63cf0:   00007fea3ad0df50 00006000015bc960
0x0000700005f63d00:   0000700005f63d50 0000000106df831e
0x0000700005f63d10:   00007fea3800c200 00007fea3ad0df68
0x0000700005f63d20:   0000000702cc5399 0000000000000013
0x0000700005f63d30:   0000000000000005 0000700005f63df0
0x0000700005f63d40:   00007fea3ad0df50 0000000000000004
0x0000700005f63d50:   0000700005f63de0 0000000106dbd7dc
0x0000700005f63d60:   0000000000000000 0000000000000000
0x0000700005f63d70:   0000700000000000 0000000106de8c12
0x0000700005f63d80:   000000000000000f bff0000000000000
0x0000700005f63d90:   0000000000000000 0000000000000000
0x0000700005f63da0:   0000000000000000 0000000000000013
0x0000700005f63db0:   0000700005f63dc0 0000000000000013
0x0000700005f63dc0:   0000000000000005 00007fea36b2f710
0x0000700005f63dd0:   00000000848fbdb2 00007000042093f0
0x0000700005f63de0:   0000700005f63e70 0000000106dc063e
0x0000700005f63df0:   00000001075eb3b8 0000000000000000
0x0000700005f63e00:   0000000000000000 0000000000000000
0x0000700005f63e10:   00007fea3800c200 00007fea3ad0df50
0x0000700005f63e20:   00006000015bc960 00007000042093f0
0x0000700005f63e30:   0000000000000013 0000001300000015
0x0000700005f63e40:   00000001514b7e32 00007000042093c0
0x0000700005f63e50:   00007fea36c13708 00007fea3ad0df50
0x0000700005f63e60:   0000000000000005 0000600001b993b0
0x0000700005f63e70:   0000700005f63ec0 0000000106dc0404
0x0000700005f63e80:   00007fea36c13320 00007fea36c13330
0x0000700005f63e90:   00000000000003d8 00007000042093c0
0x0000700005f63ea0:   0000000000000005 00007ff85c1524a8
0x0000700005f63eb0:   0000700005f63ed8 00007fea36b39570
0x0000700005f63ec0:   0000700005f63f00 0000000107462cfc
0x0000700005f63ed0:   4347203a6176614a 23646165ffffffff 

Instructions: (pc=0x0000000106df9cd3)
0x0000000106df9bd3:   c7 80 08 02 00 00 00 00 00 00 48 c7 80 10 02 00
0x0000000106df9be3:   00 00 00 00 00 49 89 c4 48 8b 4d d0 eb 10 48 8b
0x0000000106df9bf3:   4d d0 31 c0 4c 89 a0 08 02 00 00 49 89 c4 48 8d
0x0000000106df9c03:   44 d9 20 4c 89 20 48 81 04 d9 18 02 00 00 49 8b
0x0000000106df9c13:   84 24 00 02 00 00 4c 89 28 49 83 84 24 00 02 00
0x0000000106df9c23:   00 08 41 83 7e 20 01 74 38 45 84 ff 74 33 49 8b
0x0000000106df9c33:   5e 18 49 c1 ed 09 48 8b 43 60 4c 03 68 40 48 8b
0x0000000106df9c43:   70 38 49 29 f5 4c 39 ab b0 01 00 00 74 13 48 8d
0x0000000106df9c53:   7b 18 4c 01 ee e8 13 74 00 00 4c 89 ab b0 01 00
0x0000000106df9c63:   00 48 83 c4 08 5b 41 5c 41 5d 41 5e 41 5f 5d c3
0x0000000106df9c73:   66 2e 0f 1f 84 00 00 00 00 00 0f 1f 00 55 48 89
0x0000000106df9c83:   e5 41 57 41 56 41 54 53 49 89 f7 8b 16 4c 8d 25
0x0000000106df9c93:   09 40 81 00 41 8b 5c 24 08 89 d9 48 d3 e2 49 89
0x0000000106df9ca3:   fe 49 8b 3c 24 48 01 fa 49 8b 46 08 8a 88 90 05
0x0000000106df9cb3:   00 00 48 89 d6 48 d3 ee 48 8b 80 80 05 00 00 0f
0x0000000106df9cc3:   b7 34 70 89 f0 c1 e8 08 84 c0 0f 88 ce 00 00 00
0x0000000106df9cd3:   48 8b 0a 89 c8 83 e0 03 83 f8 03 75 22 48 8d 15
0x0000000106df9ce3:   ca c7 84 00 89 ce 83 e6 07 48 83 e1 fc 31 c0 80
0x0000000106df9cf3:   3a 00 48 0f 44 c1 83 fe 05 48 0f 45 c1 eb 11 4c
0x0000000106df9d03:   89 f7 e8 36 ef ff ff 49 8b 3c 24 41 8b 5c 24 08
0x0000000106df9d13:   48 89 c2 48 29 fa 89 d9 48 d3 ea 41 89 17 48 89
0x0000000106df9d23:   c2 4c 31 fa 48 8d 0d 32 cb 84 00 8a 09 48 d3 ea
0x0000000106df9d33:   48 85 d2 74 69 49 8b 56 08 8a 8a c0 01 00 00 4c
0x0000000106df9d43:   89 fe 48 d3 ee 48 8b 8a b0 01 00 00 48 8b 0c f1
0x0000000106df9d53:   f7 41 74 02 00 00 00 75 45 8a 8a 90 05 00 00 48
0x0000000106df9d63:   d3 e8 48 8b 8a 80 05 00 00 80 3c 41 00 74 2f 49
0x0000000106df9d73:   c1 ef 09 49 8b 46 60 4c 03 78 40 48 8b 70 38 49
0x0000000106df9d83:   29 f7 4d 39 be b0 01 00 00 74 13 49 8d 7e 18 4c
0x0000000106df9d93:   01 fe e8 d6 72 00 00 4d 89 be b0 01 00 00 5b 41
0x0000000106df9da3:   5c 41 5e 41 5f 5d c3 66 0f 1f 44 00 00 55 48 89
0x0000000106df9db3:   e5 41 57 41 56 41 55 41 54 53 48 83 ec 18 49 89
0x0000000106df9dc3:   f7 48 89 fb 48 8b 06 48 8d 0d e0 c6 84 00 89 c2 


Stack slot to memory mapping:
stack at sp + 0 slots: 0x0 is NULL
stack at sp + 1 slots: 0x0000700005f63d20 points into unknown readable memory: 0x0000000702cc5399 | 99 53 cc 02 07 00 00 00
stack at sp + 2 slots: 0x00007fea3ad0df50 points into unknown readable memory: 0x00000001075ece10 | 10 ce 5e 07 01 00 00 00
stack at sp + 3 slots: 0x00006000015bc960 points into unknown readable memory: 0x00000001075eb7d0 | d0 b7 5e 07 01 00 00 00
stack at sp + 4 slots: 0x0000700005f63d50 points into unknown readable memory: 0x0000700005f63de0 | e0 3d f6 05 00 70 00 00
stack at sp + 5 slots: 0x0000000106df831e: _ZN20G1ParScanThreadState20steal_and_trim_queueEP19GenericTaskQueueSetI17OverflowTaskQueueI11ScannerTaskL8MEMFLAGS5ELj131072EELS3_5EE+0xbe in /Library/Java/JavaVirtualMachines/jdk-17.jdk/Contents/Home/lib/server/libjvm.dylib at 0x00000001069b0000
stack at sp + 6 slots: 0x00007fea3800c200 points into unknown readable memory: 0x00000001075eb148 | 48 b1 5e 07 01 00 00 00
stack at sp + 7 slots: 0x00007fea3ad0df68 points into unknown readable memory: 0x00000001075ecfd8 | d8 cf 5e 07 01 00 00 00


---------------  P R O C E S S  ---------------

Threads class SMR info:
_java_thread_list=0x00006000015748a0, length=22, elements={
0x00007fea38813e00, 0x00007fea37811c00, 0x00007fea37812200, 0x00007fea37815a00,
0x00007fea37818200, 0x00007fea37818800, 0x00007fea39030800, 0x00007fea39030e00,
0x00007fea37818e00, 0x00007fea36022e00, 0x00007fea3889a400, 0x00007fea3889b200,
0x00007fea38108c00, 0x00007fea38143200, 0x00007fea3910c400, 0x00007fea38145c00,
0x00007fea381a1000, 0x00007fea38898000, 0x00007fea3910bc00, 0x00007fea381a1600,
0x00007fea391ef000, 0x00007fea381a3200
}

Java Threads: ( => current thread )
  0x00007fea38813e00 JavaThread "main" [_thread_blocked, id=4867, stack(0x0000700003af8000,0x0000700003bf8000)]
  0x00007fea37811c00 JavaThread "Reference Handler" daemon [_thread_blocked, id=19203, stack(0x000070000420d000,0x000070000430d000)]
  0x00007fea37812200 JavaThread "Finalizer" daemon [_thread_blocked, id=18947, stack(0x0000700004310000,0x0000700004410000)]
  0x00007fea37815a00 JavaThread "Signal Dispatcher" daemon [_thread_blocked, id=31235, stack(0x0000700004519000,0x0000700004619000)]
  0x00007fea37818200 JavaThread "Service Thread" daemon [_thread_blocked, id=23043, stack(0x000070000461c000,0x000070000471c000)]
  0x00007fea37818800 JavaThread "Monitor Deflation Thread" daemon [_thread_blocked, id=23299, stack(0x000070000471f000,0x000070000481f000)]
  0x00007fea39030800 JavaThread "C1 CompilerThread0" daemon [_thread_blocked, id=23555, stack(0x0000700004822000,0x0000700004922000)]
  0x00007fea39030e00 JavaThread "Sweeper thread" daemon [_thread_blocked, id=24067, stack(0x0000700004925000,0x0000700004a25000)]
  0x00007fea37818e00 JavaThread "Common-Cleaner" daemon [_thread_blocked, id=30211, stack(0x0000700004a28000,0x0000700004b28000)]
  0x00007fea36022e00 JavaThread "C1 CompilerThread1" daemon [_thread_blocked, id=29699, stack(0x0000700004b2b000,0x0000700004c2b000)]
  0x00007fea3889a400 JavaThread "Notification Thread" daemon [_thread_blocked, id=24835, stack(0x0000700004c2e000,0x0000700004d2e000)]
  0x00007fea3889b200 JavaThread "RMI TCP Accept-0" daemon [_thread_in_native, id=25347, stack(0x0000700004d31000,0x0000700004e31000)]
  0x00007fea38108c00 JavaThread "RMI TCP Accept-49430" daemon [_thread_in_native, id=25859, stack(0x0000700004e34000,0x0000700004f34000)]
  0x00007fea38143200 JavaThread "RMI TCP Accept-0" daemon [_thread_in_native, id=29187, stack(0x0000700004f37000,0x0000700005037000)]
  0x00007fea3910c400 JavaThread "Thread-0" [_thread_blocked, id=43267, stack(0x000070000564c000,0x000070000574c000)]
  0x00007fea38145c00 JavaThread "restartedMain" [_thread_blocked, id=33283, stack(0x000070000574f000,0x000070000584f000)]
  0x00007fea381a1000 JavaThread "RMI TCP Connection(1)-127.0.0.1" daemon [_thread_in_native, id=43011, stack(0x0000700005852000,0x0000700005952000)]
  0x00007fea38898000 JavaThread "RMI Scheduler(0)" daemon [_thread_blocked, id=34051, stack(0x0000700005955000,0x0000700005a55000)]
  0x00007fea3910bc00 JavaThread "RMI TCP Connection(2)-127.0.0.1" daemon [_thread_in_native, id=34563, stack(0x0000700005a58000,0x0000700005b58000)]
  0x00007fea381a1600 JavaThread "JMX server connection timeout 24" daemon [_thread_blocked, id=34819, stack(0x0000700005b5b000,0x0000700005c5b000)]
  0x00007fea391ef000 JavaThread "C1 CompilerThread2" daemon [_thread_blocked, id=35331, stack(0x0000700005c5e000,0x0000700005d5e000)]
  0x00007fea381a3200 JavaThread "C1 CompilerThread3" daemon [_thread_blocked, id=42243, stack(0x000070000606a000,0x000070000616a000)]

Other Threads:
  0x00007fea36b0a430 VMThread "VM Thread" [stack: 0x000070000410a000,0x000070000420a000] [id=17411]
  0x00007fea3ab13770 WatcherThread [stack: 0x000070000503a000,0x000070000513a000] [id=26371]
  0x00007fea36a06650 GCTaskThread "GC Thread#0" [stack: 0x0000700003bfb000,0x0000700003cfb000] [id=14083]
  0x00007fea36b2fab0 GCTaskThread "GC Thread#1" [stack: 0x000070000513d000,0x000070000523d000] [id=26883]
  0x00007fea3ab18650 GCTaskThread "GC Thread#2" [stack: 0x0000700005240000,0x0000700005340000] [id=27139]
  0x00007fea36a13ea0 GCTaskThread "GC Thread#3" [stack: 0x0000700005343000,0x0000700005443000] [id=27651]
  0x00007fea36a14310 GCTaskThread "GC Thread#4" [stack: 0x0000700005446000,0x0000700005546000] [id=27907]
  0x00007fea36c0f420 GCTaskThread "GC Thread#5" [stack: 0x0000700005549000,0x0000700005649000] [id=28419]
=>0x00007fea36b39570 GCTaskThread "GC Thread#6" [stack: 0x0000700005e64000,0x0000700005f64000] [id=36099]
  0x00007fea36b39a00 GCTaskThread "GC Thread#7" [stack: 0x0000700005f67000,0x0000700006067000] [id=36611]
  0x00007fea36c1f220 GCTaskThread "GC Thread#8" [stack: 0x0000700005d61000,0x0000700005e61000] [id=37383]
  0x00007fea36c1f4c0 GCTaskThread "GC Thread#9" [stack: 0x000070000616d000,0x000070000626d000] [id=35847]
  0x00007fea36a06cf0 ConcurrentGCThread "G1 Main Marker" [stack: 0x0000700003cfe000,0x0000700003dfe000] [id=13827]
  0x00007fea36a07570 ConcurrentGCThread "G1 Conc#0" [stack: 0x0000700003e01000,0x0000700003f01000] [id=13315]
  0x00007fea3ad0bfc0 ConcurrentGCThread "G1 Conc#1" [stack: 0x0000700006270000,0x0000700006370000] [id=37891]
  0x00007fea36a26c50 ConcurrentGCThread "G1 Conc#2" [stack: 0x0000700006373000,0x0000700006473000] [id=41987]
  0x00007fea3ab04080 ConcurrentGCThread "G1 Refine#0" [stack: 0x0000700003f04000,0x0000700004004000] [id=21507]
  0x00007fea36b077d0 ConcurrentGCThread "G1 Service" [stack: 0x0000700004007000,0x0000700004107000] [id=21251]

Threads with active compile tasks:
C1 CompilerThread0     2241 3653       1       org.springframework.boot.autoconfigure.condition.OnBeanCondition::getNamesOfBeansIgnoredByType (73 bytes)
C1 CompilerThread1     2241 3651       1       org.springframework.boot.autoconfigure.condition.OnBeanCondition::getMatchingBeans (363 bytes)
C1 CompilerThread2     2241 3649   !   1       org.springframework.boot.autoconfigure.condition.OnBeanCondition$Spec::resolveWhenPossible (80 bytes)
C1 CompilerThread3     2241 3647   !   1       org.springframework.boot.autoconfigure.condition.OnBeanCondition$Spec::<init> (244 bytes)

VM state: at safepoint (normal execution)

VM Mutex/Monitor currently owned by a thread:  ([mutex/lock_event])
[0x0000600003ba1780] Threads_lock - owner thread: 0x00007fea36b0a430
[0x0000600003ba1d00] Heap_lock - owner thread: 0x00007fea38145c00

Heap address: 0x0000000700000000, size: 4096 MB, Compressed Oops mode: Zero based, Oop shift amount: 3

CDS archive(s) mapped at: [0x000000011e000000-0x000000011ebe4000-0x000000011ebe4000), size 12468224, SharedBaseAddress: 0x000000011e000000, ArchiveRelocationMode: 1.
Compressed class space mapped at: 0x000000011f000000-0x000000015f000000, reserved size: 1073741824
Narrow klass base: 0x000000011e000000, Narrow klass shift: 0, Narrow klass range: 0x100000000

GC Precious Log:
 CPUs: 12 total, 12 available
 Memory: 16384M
 Large Page Support: Disabled
 NUMA Support: Disabled
 Compressed Oops: Enabled (Zero based)
 Heap Region Size: 2M
 Heap Min Capacity: 8M
 Heap Initial Capacity: 256M
 Heap Max Capacity: 4G
 Pre-touch: Disabled
 Parallel Workers: 10
 Concurrent Workers: 3
 Concurrent Refinement Workers: 10
 Periodic GC: Disabled

Heap:
 garbage-first heap   total 75776K, used 52981K [0x0000000700000000, 0x0000000800000000)
  region size 2048K, 20 young (40960K), 2 survivors (4096K)
 Metaspace       used 24573K, committed 24896K, reserved 1114112K
  class space    used 3444K, committed 3584K, reserved 1048576K

Heap Regions: E=young(eden), S=young(survivor), O=old, HS=humongous(starts), HC=humongous(continues), CS=collection set, F=free, OA=open archive, CA=closed archive, TAMS=top-at-mark-start (previous, next)
|   0|0x0000000700000000, 0x0000000700200000, 0x0000000700200000|100%| O|  |TAMS 0x0000000700200000, 0x0000000700000000| Untracked 
|   1|0x0000000700200000, 0x0000000700400000, 0x0000000700400000|100%| O|  |TAMS 0x0000000700400000, 0x0000000700200000| Untracked 
|   2|0x0000000700400000, 0x0000000700600000, 0x0000000700600000|100%| O|  |TAMS 0x0000000700600000, 0x0000000700400000| Untracked 
|   3|0x0000000700600000, 0x00000007006f1600, 0x0000000700800000| 47%| O|  |TAMS 0x00000007006f1600, 0x0000000700600000| Complete 
|   4|0x0000000700800000, 0x0000000700a00000, 0x0000000700a00000|100%| O|  |TAMS 0x0000000700800000, 0x0000000700800000| Untracked 
|   5|0x0000000700a00000, 0x0000000700c00000, 0x0000000700c00000|100%| O|  |TAMS 0x0000000700a00000, 0x0000000700a00000| Untracked 
|   6|0x0000000700c00000, 0x0000000700e00000, 0x0000000700e00000|100%| O|  |TAMS 0x0000000700c00000, 0x0000000700c00000| Untracked 
|   7|0x0000000700e00000, 0x0000000700e00000, 0x0000000701000000|  0%| F|  |TAMS 0x0000000700e00000, 0x0000000700e00000| Untracked 
|   8|0x0000000701000000, 0x0000000701000000, 0x0000000701200000|  0%| F|  |TAMS 0x0000000701000000, 0x0000000701000000| Untracked 
|   9|0x0000000701200000, 0x0000000701200000, 0x0000000701400000|  0%| F|  |TAMS 0x0000000701200000, 0x0000000701200000| Untracked 
|  10|0x0000000701400000, 0x0000000701400000, 0x0000000701600000|  0%| F|  |TAMS 0x0000000701400000, 0x0000000701400000| Untracked 
|  11|0x0000000701600000, 0x0000000701711630, 0x0000000701800000| 53%| S|  |TAMS 0x0000000701600000, 0x0000000701600000| Complete 
|  12|0x0000000701800000, 0x0000000701a00000, 0x0000000701a00000|100%| S|  |TAMS 0x0000000701800000, 0x0000000701800000| Complete 
|  13|0x0000000701a00000, 0x0000000701c00000, 0x0000000701c00000|100%| E|CS|TAMS 0x0000000701a00000, 0x0000000701a00000| Complete 
|  14|0x0000000701c00000, 0x0000000701e00000, 0x0000000701e00000|100%| E|CS|TAMS 0x0000000701c00000, 0x0000000701c00000| Complete 
|  15|0x0000000701e00000, 0x0000000702000000, 0x0000000702000000|100%| E|CS|TAMS 0x0000000701e00000, 0x0000000701e00000| Complete 
|  16|0x0000000702000000, 0x0000000702200000, 0x0000000702200000|100%| E|CS|TAMS 0x0000000702000000, 0x0000000702000000| Complete 
|  17|0x0000000702200000, 0x0000000702400000, 0x0000000702400000|100%| E|CS|TAMS 0x0000000702200000, 0x0000000702200000| Complete 
|  18|0x0000000702400000, 0x0000000702600000, 0x0000000702600000|100%| E|CS|TAMS 0x0000000702400000, 0x0000000702400000| Complete 
|  19|0x0000000702600000, 0x0000000702800000, 0x0000000702800000|100%| E|CS|TAMS 0x0000000702600000, 0x0000000702600000| Complete 
|  20|0x0000000702800000, 0x0000000702a00000, 0x0000000702a00000|100%| E|CS|TAMS 0x0000000702800000, 0x0000000702800000| Complete 
|  21|0x0000000702a00000, 0x0000000702c00000, 0x0000000702c00000|100%| E|CS|TAMS 0x0000000702a00000, 0x0000000702a00000| Complete 
|  22|0x0000000702c00000, 0x0000000702e00000, 0x0000000702e00000|100%| E|CS|TAMS 0x0000000702c00000, 0x0000000702c00000| Complete 
|  23|0x0000000702e00000, 0x0000000703000000, 0x0000000703000000|100%| E|CS|TAMS 0x0000000702e00000, 0x0000000702e00000| Complete 
|  24|0x0000000703000000, 0x0000000703200000, 0x0000000703200000|100%| E|CS|TAMS 0x0000000703000000, 0x0000000703000000| Complete 
|  25|0x0000000703200000, 0x0000000703400000, 0x0000000703400000|100%| E|CS|TAMS 0x0000000703200000, 0x0000000703200000| Complete 
|  26|0x0000000703400000, 0x0000000703600000, 0x0000000703600000|100%| E|CS|TAMS 0x0000000703400000, 0x0000000703400000| Complete 
|  27|0x0000000703600000, 0x0000000703800000, 0x0000000703800000|100%| E|CS|TAMS 0x0000000703600000, 0x0000000703600000| Complete 
|  28|0x0000000703800000, 0x0000000703a00000, 0x0000000703a00000|100%| E|CS|TAMS 0x0000000703800000, 0x0000000703800000| Complete 
|  29|0x0000000703a00000, 0x0000000703c00000, 0x0000000703c00000|100%| E|CS|TAMS 0x0000000703a00000, 0x0000000703a00000| Complete 
|  86|0x000000070ac00000, 0x000000070acd5e00, 0x000000070ae00000| 41%| E|CS|TAMS 0x000000070ac00000, 0x000000070ac00000| Complete 
|  87|0x000000070ae00000, 0x000000070b000000, 0x000000070b000000|100%| E|CS|TAMS 0x000000070ae00000, 0x000000070ae00000| Complete 
|  88|0x000000070b000000, 0x000000070b200000, 0x000000070b200000|100%| E|CS|TAMS 0x000000070b000000, 0x000000070b000000| Complete 
|  89|0x000000070b200000, 0x000000070b400000, 0x000000070b400000|100%| E|CS|TAMS 0x000000070b200000, 0x000000070b200000| Complete 
| 127|0x000000070fe00000, 0x0000000710000000, 0x0000000710000000|100%| E|CS|TAMS 0x000000070fe00000, 0x000000070fe00000| Complete 
|2046|0x00000007ffc00000, 0x00000007ffd76000, 0x00000007ffe00000| 73%|OA|  |TAMS 0x00000007ffd76000, 0x00000007ffc00000| Untracked 
|2047|0x00000007ffe00000, 0x00000007ffe80000, 0x0000000800000000| 25%|CA|  |TAMS 0x00000007ffe80000, 0x00000007ffe00000| Untracked 

Card table byte_map: [0x00000001121c4000,0x00000001129c4000] _byte_map_base: 0x000000010e9c4000

Marking Bits (Prev, Next): (CMBitMap*) 0x00007fea3901de50, (CMBitMap*) 0x00007fea3901de10
 Prev Bits: [0x00000001171c4000, 0x000000011b1c4000)
 Next Bits: [0x00000001131c4000, 0x00000001171c4000)

Polling page: 0x0000000105995000

Metaspace:

Usage:
  Non-class:     20.63 MB used.
      Class:      3.36 MB used.
       Both:     24.00 MB used.

Virtual space:
  Non-class space:       64.00 MB reserved,      20.81 MB ( 33%) committed,  1 nodes.
      Class space:        1.00 GB reserved,       3.50 MB ( <1%) committed,  1 nodes.
             Both:        1.06 GB reserved,      24.31 MB (  2%) committed. 

Chunk freelists:
   Non-Class:  11.16 MB
       Class:  12.39 MB
        Both:  23.55 MB

MaxMetaspaceSize: unlimited
CompressedClassSpaceSize: 1.00 GB
Initial GC threshold: 21.00 MB
Current GC threshold: 35.12 MB
CDS: on
MetaspaceReclaimPolicy: balanced
 - commit_granule_bytes: 65536.
 - commit_granule_words: 8192.
 - virtual_space_node_default_size: 8388608.
 - enlarge_chunks_in_place: 1.
 - new_chunks_are_fully_committed: 0.
 - uncommit_free_chunks: 1.
 - use_allocation_guard: 0.
 - handle_deallocations: 1.


Internal statistics:

num_allocs_failed_limit: 3.
num_arena_births: 360.
num_arena_deaths: 0.
num_vsnodes_births: 2.
num_vsnodes_deaths: 0.
num_space_committed: 389.
num_space_uncommitted: 0.
num_chunks_returned_to_freelist: 3.
num_chunks_taken_from_freelist: 1170.
num_chunk_merges: 3.
num_chunk_splits: 819.
num_chunks_enlarged: 611.
num_purges: 0.
num_inconsistent_stats: 0.

CodeCache: size=49152Kb used=8618Kb max_used=8618Kb free=40533Kb
 bounds [0x000000010f1c4000, 0x000000010fa34000, 0x00000001121c4000]
 total_blobs=4157 nmethods=3648 adapters=434
 compilation: enabled
              stopped_count=0, restarted_count=0
 full_count=0

Compilation events (20 events):
Event: 2.210 Thread 0x00007fea391ef000 nmethod 3641 0x000000010fa2c310 code [0x000000010fa2c4c0, 0x000000010fa2c600]
Event: 2.211 Thread 0x00007fea39030800 nmethod 3640 0x000000010fa2c690 code [0x000000010fa2c880, 0x000000010fa2cb10]
Event: 2.211 Thread 0x00007fea36022e00 3642       1       java.lang.WeakPairMap$Pair$Lookup::equals (31 bytes)
Event: 2.211 Thread 0x00007fea36022e00 nmethod 3642 0x000000010fa2cc90 code [0x000000010fa2ce40, 0x000000010fa2d090]
Event: 2.213 Thread 0x00007fea381a3200 3643       1       org.springframework.util.StringUtils::collectionToCommaDelimitedString (8 bytes)
Event: 2.214 Thread 0x00007fea381a3200 nmethod 3643 0x000000010fa2d190 code [0x000000010fa2d340, 0x000000010fa2d400]
Event: 2.214 Thread 0x00007fea39030800 3644       1       org.springframework.boot.autoconfigure.condition.OnBeanCondition$Spec$$Lambda$504/0x000000011f30b298::apply (10 bytes)
Event: 2.214 Thread 0x00007fea39030800 nmethod 3644 0x000000010fa2d490 code [0x000000010fa2d640, 0x000000010fa2d780]
Event: 2.218 Thread 0x00007fea36022e00 3645       1       java.util.stream.AbstractPipeline::copyIntoWithCancel (46 bytes)
Event: 2.218 Thread 0x00007fea36022e00 nmethod 3645 0x000000010fa2d810 code [0x000000010fa2d9e0, 0x000000010fa2db90]
Event: 2.218 Thread 0x00007fea36022e00 3646       1       org.springframework.core.annotation.AbstractMergedAnnotation::getValue (10 bytes)
Event: 2.218 Thread 0x00007fea36022e00 nmethod 3646 0x000000010fa2dd10 code [0x000000010fa2dec0, 0x000000010fa2e060]
Event: 2.218 Thread 0x00007fea391ef000 3649   !   1       org.springframework.boot.autoconfigure.condition.OnBeanCondition$Spec::resolveWhenPossible (80 bytes)
Event: 2.218 Thread 0x00007fea381a3200 3647   !   1       org.springframework.boot.autoconfigure.condition.OnBeanCondition$Spec::<init> (244 bytes)
Event: 2.219 Thread 0x00007fea39030800 3648       1       org.springframework.core.annotation.MergedAnnotationCollectors::toMultiValueMap (8 bytes)
Event: 2.219 Thread 0x00007fea36022e00 3650       1       org.springframework.boot.autoconfigure.condition.OnBeanCondition$Spec::extractTypes (20 bytes)
Event: 2.219 Thread 0x00007fea39030800 nmethod 3648 0x000000010fa2e110 code [0x000000010fa2e2a0, 0x000000010fa2e360]
Event: 2.219 Thread 0x00007fea36022e00 nmethod 3650 0x000000010fa2e410 code [0x000000010fa2e5c0, 0x000000010fa2e900]
Event: 2.219 Thread 0x00007fea36022e00 3651       1       org.springframework.boot.autoconfigure.condition.OnBeanCondition::getMatchingBeans (363 bytes)
Event: 2.219 Thread 0x00007fea39030800 3653       1       org.springframework.boot.autoconfigure.condition.OnBeanCondition::getNamesOfBeansIgnoredByType (73 bytes)

GC Heap History (7 events):
Event: 0.814 GC heap before
{Heap before GC invocations=0 (full 0):
 garbage-first heap   total 266240K, used 22488K [0x0000000700000000, 0x0000000800000000)
  region size 2048K, 11 young (22528K), 0 survivors (0K)
 Metaspace       used 7129K, committed 7360K, reserved 1114112K
  class space    used 919K, committed 1024K, reserved 1048576K
}
Event: 0.819 GC heap after
{Heap after GC invocations=1 (full 0):
 garbage-first heap   total 266240K, used 9053K [0x0000000700000000, 0x0000000800000000)
  region size 2048K, 2 young (4096K), 2 survivors (4096K)
 Metaspace       used 7129K, committed 7360K, reserved 1114112K
  class space    used 919K, committed 1024K, reserved 1048576K
}
Event: 1.127 GC heap before
{Heap before GC invocations=1 (full 0):
 garbage-first heap   total 266240K, used 33629K [0x0000000700000000, 0x0000000800000000)
  region size 2048K, 15 young (30720K), 2 survivors (4096K)
 Metaspace       used 12339K, committed 12608K, reserved 1114112K
  class space    used 1712K, committed 1856K, reserved 1048576K
}
Event: 1.130 GC heap after
{Heap after GC invocations=2 (full 0):
 garbage-first heap   total 266240K, used 11131K [0x0000000700000000, 0x0000000800000000)
  region size 2048K, 1 young (2048K), 1 survivors (2048K)
 Metaspace       used 12339K, committed 12608K, reserved 1114112K
  class space    used 1712K, committed 1856K, reserved 1048576K
}
Event: 1.729 GC heap before
{Heap before GC invocations=2 (full 0):
 garbage-first heap   total 266240K, used 82811K [0x0000000700000000, 0x0000000800000000)
  region size 2048K, 38 young (77824K), 1 survivors (2048K)
 Metaspace       used 21181K, committed 21504K, reserved 1114112K
  class space    used 2886K, committed 3008K, reserved 1048576K
}
Event: 1.733 GC heap after
{Heap after GC invocations=3 (full 0):
 garbage-first heap   total 266240K, used 16117K [0x0000000700000000, 0x0000000800000000)
  region size 2048K, 4 young (8192K), 4 survivors (8192K)
 Metaspace       used 21181K, committed 21504K, reserved 1114112K
  class space    used 2886K, committed 3008K, reserved 1048576K
}
Event: 2.219 GC heap before
{Heap before GC invocations=4 (full 0):
 garbage-first heap   total 75776K, used 52981K [0x0000000700000000, 0x0000000800000000)
  region size 2048K, 22 young (45056K), 4 survivors (8192K)
 Metaspace       used 24573K, committed 24896K, reserved 1114112K
  class space    used 3444K, committed 3584K, reserved 1048576K
}

Deoptimization events (4 events):
Event: 1.170 Thread 0x00007fea38145c00 DEOPT PACKING pc=0x000000010f6d4f91 sp=0x000070000584c4b0
Event: 1.170 Thread 0x00007fea38145c00 DEOPT UNPACKING pc=0x000000010f21682f sp=0x000070000584b9b0 mode 3
Event: 1.273 Thread 0x00007fea38145c00 DEOPT PACKING pc=0x000000010f7c7655 sp=0x000070000584c9a0
Event: 1.273 Thread 0x00007fea38145c00 DEOPT UNPACKING pc=0x000000010f21682f sp=0x000070000584be68 mode 3

Classes unloaded (0 events):
No events

Classes redefined (0 events):
No events

Internal exceptions (20 events):
Event: 1.051 Thread 0x00007fea38145c00 Exception <a 'java/lang/NoSuchMethodError'{0x000000070ed172d8}: 'void java.lang.invoke.DirectMethodHandle$Holder.invokeStatic(java.lang.Object, java.lang.Object, int)'> (0x000000070ed172d8) 
thrown [open/src/hotspot/share/interpreter/linkResolver.cpp, line 759]
Event: 1.054 Thread 0x00007fea38145c00 Exception <a 'java/lang/NoSuchMethodError'{0x000000070ed300b8}: 'void java.lang.invoke.DirectMethodHandle$Holder.invokeStaticInit(java.lang.Object, java.lang.Object, java.lang.Object)'> (0x000000070ed300b8) 
thrown [open/src/hotspot/share/interpreter/linkResolver.cpp, line 759]
Event: 1.059 Thread 0x00007fea38145c00 Exception <a 'java/lang/NoSuchMethodError'{0x000000070ed81360}: 'java.lang.Object java.lang.invoke.DirectMethodHandle$Holder.invokeStatic(java.lang.Object, java.lang.Object, long, java.lang.Object)'> (0x000000070ed81360) 
thrown [open/src/hotspot/share/interpreter/linkResolver.cpp, line 759]
Event: 1.059 Thread 0x00007fea38145c00 Exception <a 'java/lang/NoSuchMethodError'{0x000000070ed84df8}: 'java.lang.Object java.lang.invoke.DirectMethodHandle$Holder.invokeStaticInit(java.lang.Object, java.lang.Object, long, java.lang.Object)'> (0x000000070ed84df8) 
thrown [open/src/hotspot/share/interpreter/linkResolver.cpp, line 759]
Event: 1.059 Thread 0x00007fea38145c00 Exception <a 'java/lang/NoSuchMethodError'{0x000000070ed8b578}: 'java.lang.Object java.lang.invoke.DirectMethodHandle$Holder.newInvokeSpecial(java.lang.Object, java.lang.Object, long)'> (0x000000070ed8b578) 
thrown [open/src/hotspot/share/interpreter/linkResolver.cpp, line 759]
Event: 1.066 Thread 0x00007fea38145c00 Exception <a 'java/lang/NoSuchMethodError'{0x000000070ea00208}: 'void java.lang.invoke.DirectMethodHandle$Holder.invokeVirtual(java.lang.Object, java.lang.Object, java.lang.Object, java.lang.Object)'> (0x000000070ea00208) 
thrown [open/src/hotspot/share/interpreter/linkResolver.cpp, line 759]
Event: 1.090 Thread 0x00007fea38145c00 Exception <a 'java/lang/NoSuchMethodError'{0x000000070eb79720}: 'void java.lang.invoke.DirectMethodHandle$Holder.invokeSpecial(java.lang.Object, java.lang.Object, java.lang.Object)'> (0x000000070eb79720) 
thrown [open/src/hotspot/share/interpreter/linkResolver.cpp, line 759]
Event: 1.093 Thread 0x00007fea38145c00 Exception <a 'java/lang/IncompatibleClassChangeError'{0x000000070ebce230}: Found class java.lang.Object, but interface was expected> (0x000000070ebce230) 
thrown [open/src/hotspot/share/interpreter/linkResolver.cpp, line 826]
Event: 1.094 Thread 0x00007fea381a2c00 Exception <a 'java/lang/NoClassDefFoundError'{0x000000070ebb3150}: jakarta/validation/Validation> (0x000000070ebb3150) 
thrown [open/src/hotspot/share/classfile/systemDictionary.cpp, line 245]
Event: 1.243 Thread 0x00007fea38145c00 Exception <a 'java/lang/NoSuchMethodError'{0x000000070efa5880}: 'int java.lang.invoke.DirectMethodHandle$Holder.invokeSpecial(java.lang.Object, java.lang.Object, java.lang.Object, java.lang.Object, java.lang.Object)'> (0x000000070efa5880) 
thrown [open/src/hotspot/share/interpreter/linkResolver.cpp, line 759]
Event: 1.244 Thread 0x00007fea38145c00 Exception <a 'java/lang/NoSuchMethodError'{0x000000070efae050}: 'void java.lang.invoke.DirectMethodHandle$Holder.invokeVirtual(java.lang.Object, java.lang.Object)'> (0x000000070efae050) 
thrown [open/src/hotspot/share/interpreter/linkResolver.cpp, line 759]
Event: 1.291 Thread 0x00007fea381a2c00 Exception <a 'java/lang/NoSuchMethodError'{0x000000070e5c9868}: 'long java.lang.invoke.DirectMethodHandle$Holder.invokeSpecial(java.lang.Object, java.lang.Object)'> (0x000000070e5c9868) 
thrown [open/src/hotspot/share/interpreter/linkResolver.cpp, line 759]
Event: 1.292 Thread 0x00007fea381a2c00 Exception <a 'java/lang/NoSuchMethodError'{0x000000070e5d4410}: 'long java.lang.invoke.DirectMethodHandle$Holder.invokeStatic(java.lang.Object, java.lang.Object)'> (0x000000070e5d4410) 
thrown [open/src/hotspot/share/interpreter/linkResolver.cpp, line 759]
Event: 1.292 Thread 0x00007fea381a2c00 Exception <a 'java/lang/NoSuchMethodError'{0x000000070e5d7768}: 'long java.lang.invoke.DirectMethodHandle$Holder.invokeStaticInit(java.lang.Object, java.lang.Object)'> (0x000000070e5d7768) 
thrown [open/src/hotspot/share/interpreter/linkResolver.cpp, line 759]
Event: 1.293 Thread 0x00007fea381a2c00 Exception <a 'java/lang/NoSuchMethodError'{0x000000070e5e5068}: 'long java.lang.invoke.DirectMethodHandle$Holder.invokeInterface(java.lang.Object, java.lang.Object)'> (0x000000070e5e5068) 
thrown [open/src/hotspot/share/interpreter/linkResolver.cpp, line 759]
Event: 1.293 Thread 0x00007fea381a2c00 Exception <a 'java/lang/IncompatibleClassChangeError'{0x000000070e5e8350}: Found class java.lang.Object, but interface was expected> (0x000000070e5e8350) 
thrown [open/src/hotspot/share/interpreter/linkResolver.cpp, line 826]
Event: 1.294 Thread 0x00007fea381a2c00 Exception <a 'java/lang/NoSuchMethodError'{0x000000070e303c78}: 'java.lang.Object java.lang.invoke.DirectMethodHandle$Holder.invokeVirtual(java.lang.Object, java.lang.Object, java.lang.Object, java.lang.Object)'> (0x000000070e303c78) 
thrown [open/src/hotspot/share/interpreter/linkResolver.cpp, line 759]
Event: 1.409 Thread 0x00007fea38145c00 Exception <a 'java/lang/IncompatibleClassChangeError'{0x000000070d29b6a0}: Found class java.lang.Object, but interface was expected> (0x000000070d29b6a0) 
thrown [open/src/hotspot/share/interpreter/linkResolver.cpp, line 826]
Event: 1.556 Thread 0x00007fea3910bc00 Exception <a 'java/lang/reflect/InvocationTargetException'{0x000000070c703770}> (0x000000070c703770) 
thrown [open/src/hotspot/share/runtime/reflection.cpp, line 1121]
Event: 2.059 Thread 0x00007fea3910bc00 Exception <a 'java/lang/reflect/InvocationTargetException'{0x0000000702502360}> (0x0000000702502360) 
thrown [open/src/hotspot/share/runtime/reflection.cpp, line 1121]

VM Operations (20 events):
Event: 1.716 Executing VM operation: HandshakeAllThreads done
Event: 1.729 Executing VM operation: CollectForMetadataAllocation
Event: 1.733 Executing VM operation: CollectForMetadataAllocation done
Event: 1.737 Executing VM operation: G1Concurrent
Event: 1.739 Executing VM operation: G1Concurrent done
Event: 1.740 Executing VM operation: G1Concurrent
Event: 1.740 Executing VM operation: G1Concurrent done
Event: 2.068 Executing VM operation: HandshakeAllThreads
Event: 2.068 Executing VM operation: HandshakeAllThreads done
Event: 2.068 Executing VM operation: HandshakeAllThreads
Event: 2.068 Executing VM operation: HandshakeAllThreads done
Event: 2.072 Executing VM operation: HandshakeAllThreads
Event: 2.072 Executing VM operation: HandshakeAllThreads done
Event: 2.075 Executing VM operation: HandshakeAllThreads
Event: 2.075 Executing VM operation: HandshakeAllThreads done
Event: 2.139 Executing VM operation: ICBufferFull
Event: 2.139 Executing VM operation: ICBufferFull done
Event: 2.149 Executing VM operation: HandshakeAllThreads
Event: 2.149 Executing VM operation: HandshakeAllThreads done
Event: 2.219 Executing VM operation: G1CollectForAllocation

Events (20 events):
Event: 2.072 loading class java/util/Collections$UnmodifiableMap$UnmodifiableEntrySet
Event: 2.072 loading class java/util/Collections$UnmodifiableMap$UnmodifiableEntrySet done
Event: 2.073 loading class java/util/Collections$UnmodifiableMap$UnmodifiableEntrySet$1
Event: 2.073 loading class java/util/Collections$UnmodifiableMap$UnmodifiableEntrySet$1 done
Event: 2.073 loading class java/util/Collections$UnmodifiableMap$UnmodifiableEntrySet$UnmodifiableEntry
Event: 2.073 loading class java/util/Collections$UnmodifiableMap$UnmodifiableEntrySet$UnmodifiableEntry done
Event: 2.132 loading class java/util/stream/Streams$ConcatSpliterator$OfRef
Event: 2.132 loading class java/util/stream/Streams$ConcatSpliterator
Event: 2.132 loading class java/util/stream/Streams$ConcatSpliterator done
Event: 2.132 loading class java/util/stream/Streams$ConcatSpliterator$OfRef done
Event: 2.132 loading class java/util/stream/Streams$2
Event: 2.132 loading class java/util/stream/Streams$2 done
Event: 2.145 loading class java/util/stream/ReferencePipeline$15
Event: 2.146 loading class java/util/stream/ReferencePipeline$15 done
Event: 2.146 loading class java/util/stream/ReferencePipeline$15$1
Event: 2.146 loading class java/util/stream/ReferencePipeline$15$1 done
Event: 2.157 loading class sun/reflect/generics/tree/BooleanSignature
Event: 2.157 loading class sun/reflect/generics/tree/BooleanSignature done
Event: 2.205 loading class java/io/FileFilter
Event: 2.205 loading class java/io/FileFilter done


Dynamic libraries:
0x000000010596a000 	/Library/Java/JavaVirtualMachines/jdk-17.jdk/Contents/Home/lib/libjli.dylib
0x00007ff82736c000 	/usr/lib/libz.1.dylib
0x00007ff82745c000 	/usr/lib/libSystem.B.dylib
0x00007ff827456000 	/usr/lib/system/libcache.dylib
0x00007ff82740e000 	/usr/lib/system/libcommonCrypto.dylib
0x00007ff827438000 	/usr/lib/system/libcompiler_rt.dylib
0x00007ff82742c000 	/usr/lib/system/libcopyfile.dylib
0x00007ff8191be000 	/usr/lib/system/libcorecrypto.dylib
0x00007ff8192b4000 	/usr/lib/system/libdispatch.dylib
0x00007ff819465000 	/usr/lib/system/libdyld.dylib
0x00007ff82744c000 	/usr/lib/system/libkeymgr.dylib
0x00007ff8273ef000 	/usr/lib/system/libmacho.dylib
0x00007ff826768000 	/usr/lib/system/libquarantine.dylib
0x00007ff827449000 	/usr/lib/system/libremovefile.dylib
0x00007ff81ee82000 	/usr/lib/system/libsystem_asl.dylib
0x00007ff819158000 	/usr/lib/system/libsystem_blocks.dylib
0x00007ff8192ff000 	/usr/lib/system/libsystem_c.dylib
0x00007ff827440000 	/usr/lib/system/libsystem_collections.dylib
0x00007ff8256b5000 	/usr/lib/system/libsystem_configuration.dylib
0x00007ff824477000 	/usr/lib/system/libsystem_containermanager.dylib
0x00007ff826fdf000 	/usr/lib/system/libsystem_coreservices.dylib
0x00007ff81c98f000 	/usr/lib/system/libsystem_darwin.dylib
0x00007ffd1f498000 	/usr/lib/system/libsystem_darwindirectory.dylib
0x00007ff82744d000 	/usr/lib/system/libsystem_dnssd.dylib
0x00007ffd1f49c000 	/usr/lib/system/libsystem_eligibility.dylib
0x00007ff8192fc000 	/usr/lib/system/libsystem_featureflags.dylib
0x00007ff81949a000 	/usr/lib/system/libsystem_info.dylib
0x00007ff827380000 	/usr/lib/system/libsystem_m.dylib
0x00007ff819270000 	/usr/lib/system/libsystem_malloc.dylib
0x00007ff81edf3000 	/usr/lib/system/libsystem_networkextension.dylib
0x00007ff81cdcb000 	/usr/lib/system/libsystem_notify.dylib
0x00007ff8256b9000 	/usr/lib/system/libsystem_sandbox.dylib
0x00007ffd1f4a3000 	/usr/lib/system/libsystem_sanitizers.dylib
0x00007ff827445000 	/usr/lib/system/libsystem_secinit.dylib
0x00007ff81941d000 	/usr/lib/system/libsystem_kernel.dylib
0x00007ff819490000 	/usr/lib/system/libsystem_platform.dylib
0x00007ff819459000 	/usr/lib/system/libsystem_pthread.dylib
0x00007ff820b88000 	/usr/lib/system/libsystem_symptoms.dylib
0x00007ff8191a3000 	/usr/lib/system/libsystem_trace.dylib
0x00007ff82741b000 	/usr/lib/system/libunwind.dylib
0x00007ff81915c000 	/usr/lib/system/libxpc.dylib
0x00007ff819088000 	/usr/lib/libobjc.A.dylib
0x00007ff8194c8000 	/System/Library/Frameworks/CoreFoundation.framework/Versions/A/CoreFoundation
0x00007ff82a9fc000 	/usr/lib/swift/libswiftCore.dylib
0x00007ff819405000 	/usr/lib/libc++abi.dylib
0x00007ff827424000 	/usr/lib/liboah.dylib
0x00007ff819388000 	/usr/lib/libc++.1.dylib
0x00007ff81a50d000 	/System/Library/Frameworks/Foundation.framework/Versions/C/Foundation
0x00007ff833557000 	/usr/lib/swift/libswiftObjectiveC.dylib
0x00007ff81cc84000 	/System/Library/PrivateFrameworks/CoreServicesInternal.framework/Versions/A/CoreServicesInternal
0x00007ff82745e000 	/usr/lib/libfakelink.dylib
0x00007ff81c6f0000 	/usr/lib/libicucore.A.dylib
0x00007ff827461000 	/System/Library/PrivateFrameworks/SoftLinking.framework/Versions/A/SoftLinking
0x00007ff82ee0e000 	/System/Library/Frameworks/CoreServices.framework/Versions/A/CoreServices
0x00007ff81c32e000 	/System/Library/Frameworks/Security.framework/Versions/A/Security
0x00007ff81cd05000 	/System/Library/Frameworks/IOKit.framework/Versions/A/IOKit
0x00007ff832bb5000 	/System/Library/PrivateFrameworks/DiskImages.framework/Versions/A/DiskImages
0x00007ff9205c5000 	/System/Library/Frameworks/NetFS.framework/Versions/A/NetFS
0x00007ff81ea52000 	/System/Library/Frameworks/CFNetwork.framework/Versions/A/CFNetwork
0x00007ff822a4c000 	/System/Library/Frameworks/CoreServices.framework/Versions/A/Frameworks/FSEvents.framework/Versions/A/FSEvents
0x00007ff81c99a000 	/System/Library/Frameworks/CoreServices.framework/Versions/A/Frameworks/CarbonCore.framework/Versions/A/CarbonCore
0x00007ff821c86000 	/System/Library/Frameworks/CoreServices.framework/Versions/A/Frameworks/Metadata.framework/Versions/A/Metadata
0x00007ff826fe6000 	/System/Library/Frameworks/CoreServices.framework/Versions/A/Frameworks/OSServices.framework/Versions/A/OSServices
0x00007ff82753a000 	/System/Library/Frameworks/CoreServices.framework/Versions/A/Frameworks/SearchKit.framework/Versions/A/SearchKit
0x00007ff820b08000 	/System/Library/Frameworks/CoreServices.framework/Versions/A/Frameworks/AE.framework/Versions/A/AE
0x00007ff819968000 	/System/Library/Frameworks/CoreServices.framework/Versions/A/Frameworks/LaunchServices.framework/Versions/A/LaunchServices
0x00007ff828a94000 	/System/Library/Frameworks/CoreServices.framework/Versions/A/Frameworks/DictionaryServices.framework/Versions/A/DictionaryServices
0x00007ff822a5a000 	/System/Library/Frameworks/CoreServices.framework/Versions/A/Frameworks/SharedFileList.framework/Versions/A/SharedFileList
0x00007ff81a19b000 	/System/Library/Frameworks/SystemConfiguration.framework/Versions/A/SystemConfiguration
0x00007ff8275bf000 	/usr/lib/libapple_nghttp2.dylib
0x00007ff8275f6000 	/usr/lib/libcompression.dylib
0x00007ff820767000 	/usr/lib/libsqlite3.dylib
0x00007ff821bfb000 	/System/Library/PrivateFrameworks/CoreAnalytics.framework/Versions/A/CoreAnalytics
0x00007ff81f374000 	/System/Library/Frameworks/CoreGraphics.framework/Versions/A/CoreGraphics
0x00007ff82b615000 	/System/Library/Frameworks/GSS.framework/Versions/A/GSS
0x00007ff829f2b000 	/System/Library/PrivateFrameworks/InternationalSupport.framework/Versions/A/InternationalSupport
0x00007ff820aa4000 	/System/Library/PrivateFrameworks/RunningBoardServices.framework/Versions/A/RunningBoardServices
0x00007ff81ee0d000 	/usr/lib/libenergytrace.dylib
0x00007ff820b90000 	/System/Library/Frameworks/Network.framework/Versions/A/Network
0x00007ff821c28000 	/usr/lib/libDiagnosticMessagesClient.dylib
0x00007ff82678d000 	/usr/lib/libbsm.0.dylib
0x00007ff8273f5000 	/usr/lib/system/libkxld.dylib
0x00007ffd1e371000 	/usr/lib/libCoreEntitlements.dylib
0x00007ffc20164000 	/System/Library/PrivateFrameworks/MessageSecurity.framework/Versions/A/MessageSecurity
0x00007ff82074e000 	/System/Library/PrivateFrameworks/ProtocolBuffer.framework/Versions/A/ProtocolBuffer
0x00007ff81ee0e000 	/usr/lib/libMobileGestalt.dylib
0x00007ff826fc5000 	/System/Library/PrivateFrameworks/AppleFSCompression.framework/Versions/A/AppleFSCompression
0x00007ff826775000 	/usr/lib/libcoretls.dylib
0x00007ff828b01000 	/usr/lib/libcoretls_cfhelpers.dylib
0x00007ff8275f0000 	/usr/lib/libpam.2.dylib
0x00007ff828b7b000 	/usr/lib/libxar.1.dylib
0x00007ff822a85000 	/System/Library/PrivateFrameworks/CoreAutoLayout.framework/Versions/A/CoreAutoLayout
0x00007ff821d0d000 	/System/Library/Frameworks/DiskArbitration.framework/Versions/A/DiskArbitration
0x00007ff8274b1000 	/usr/lib/libarchive.2.dylib
0x00007ff822acd000 	/usr/lib/libxml2.2.dylib
0x00007ff8256c6000 	/usr/lib/liblangid.dylib
0x00007ff82cce2000 	/System/Library/Frameworks/Combine.framework/Versions/A/Combine
0x00007ffb2bd2c000 	/System/Library/PrivateFrameworks/CollectionsInternal.framework/Versions/A/CollectionsInternal
0x00007ffc26787000 	/System/Library/PrivateFrameworks/ReflectionInternal.framework/Versions/A/ReflectionInternal
0x00007ffc2720e000 	/System/Library/PrivateFrameworks/RuntimeInternal.framework/Versions/A/RuntimeInternal
0x00007ff92300f000 	/usr/lib/swift/libswiftCoreFoundation.dylib
0x00007ff920a7c000 	/usr/lib/swift/libswiftDarwin.dylib
0x00007ff830acd000 	/usr/lib/swift/libswiftDispatch.dylib
0x00007ff923060000 	/usr/lib/swift/libswiftIOKit.dylib
0x00007ffd1f0d0000 	/usr/lib/swift/libswiftSystem.dylib
0x00007ff923020000 	/usr/lib/swift/libswiftXPC.dylib
0x00007ffd1f148000 	/usr/lib/swift/libswift_Builtin_float.dylib
0x00007ffd1f14b000 	/usr/lib/swift/libswift_Concurrency.dylib
0x00007ffd1f291000 	/usr/lib/swift/libswift_StringProcessing.dylib
0x00007ffd1f32c000 	/usr/lib/swift/libswift_errno.dylib
0x00007ffd1f32e000 	/usr/lib/swift/libswift_math.dylib
0x00007ffd1f331000 	/usr/lib/swift/libswift_signal.dylib
0x00007ffd1f332000 	/usr/lib/swift/libswift_stdio.dylib
0x00007ffd1f333000 	/usr/lib/swift/libswift_time.dylib
0x00007ff83355b000 	/usr/lib/swift/libswiftos.dylib
0x00007ffd1f334000 	/usr/lib/swift/libswiftsys_time.dylib
0x00007ffd1f335000 	/usr/lib/swift/libswiftunistd.dylib
0x00007ff8256c1000 	/System/Library/PrivateFrameworks/AppleSystemInfo.framework/Versions/A/AppleSystemInfo
0x00007ff922f0b000 	/System/Library/PrivateFrameworks/LoggingSupport.framework/Versions/A/LoggingSupport
0x00007ff822c3e000 	/System/Library/PrivateFrameworks/UserManagement.framework/Versions/A/UserManagement
0x00007ff81e97d000 	/usr/lib/libboringssl.dylib
0x00007ff820b78000 	/usr/lib/libdns_services.dylib
0x00007ff92218d000 	/usr/lib/libquic.dylib
0x00007ff82a985000 	/usr/lib/libusrtcp.dylib
0x00007ffd1f009000 	/usr/lib/swift/libswiftDistributed.dylib
0x00007ff81ea51000 	/usr/lib/libnetwork.dylib
0x00007ff82759d000 	/System/Library/PrivateFrameworks/AppleSauce.framework/Versions/A/AppleSauce
0x00007ff81a02c000 	/System/Library/PrivateFrameworks/Lexicon.framework/Versions/A/Lexicon
0x00007ffc1aa86000 	/System/Library/PrivateFrameworks/IO80211.framework/Versions/A/IO80211
0x00007ff830d3e000 	/System/Library/PrivateFrameworks/FrontBoardServices.framework/Versions/A/FrontBoardServices
0x00007ff8266a6000 	/System/Library/Frameworks/SecurityFoundation.framework/Versions/A/SecurityFoundation
0x00007ff8257d6000 	/System/Library/PrivateFrameworks/LinguisticData.framework/Versions/A/LinguisticData
0x00007ff82648f000 	/System/Library/PrivateFrameworks/IOMobileFramebuffer.framework/Versions/A/IOMobileFramebuffer
0x00007ff8244a4000 	/System/Library/Frameworks/IOSurface.framework/Versions/A/IOSurface
0x00007ff8209c1000 	/System/Library/PrivateFrameworks/BaseBoard.framework/Versions/A/BaseBoard
0x00007ff830e0e000 	/System/Library/PrivateFrameworks/BoardServices.framework/Versions/A/BoardServices
0x00007ff826699000 	/System/Library/PrivateFrameworks/AssertionServices.framework/Versions/A/AssertionServices
0x00007ff8329ef000 	/System/Library/PrivateFrameworks/BackBoardServices.framework/Versions/A/BackBoardServices
0x00007ff824e5f000 	/System/Library/Frameworks/ImageIO.framework/Versions/A/ImageIO
0x00007ff81eeb9000 	/System/Library/PrivateFrameworks/SkyLight.framework/Versions/A/SkyLight
0x00007ff8248b2000 	/System/Library/PrivateFrameworks/FontServices.framework/libFontParser.dylib
0x00007ff82f0b5000 	/System/Library/Frameworks/Accelerate.framework/Versions/A/Accelerate
0x00007ff81ee99000 	/System/Library/PrivateFrameworks/TCC.framework/Versions/A/TCC
0x00007ff8362a3000 	/System/Library/PrivateFrameworks/IOSurfaceAccelerator.framework/Versions/A/IOSurfaceAccelerator
0x00007ff8296b3000 	/System/Library/PrivateFrameworks/WatchdogClient.framework/Versions/A/WatchdogClient
0x00007ff81b4f4000 	/System/Library/Frameworks/CoreDisplay.framework/Versions/A/CoreDisplay
0x00007ff824763000 	/System/Library/Frameworks/CoreMedia.framework/Versions/A/CoreMedia
0x00007ff8244bb000 	/System/Library/PrivateFrameworks/IOAccelerator.framework/Versions/A/IOAccelerator
0x00007ff8244c4000 	/System/Library/Frameworks/Metal.framework/Versions/A/Metal
0x00007ff822bad000 	/System/Library/Frameworks/CoreVideo.framework/Versions/A/CoreVideo
0x00007ff8275ee000 	/System/Library/Frameworks/MetalPerformanceShaders.framework/Versions/A/MetalPerformanceShaders
0x00007ff8296b5000 	/System/Library/PrivateFrameworks/MultitouchSupport.framework/Versions/A/MultitouchSupport
0x00007ff8223af000 	/System/Library/Frameworks/QuartzCore.framework/Versions/A/QuartzCore
0x00007ffc25de5000 	/System/Library/PrivateFrameworks/ProDisplayLibrary.framework/Versions/A/ProDisplayLibrary
0x00007ff8296f9000 	/System/Library/Frameworks/VideoToolbox.framework/Versions/A/VideoToolbox
0x00007ff92f616000 	/usr/lib/swift/libswiftMetal.dylib
0x00007ffa1d6ea000 	/usr/lib/swift/libswiftOSLog.dylib
0x00007ff933faa000 	/usr/lib/swift/libswiftQuartzCore.dylib
0x00007ff938438000 	/usr/lib/swift/libswiftUniformTypeIdentifiers.dylib
0x00007ff9267e4000 	/usr/lib/swift/libswiftsimd.dylib
0x00007ff826682000 	/System/Library/PrivateFrameworks/MobileKeyBag.framework/Versions/A/MobileKeyBag
0x00007ff8256c0000 	/System/Library/PrivateFrameworks/AggregateDictionary.framework/Versions/A/AggregateDictionary
0x00007ff828b03000 	/System/Library/PrivateFrameworks/APFS.framework/Versions/A/APFS
0x00007ffb28c43000 	/System/Library/PrivateFrameworks/AppleKeyStore.framework/Versions/A/AppleKeyStore
0x00007ff828b89000 	/usr/lib/libutil.dylib
0x00007ffd1f039000 	/usr/lib/swift/libswiftObservation.dylib
0x00007ff828ae2000 	/usr/lib/liblzma.5.dylib
0x00007ff821d15000 	/System/Library/Frameworks/Accelerate.framework/Versions/A/Frameworks/vImage.framework/Versions/A/vImage
0x00007ff82ede5000 	/System/Library/Frameworks/Accelerate.framework/Versions/A/Frameworks/vecLib.framework/Versions/A/vecLib
0x00007ff828bbe000 	/System/Library/Frameworks/Accelerate.framework/Versions/A/Frameworks/vecLib.framework/Versions/A/libvMisc.dylib
0x00007ff819dc8000 	/System/Library/Frameworks/Accelerate.framework/Versions/A/Frameworks/vecLib.framework/Versions/A/libBLAS.dylib
0x00007ff8330d2000 	/System/Library/Frameworks/ApplicationServices.framework/Versions/A/ApplicationServices
0x00007ff81fc36000 	/System/Library/Frameworks/ColorSync.framework/Versions/A/ColorSync
0x00007ff81b9ce000 	/System/Library/Frameworks/CoreText.framework/Versions/A/CoreText
0x00007ff82b1ff000 	/System/Library/Frameworks/ApplicationServices.framework/Versions/A/Frameworks/ATS.framework/Versions/A/ATS
0x00007ff81fdeb000 	/System/Library/Frameworks/ApplicationServices.framework/Versions/A/Frameworks/HIServices.framework/Versions/A/HIServices
0x00007ff829df4000 	/System/Library/Frameworks/ApplicationServices.framework/Versions/A/Frameworks/PrintCore.framework/Versions/A/PrintCore
0x00007ff82b5df000 	/System/Library/Frameworks/ApplicationServices.framework/Versions/A/Frameworks/QD.framework/Versions/A/QD
0x00007ff82b5d8000 	/System/Library/Frameworks/ApplicationServices.framework/Versions/A/Frameworks/ColorSyncLegacy.framework/Versions/A/ColorSyncLegacy
0x00007ff82b1d5000 	/System/Library/Frameworks/ApplicationServices.framework/Versions/A/Frameworks/SpeechSynthesis.framework/Versions/A/SpeechSynthesis
0x00007ffb3232f000 	/System/Library/PrivateFrameworks/FontServices.framework/Versions/A/FontServices
0x00007ff81e4a5000 	/System/Library/Frameworks/UniformTypeIdentifiers.framework/Versions/A/UniformTypeIdentifiers
0x00007ff829210000 	/System/Library/PrivateFrameworks/OTSVG.framework/Versions/A/OTSVG
0x00007ff82274c000 	/System/Library/Frameworks/ApplicationServices.framework/Versions/A/Frameworks/ATS.framework/Versions/A/Resources/libFontRegistry.dylib
0x00007ff829260000 	/System/Library/PrivateFrameworks/FontServices.framework/libhvf.dylib
0x00007ffc2294e000 	/System/Library/PrivateFrameworks/ParsingInternal.framework/Versions/A/ParsingInternal
0x00007ffd1f054000 	/usr/lib/swift/libswiftRegexBuilder.dylib
0x00007ffd1f1e9000 	/usr/lib/swift/libswift_RegexParser.dylib
0x00007ff829577000 	/System/Library/PrivateFrameworks/AppleJPEG.framework/Versions/A/AppleJPEG
0x00007ff829039000 	/usr/lib/libexpat.1.dylib
0x00007ff829cbd000 	/System/Library/Frameworks/ImageIO.framework/Versions/A/Resources/libPng.dylib
0x00007ff829cea000 	/System/Library/Frameworks/ImageIO.framework/Versions/A/Resources/libTIFF.dylib
0x00007ff829ddf000 	/System/Library/Frameworks/ImageIO.framework/Versions/A/Resources/libGIF.dylib
0x00007ff8295c3000 	/System/Library/Frameworks/ImageIO.framework/Versions/A/Resources/libJP2.dylib
0x00007ff828d33000 	/usr/lib/libate.dylib
0x00007ff829d7f000 	/System/Library/Frameworks/ImageIO.framework/Versions/A/Resources/libJPEG.dylib
0x00007ff829d76000 	/System/Library/Frameworks/ImageIO.framework/Versions/A/Resources/libRadiance.dylib
0x00007ffb3701c000 	/System/Library/PrivateFrameworks/GPUCompiler.framework/Versions/32023/Libraries/libllvm-flatbuffers.dylib
0x00007ffb323f5000 	/System/Library/PrivateFrameworks/FramePacing.framework/Versions/A/FramePacing
0x00007ffb1ad51000 	/System/Library/Frameworks/OpenGL.framework/Versions/A/Libraries/libCoreFSCache.dylib
0x00007ffb32fd4000 	/System/Library/PrivateFrameworks/GPUCompiler.framework/Versions/32023/Libraries/libGPUCompilerUtils.dylib
0x00007ffb32330000 	/System/Library/PrivateFrameworks/FontServices.framework/libXTFontStaticRegistryData.dylib
0x00007ff8251e8000 	/System/Library/Frameworks/CoreImage.framework/Versions/A/CoreImage
0x00007ffa20c9c000 	/System/Library/PrivateFrameworks/Symbolication.framework/Versions/A/Symbolication
0x00007ffc25215000 	/System/Library/PrivateFrameworks/PhotosensitivityProcessing.framework/Versions/A/PhotosensitivityProcessing
0x00007ffb1ad5d000 	/System/Library/Frameworks/OpenGL.framework/Versions/A/OpenGL
0x00007ffb1c33b000 	/System/Library/Frameworks/OpenCL.framework/Versions/A/OpenCL
0x00007ff829201000 	/System/Library/PrivateFrameworks/GraphVisualizer.framework/Versions/A/GraphVisualizer
0x00007ffb1adae000 	/System/Library/Frameworks/OpenGL.framework/Versions/A/Libraries/libGLU.dylib
0x00007ffb1ad70000 	/System/Library/Frameworks/OpenGL.framework/Versions/A/Libraries/libGFXShared.dylib
0x00007ffb1af6a000 	/System/Library/Frameworks/OpenGL.framework/Versions/A/Libraries/libGL.dylib
0x00007ffb1ad79000 	/System/Library/Frameworks/OpenGL.framework/Versions/A/Libraries/libGLImage.dylib
0x00007ffb1ad6d000 	/System/Library/Frameworks/OpenGL.framework/Versions/A/Libraries/libCVMSPluginSupport.dylib
0x00007ffd1e4a0000 	/usr/lib/libRosetta.dylib
0x00007ffb1ad58000 	/System/Library/Frameworks/OpenGL.framework/Versions/A/Libraries/libCoreVMClient.dylib
0x00007ff8255fa000 	/System/Library/Frameworks/MetalPerformanceShaders.framework/Versions/A/Frameworks/MPSCore.framework/Versions/A/MPSCore
0x00007ff826f1f000 	/System/Library/Frameworks/MetalPerformanceShaders.framework/Versions/A/Frameworks/MPSImage.framework/Versions/A/MPSImage
0x00007ff82680b000 	/System/Library/Frameworks/MetalPerformanceShaders.framework/Versions/A/Frameworks/MPSNeuralNetwork.framework/Versions/A/MPSNeuralNetwork
0x00007ff826d64000 	/System/Library/Frameworks/MetalPerformanceShaders.framework/Versions/A/Frameworks/MPSMatrix.framework/Versions/A/MPSMatrix
0x00007ff826b1b000 	/System/Library/Frameworks/MetalPerformanceShaders.framework/Versions/A/Frameworks/MPSRayIntersector.framework/Versions/A/MPSRayIntersector
0x00007ff826da3000 	/System/Library/Frameworks/MetalPerformanceShaders.framework/Versions/A/Frameworks/MPSNDArray.framework/Versions/A/MPSNDArray
0x00007ffb20ad9000 	/System/Library/Frameworks/MetalPerformanceShaders.framework/Versions/A/Frameworks/MPSFunctions.framework/Versions/A/MPSFunctions
0x00007ffb20abc000 	/System/Library/Frameworks/MetalPerformanceShaders.framework/Versions/A/Frameworks/MPSBenchmarkLoop.framework/Versions/A/MPSBenchmarkLoop
0x00007ff819c42000 	/System/Library/PrivateFrameworks/MetalTools.framework/Versions/A/MetalTools
0x00007ff927cbb000 	/System/Library/PrivateFrameworks/IOAccelMemoryInfo.framework/Versions/A/IOAccelMemoryInfo
0x00007ff9343ac000 	/System/Library/PrivateFrameworks/kperf.framework/Versions/A/kperf
0x00007ff922fee000 	/System/Library/PrivateFrameworks/GPURawCounter.framework/Versions/A/GPURawCounter
0x00007ff831267000 	/System/Library/PrivateFrameworks/CoreSymbolication.framework/Versions/A/CoreSymbolication
0x00007ff922f8d000 	/System/Library/PrivateFrameworks/MallocStackLogging.framework/Versions/A/MallocStackLogging
0x00007ff828dd3000 	/System/Library/PrivateFrameworks/CrashReporterSupport.framework/Versions/A/CrashReporterSupport
0x00007ff831228000 	/System/Library/PrivateFrameworks/DebugSymbols.framework/Versions/A/DebugSymbols
0x00007ff933642000 	/System/Library/PrivateFrameworks/OSAnalytics.framework/Versions/A/OSAnalytics
0x00007ff829db0000 	/System/Library/Frameworks/ApplicationServices.framework/Versions/A/Frameworks/ATSUI.framework/Versions/A/ATSUI
0x00007ff82b56a000 	/usr/lib/libcups.2.dylib
0x00007ff82b606000 	/System/Library/Frameworks/Kerberos.framework/Versions/A/Kerberos
0x00007ff82b278000 	/usr/lib/libresolv.9.dylib
0x00007ff827498000 	/usr/lib/libiconv.2.dylib
0x00007ff829272000 	/System/Library/PrivateFrameworks/Heimdal.framework/Versions/A/Heimdal
0x00007ff8334b3000 	/System/Library/Frameworks/Kerberos.framework/Versions/A/Libraries/libHeimdalProxy.dylib
0x00007ff829054000 	/usr/lib/libheimdal-asn1.dylib
0x00007ff822a24000 	/System/Library/Frameworks/OpenDirectory.framework/Versions/A/OpenDirectory
0x00007ff82b663000 	/System/Library/PrivateFrameworks/CommonAuth.framework/Versions/A/CommonAuth
0x00007ff822a30000 	/System/Library/Frameworks/OpenDirectory.framework/Versions/A/Frameworks/CFOpenDirectory.framework/Versions/A/CFOpenDirectory
0x00007ff8273ee000 	/usr/lib/libcharset.1.dylib
0x00007ffb1ddcf000 	/System/Library/Frameworks/AVFAudio.framework/Versions/A/AVFAudio
0x00007ff91d586000 	/System/Library/PrivateFrameworks/AXCoreUtilities.framework/Versions/A/AXCoreUtilities
0x00007ff82afcb000 	/System/Library/Frameworks/AudioToolbox.framework/Versions/A/AudioToolbox
0x00007ff81bbef000 	/System/Library/Frameworks/CoreAudio.framework/Versions/A/CoreAudio
0x00007ffc1d3a1000 	/System/Library/PrivateFrameworks/IsolatedCoreAudioClient.framework/Versions/A/IsolatedCoreAudioClient
0x00007ff82b1bd000 	/usr/lib/libAudioStatistics.dylib
0x00007ff82473f000 	/System/Library/PrivateFrameworks/caulk.framework/Versions/A/caulk
0x00007ff81b61f000 	/System/Library/PrivateFrameworks/AudioToolboxCore.framework/Versions/A/AudioToolboxCore
0x00007ff835854000 	/System/Library/Frameworks/CoreMIDI.framework/Versions/A/CoreMIDI
0x00007ff82b164000 	/System/Library/PrivateFrameworks/AudioSession.framework/Versions/A/AudioSession
0x00007ff82ca95000 	/System/Library/Frameworks/IOBluetooth.framework/Versions/A/IOBluetooth
0x00007ff82913a000 	/System/Library/PrivateFrameworks/MediaExperience.framework/Versions/A/MediaExperience
0x00007ffc31970000 	/System/Library/PrivateFrameworks/Tightbeam.framework/Versions/A/Tightbeam
0x00007ff938a6b000 	/System/Library/PrivateFrameworks/AFKUser.framework/Versions/A/AFKUser
0x00007ff829255000 	/System/Library/PrivateFrameworks/AppServerSupport.framework/Versions/A/AppServerSupport
0x00007ff82b5ea000 	/System/Library/PrivateFrameworks/perfdata.framework/Versions/A/perfdata
0x00007ff922277000 	/System/Library/PrivateFrameworks/SystemPolicy.framework/Versions/A/SystemPolicy
0x00007ff82b48a000 	/usr/lib/libSMC.dylib
0x00007ff829c88000 	/usr/lib/libAudioToolboxUtility.dylib
0x00007ff82b5f7000 	/usr/lib/libperfcheck.dylib
0x00007ffb291e5000 	/System/Library/PrivateFrameworks/AudioAnalytics.framework/Versions/A/AudioAnalytics
0x00007ffa2b674000 	/System/Library/PrivateFrameworks/FeatureFlags.framework/Versions/A/FeatureFlags
0x00007ffa24a9b000 	/System/Library/Frameworks/OSLog.framework/Versions/A/OSLog
0x00007ff826fd0000 	/usr/lib/libbz2.1.0.dylib
0x00007ff922fbc000 	/usr/lib/libmis.dylib
0x00007ff82af8b000 	/System/Library/PrivateFrameworks/AudioSession.framework/libSessionUtility.dylib
0x00007ff829de5000 	/System/Library/PrivateFrameworks/CMCaptureCore.framework/Versions/A/CMCaptureCore
0x00007ff82926c000 	/usr/lib/libspindump.dylib
0x00007ffb1f26c000 	/System/Library/Frameworks/ExtensionFoundation.framework/Versions/A/ExtensionFoundation
0x00007ff831377000 	/System/Library/PrivateFrameworks/CoreTime.framework/Versions/A/CoreTime
0x00007ff828f2b000 	/System/Library/PrivateFrameworks/PlugInKit.framework/Versions/A/PlugInKit
0x00007ff82fc9f000 	/System/Library/PrivateFrameworks/PowerLog.framework/Versions/A/PowerLog
0x00007ff82fbb1000 	/System/Library/Frameworks/CoreBluetooth.framework/Versions/A/CoreBluetooth
0x00007ff8334b4000 	/System/Library/Frameworks/AudioUnit.framework/Versions/A/AudioUnit
0x00007ff826519000 	/System/Library/PrivateFrameworks/CoreUtils.framework/Versions/A/CoreUtils
0x00007ffb2f80c000 	/System/Library/PrivateFrameworks/CoreUtilsExtras.framework/Versions/A/CoreUtilsExtras
0x00007ff82f101000 	/System/Library/Frameworks/MediaAccessibility.framework/Versions/A/MediaAccessibility
0x00007ff92ade8000 	/System/Library/PrivateFrameworks/AttributeGraph.framework/Versions/A/AttributeGraph
0x00007ffd1e1af000 	/usr/lib/libAXSafeCategoryBundle.dylib
0x00007ff91d627000 	/usr/lib/libAccessibility.dylib
0x00007ff82628c000 	/System/Library/Frameworks/Accelerate.framework/Versions/A/Frameworks/vecLib.framework/Versions/A/libvDSP.dylib
0x00007ff8276da000 	/System/Library/Frameworks/Accelerate.framework/Versions/A/Frameworks/vecLib.framework/Versions/A/libLAPACK.dylib
0x00007ff8267f5000 	/System/Library/Frameworks/Accelerate.framework/Versions/A/Frameworks/vecLib.framework/Versions/A/libLinearAlgebra.dylib
0x00007ff8275da000 	/System/Library/Frameworks/Accelerate.framework/Versions/A/Frameworks/vecLib.framework/Versions/A/libSparseBLAS.dylib
0x00007ff8276d4000 	/System/Library/Frameworks/Accelerate.framework/Versions/A/Frameworks/vecLib.framework/Versions/A/libQuadrature.dylib
0x00007ff8257dc000 	/System/Library/Frameworks/Accelerate.framework/Versions/A/Frameworks/vecLib.framework/Versions/A/libBNNS.dylib
0x00007ff81a124000 	/System/Library/Frameworks/Accelerate.framework/Versions/A/Frameworks/vecLib.framework/Versions/A/libSparse.dylib
0x00007ffc1e50e000 	/System/Library/PrivateFrameworks/MIL.framework/Versions/A/MIL
0x00007ff829d6f000 	/System/Library/PrivateFrameworks/GPUWrangler.framework/Versions/A/GPUWrangler
0x00007ff829d53000 	/System/Library/PrivateFrameworks/IOPresentment.framework/Versions/A/IOPresentment
0x00007ff829d79000 	/System/Library/PrivateFrameworks/DSExternalDisplay.framework/Versions/A/DSExternalDisplay
0x00007ffa24e92000 	/System/Library/PrivateFrameworks/HIDDisplay.framework/Versions/A/HIDDisplay
0x00007ff91c3ae000 	/System/Library/PrivateFrameworks/HID.framework/Versions/A/HID
0x00007ffc34b9b000 	/System/Library/PrivateFrameworks/VideoToolboxParavirtualizationSupport.framework/Versions/A/VideoToolboxParavirtualizationSupport
0x00007ff828feb000 	/System/Library/PrivateFrameworks/AppleVA.framework/Versions/A/AppleVA
0x00007ff830eb6000 	/System/Library/PrivateFrameworks/GraphicsServices.framework/Versions/A/GraphicsServices
0x00007ff8202be000 	/System/Library/Frameworks/CoreData.framework/Versions/A/CoreData
0x00007ff82b7c4000 	/System/Library/PrivateFrameworks/CorePhoneNumbers.framework/Versions/A/CorePhoneNumbers
0x00007ff82fd7f000 	/System/Library/PrivateFrameworks/MediaKit.framework/Versions/A/MediaKit
0x00007ff82fcd9000 	/System/Library/Frameworks/DiscRecording.framework/Versions/A/DiscRecording
0x00007ff8256c8000 	/System/Library/PrivateFrameworks/CoreNLP.framework/Versions/A/CoreNLP
0x00007ff82679d000 	/usr/lib/libmecab.dylib
0x00007ff81a221000 	/usr/lib/libCRFSuite.dylib
0x00007ff8267f2000 	/usr/lib/libgermantok.dylib
0x00007ff827595000 	/usr/lib/libThaiTokenizer.dylib
0x00007ffb1eca4000 	/System/Library/Frameworks/CoreTransferable.framework/Versions/A/CoreTransferable
0x00007ff82b5cd000 	/System/Library/PrivateFrameworks/NetAuth.framework/Versions/A/NetAuth
0x00007ff8290a7000 	/System/Library/PrivateFrameworks/IconServices.framework/Versions/A/IconServices
0x00007ff822c01000 	/System/Library/PrivateFrameworks/login.framework/Versions/A/Frameworks/loginsupport.framework/Versions/A/loginsupport
0x00007ff92305f000 	/usr/lib/swift/libswiftCoreImage.dylib
0x00007ff82905d000 	/System/Library/PrivateFrameworks/IconFoundation.framework/Versions/A/IconFoundation
0x00007ff822798000 	/System/Library/PrivateFrameworks/CoreUI.framework/Versions/A/CoreUI
0x00007ff829e67000 	/System/Library/PrivateFrameworks/TextureIO.framework/Versions/A/TextureIO
0x00007ff824e27000 	/System/Library/PrivateFrameworks/CoreSVG.framework/Versions/A/CoreSVG
0x00007ff938447000 	/usr/lib/swift/libswiftAccelerate.dylib
0x00007ff828dca000 	/usr/lib/libIOReport.dylib
0x00007ff81e2d1000 	/System/Library/PrivateFrameworks/UIFoundation.framework/Versions/A/UIFoundation
0x00007ff82676b000 	/usr/lib/libCheckFix.dylib
0x00007ff821c2a000 	/System/Library/PrivateFrameworks/MetadataUtilities.framework/Versions/A/MetadataUtilities
0x00007ffc1b02a000 	/System/Library/PrivateFrameworks/InstalledContentLibrary.framework/Versions/A/InstalledContentLibrary
0x00007ff81ccc5000 	/System/Library/PrivateFrameworks/CoreServicesStore.framework/Versions/A/CoreServicesStore
0x00007ff822a82000 	/usr/lib/libapp_launch_measurement.dylib
0x00007ffb28e7c000 	/System/Library/PrivateFrameworks/AppleMobileFileIntegrity.framework/Versions/A/AppleMobileFileIntegrity
0x00007ff9344a0000 	/System/Library/PrivateFrameworks/MobileSystemServices.framework/Versions/A/MobileSystemServices
0x00007ffa32f84000 	/System/Library/PrivateFrameworks/ConfigProfileHelper.framework/Versions/A/ConfigProfileHelper
0x00007ff828b8d000 	/usr/lib/libxslt.1.dylib
0x00007ff826730000 	/System/Library/PrivateFrameworks/BackgroundTaskManagement.framework/Versions/A/BackgroundTaskManagement
0x00007ffd1e4e5000 	/usr/lib/libTLE.dylib
0x00007ff832d63000 	/usr/lib/libcurl.4.dylib
0x00007ffd1e879000 	/usr/lib/libcrypto.46.dylib
0x00007ffd1ede9000 	/usr/lib/libssl.48.dylib
0x00007ff832a47000 	/System/Library/Frameworks/LDAP.framework/Versions/A/LDAP
0x00007ff832a82000 	/System/Library/PrivateFrameworks/TrustEvaluationAgent.framework/Versions/A/TrustEvaluationAgent
0x00007ff82b291000 	/usr/lib/libsasl2.2.dylib
0x00007ff835a44000 	/System/Library/Frameworks/Cocoa.framework/Versions/A/Cocoa
0x00007ff81ce36000 	/System/Library/Frameworks/AppKit.framework/Versions/C/AppKit
0x00007ffb2bd05000 	/System/Library/PrivateFrameworks/CollectionViewCore.framework/Versions/A/CollectionViewCore
0x00007ff82e9e6000 	/System/Library/PrivateFrameworks/RemoteViewServices.framework/Versions/A/RemoteViewServices
0x00007ff824e22000 	/System/Library/PrivateFrameworks/XCTTargetBootstrap.framework/Versions/A/XCTTargetBootstrap
0x00007ff829f82000 	/System/Library/PrivateFrameworks/UserActivity.framework/Versions/A/UserActivity
0x00007ffc333fa000 	/System/Library/PrivateFrameworks/UIIntelligenceSupport.framework/Versions/A/UIIntelligenceSupport
0x00007ffc37a82000 	/System/Library/PrivateFrameworks/WritingTools.framework/Versions/A/WritingTools
0x00007ffc36bd8000 	/System/Library/PrivateFrameworks/WindowManagement.framework/Versions/A/WindowManagement
0x00007ff824e0f000 	/System/Library/PrivateFrameworks/DFRFoundation.framework/Versions/A/DFRFoundation
0x00007ff829f3b000 	/System/Library/PrivateFrameworks/DataDetectorsCore.framework/Versions/A/DataDetectorsCore
0x00007ff92688b000 	/System/Library/PrivateFrameworks/TextInput.framework/Versions/A/TextInput
0x00007ff824b33000 	/System/Library/Frameworks/Carbon.framework/Versions/A/Frameworks/HIToolbox.framework/Versions/A/HIToolbox
0x00007ff82ea1d000 	/System/Library/Frameworks/Carbon.framework/Versions/A/Frameworks/SpeechRecognition.framework/Versions/A/SpeechRecognition
0x00007ff91b754000 	/System/Library/PrivateFrameworks/RenderBox.framework/Versions/A/RenderBox
0x00007ff822a19000 	/System/Library/PrivateFrameworks/PerformanceAnalysis.framework/Versions/A/PerformanceAnalysis
0x00007ff82ed8a000 	/System/Library/Frameworks/Accessibility.framework/Versions/A/Accessibility
0x00007ffb1f14d000 	/System/Library/Frameworks/DeveloperToolsSupport.framework/Versions/A/DeveloperToolsSupport
0x00007ffb244ae000 	/System/Library/Frameworks/Symbols.framework/Versions/A/Symbols
0x00007ff82ea0d000 	/System/Library/PrivateFrameworks/SpeechRecognitionCore.framework/Versions/A/SpeechRecognitionCore
0x00000001069b0000 	/Library/Java/JavaVirtualMachines/jdk-17.jdk/Contents/Home/lib/server/libjvm.dylib
0x00000001059a4000 	/Library/Java/JavaVirtualMachines/jdk-17.jdk/Contents/Home/lib/libjimage.dylib
0x0000000105a32000 	/Library/Java/JavaVirtualMachines/jdk-17.jdk/Contents/Home/lib/libjava.dylib
0x0000000106347000 	/Library/Java/JavaVirtualMachines/jdk-17.jdk/Contents/Home/lib/libnio.dylib
0x0000000106363000 	/Library/Java/JavaVirtualMachines/jdk-17.jdk/Contents/Home/lib/libnet.dylib
0x0000000105a1b000 	/Library/Java/JavaVirtualMachines/jdk-17.jdk/Contents/Home/lib/libzip.dylib
0x0000000106383000 	/Library/Java/JavaVirtualMachines/jdk-17.jdk/Contents/Home/lib/libmanagement.dylib
0x0000000106393000 	/Library/Java/JavaVirtualMachines/jdk-17.jdk/Contents/Home/lib/libmanagement_ext.dylib
0x00000001063a3000 	/Library/Java/JavaVirtualMachines/jdk-17.jdk/Contents/Home/lib/libextnet.dylib


VM Arguments:
jvm_args: -Dcom.sun.management.jmxremote -Dcom.sun.management.jmxremote.port=49430 -Dcom.sun.management.jmxremote.authenticate=false -Dcom.sun.management.jmxremote.ssl=false -Djava.rmi.server.hostname=localhost -Dspring.jmx.enabled=true -Dmanagement.endpoints.jmx.exposure.include=* -Dspring.application.admin.enabled=true -Djava.security.egd=file:/dev/./urandom -XX:TieredStopAtLevel=1 -Dspring.boot.project.name=BeyazEvimBackend -Dfile.encoding=UTF-8 -Dstdout.encoding=UTF-8 -Dstderr.encoding=UTF-8 -XX:+ShowCodeDetailsInExceptionMessages 
java_command: com.ardakkan.backend.BeyazEvimBackendApplication --spring.output.ansi.enabled=always
java_class_path (initial): /Users/ardaakkan/Documents/workspace-spring-tool-suite-4-4.20.0.RELEASE/BeyazEvimBackend/target/classes:/Users/ardaakkan/.m2/repository/org/springframework/boot/spring-boot-starter-actuator/3.3.4/spring-boot-starter-actuator-3.3.4.jar:/Users/ardaakkan/.m2/repository/org/springframework/boot/spring-boot-starter/3.3.4/spring-boot-starter-3.3.4.jar:/Users/ardaakkan/.m2/repository/org/springframework/boot/spring-boot-starter-logging/3.3.4/spring-boot-starter-logging-3.3.4.jar:/Users/ardaakkan/.m2/repository/ch/qos/logback/logback-classic/1.5.8/logback-classic-1.5.8.jar:/Users/ardaakkan/.m2/repository/ch/qos/logback/logback-core/1.5.8/logback-core-1.5.8.jar:/Users/ardaakkan/.m2/repository/org/apache/logging/log4j/log4j-to-slf4j/2.23.1/log4j-to-slf4j-2.23.1.jar:/Users/ardaakkan/.m2/repository/org/apache/logging/log4j/log4j-api/2.23.1/log4j-api-2.23.1.jar:/Users/ardaakkan/.m2/repository/org/slf4j/jul-to-slf4j/2.0.16/jul-to-slf4j-2.0.16.jar:/Users/ardaakkan/.m2/repository/jakarta/annotation/jakarta.annotation-api/2.1.1/jakarta.annotation-api-2.1.1.jar:/Users/ardaakkan/.m2/repository/org/yaml/snakeyaml/2.2/snakeyaml-2.2.jar:/Users/ardaakkan/.m2/repository/org/springframework/boot/spring-boot-actuator-autoconfigure/3.3.4/spring-boot-actuator-autoconfigure-3.3.4.jar:/Users/ardaakkan/.m2/repository/org/springframework/boot/spring-boot-actuator/3.3.4/spring-boot-actuator-3.3.4.jar:/Users/ardaakkan/.m2/repository/com/fasterxml/jackson/datatype/jackson-datatype-jsr310/2.17.2/jackson-datatype-jsr310-2.17.2.jar:/Users/ardaakkan/.m2/repository/io/micrometer/micrometer-observation/1.13.4/micrometer-observation-1.13.4.jar:/Users/ardaakkan/.m2/repository/io/micrometer/micrometer-commons/1.13.4/micrometer-commons-1.13.4.jar:/Users/ardaakkan/.m2/repository/io/micrometer/micrometer-jakarta9/1.13.4/micrometer-jakarta9-1.13.4.jar:/Users/ardaakkan/.m2/repository/io/micrometer/micrometer-core/1.13.4/micrometer-core-1.13.4.jar:/Users/ardaakkan/.m2/repository/org/hdr
Launcher Type: SUN_STANDARD

[Global flags]
     intx CICompilerCount                          = 4                                         {product} {ergonomic}
     uint ConcGCThreads                            = 3                                         {product} {ergonomic}
     uint G1ConcRefinementThreads                  = 10                                        {product} {ergonomic}
   size_t G1HeapRegionSize                         = 2097152                                   {product} {ergonomic}
    uintx GCDrainStackTargetSize                   = 64                                        {product} {ergonomic}
   size_t InitialHeapSize                          = 268435456                                 {product} {ergonomic}
     bool ManagementServer                         = true                                      {product} {command line}
   size_t MarkStackSize                            = 4194304                                   {product} {ergonomic}
   size_t MaxHeapSize                              = 4294967296                                {product} {ergonomic}
   size_t MaxNewSize                               = 2575302656                                {product} {ergonomic}
   size_t MinHeapDeltaBytes                        = 2097152                                   {product} {ergonomic}
   size_t MinHeapSize                              = 8388608                                   {product} {ergonomic}
    uintx NonProfiledCodeHeapSize                  = 0                                      {pd product} {ergonomic}
     bool ProfileInterpreter                       = false                                  {pd product} {command line}
    uintx ProfiledCodeHeapSize                     = 0                                      {pd product} {ergonomic}
     bool ShowCodeDetailsInExceptionMessages       = true                                   {manageable} {command line}
   size_t SoftMaxHeapSize                          = 4294967296                             {manageable} {ergonomic}
     intx TieredStopAtLevel                        = 1                                         {product} {command line}
     bool UseCompressedClassPointers               = true                           {product lp64_product} {ergonomic}
     bool UseCompressedOops                        = true                           {product lp64_product} {ergonomic}
     bool UseG1GC                                  = true                                      {product} {ergonomic}
     bool UseNUMA                                  = false                                     {product} {ergonomic}
     bool UseNUMAInterleaving                      = false                                     {product} {ergonomic}

Logging:
Log output configuration:
 #0: stdout all=warning uptime,level,tags
 #1: stderr all=off uptime,level,tags

Environment Variables:
PATH=/usr/bin:/bin:/usr/sbin:/sbin
SHELL=/bin/zsh

Signal Handlers:
   SIGSEGV: crash_handler in libjvm.dylib, mask=11100110000111110111111111111111, flags=SA_RESTART|SA_SIGINFO
    SIGBUS: crash_handler in libjvm.dylib, mask=11100110000111110111111111111111, flags=SA_RESTART|SA_SIGINFO
    SIGFPE: crash_handler in libjvm.dylib, mask=11100110000111110111111111111111, flags=SA_RESTART|SA_SIGINFO
   SIGPIPE: javaSignalHandler in libjvm.dylib, mask=11100110000111110111111111111111, flags=SA_RESTART|SA_SIGINFO
   SIGXFSZ: javaSignalHandler in libjvm.dylib, mask=11100110000111110111111111111111, flags=SA_RESTART|SA_SIGINFO
    SIGILL: crash_handler in libjvm.dylib, mask=11100110000111110111111111111111, flags=SA_RESTART|SA_SIGINFO
   SIGUSR2: SR_handler in libjvm.dylib, mask=00100000000000000000000000000000, flags=SA_RESTART|SA_SIGINFO
    SIGHUP: UserHandler in libjvm.dylib, mask=11100110000111110111111111111111, flags=SA_RESTART|SA_SIGINFO
    SIGINT: UserHandler in libjvm.dylib, mask=11100110000111110111111111111111, flags=SA_RESTART|SA_SIGINFO
   SIGTERM: UserHandler in libjvm.dylib, mask=11100110000111110111111111111111, flags=SA_RESTART|SA_SIGINFO
   SIGQUIT: UserHandler in libjvm.dylib, mask=11100110000111110111111111111111, flags=SA_RESTART|SA_SIGINFO
   SIGTRAP: crash_handler in libjvm.dylib, mask=11100110000111110111111111111111, flags=SA_RESTART|SA_SIGINFO


---------------  S Y S T E M  ---------------

OS:
uname: Darwin 24.0.0 Darwin Kernel Version 24.0.0: Tue Sep 24 23:36:30 PDT 2024; root:xnu-11215.1.12~1/RELEASE_X86_64 x86_64
OS uptime: 0 days 0:58 hours
rlimit (soft/hard): STACK 8192k/65532k , CORE 0k/infinity , NPROC 2784/4176 , NOFILE 10240/infinity , AS infinity/infinity , CPU infinity/infinity , DATA infinity/infinity , FSIZE infinity/infinity , MEMLOCK infinity/infinity , RSS infinity/infinity
load average: 2.74 2.25 2.29

CPU: total 12 (initial active 12) (6 cores per cpu, 2 threads per core) family 6 model 158 stepping 10 microcode 0xf8, cx8, cmov, fxsr, ht, mmx, 3dnowpref, sse, sse2, sse3, ssse3, sse4.1, sse4.2, popcnt, lzcnt, tsc, tscinvbit, avx, avx2, aes, erms, clmul, bmi1, bmi2, adx, fma, vzeroupper, clflush, clflushopt

Memory: 4k page, physical 16777216k(614176k free), swap 0k(0k free)

vm_info: Java HotSpot(TM) 64-Bit Server VM (17.0.8+9-LTS-211) for bsd-amd64 JRE (17.0.8+9-LTS-211), built on Jun 14 2023 09:35:19 by "mach5one" with clang Apple LLVM 12.0.0 (clang-1200.0.32.29)

END.
