#
# A fatal error has been detected by the Java Runtime Environment:
#
#  SIGSEGV (0xb) at pc=0x0000000107108cd3, pid=13452, tid=42499
#
# JRE version: Java(TM) SE Runtime Environment (17.0.8+9) (build 17.0.8+9-LTS-211)
# Java VM: Java HotSpot(TM) 64-Bit Server VM (17.0.8+9-LTS-211, mixed mode, emulated-client, sharing, tiered, compressed oops, compressed class ptrs, g1 gc, bsd-amd64)
# Problematic frame:
# V  [libjvm.dylib+0x449cd3]  void G1ParScanThreadState::do_oop_evac<narrowOop>(narrowOop*)+0x53
#
# No core dump will be written. Core dumps have been disabled. To enable core dumping, try "ulimit -c unlimited" before starting Java again
#
# If you would like to submit a bug report, please visit:
#   https://bugreport.java.com/bugreport/crash.jsp
#

---------------  S U M M A R Y ------------

Command Line: -Dcom.sun.management.jmxremote -Dcom.sun.management.jmxremote.port=54042 -Dcom.sun.management.jmxremote.authenticate=false -Dcom.sun.management.jmxremote.ssl=false -Djava.rmi.server.hostname=localhost -Dspring.jmx.enabled=true -Dmanagement.endpoints.jmx.exposure.include=* -Dspring.application.admin.enabled=true -Djava.security.egd=file:/dev/./urandom -XX:TieredStopAtLevel=1 -Dspring.boot.project.name=BeyazEvimBackend -Dfile.encoding=UTF-8 -Dstdout.encoding=UTF-8 -Dstderr.encoding=UTF-8 -XX:+ShowCodeDetailsInExceptionMessages com.ardakkan.backend.BeyazEvimBackendApplication --spring.output.ansi.enabled=always

Host: "MacBookPro16,1" x86_64 2600 MHz, 12 cores, 16G, Darwin 24.0.0, macOS 15.0.1 (24A348)
Time: Wed Nov  6 16:26:21 2024 +03 elapsed time: 1.371141 seconds (0d 0h 0m 1s)

---------------  T H R E A D  ---------------

Current thread (0x00007faee620f110):  GCTaskThread "GC Thread#5" [stack: 0x000070000a237000,0x000070000a337000] [id=42499]

Stack: [0x000070000a237000,0x000070000a337000],  sp=0x000070000a336b30,  free space=1022k
Native frames: (J=compiled Java code, j=interpreted, Vv=VM code, C=native code)
V  [libjvm.dylib+0x449cd3]  void G1ParScanThreadState::do_oop_evac<narrowOop>(narrowOop*)+0x53
V  [libjvm.dylib+0x447fbe]  G1ParScanThreadState::trim_queue_to_threshold(unsigned int)+0x19e
V  [libjvm.dylib+0x462bed]  void G1ParCopyClosure<(G1Barrier)1, false>::do_oop_work<oopDesc*>(oopDesc**)+0x26d
V  [libjvm.dylib+0x2e4b4a]  ClassLoaderData::oops_do(OopClosure*, int, bool)+0xda
V  [libjvm.dylib+0x44652f]  G1CLDScanClosure::do_cld(ClassLoaderData*)+0x3f
V  [libjvm.dylib+0x2e72b2]  ClassLoaderDataGraph::roots_cld_do(CLDClosure*, CLDClosure*)+0x42
V  [libjvm.dylib+0x464aa1]  G1RootProcessor::process_java_roots(G1RootClosures*, G1GCPhaseTimes*, unsigned int)+0xc1
V  [libjvm.dylib+0x46495c]  G1RootProcessor::evacuate_roots(G1ParScanThreadState*, unsigned int)+0x5c
V  [libjvm.dylib+0x41050f]  G1EvacuateRegionsTask::scan_roots(G1ParScanThreadState*, unsigned int)+0x1f
V  [libjvm.dylib+0x4103f5]  G1EvacuateRegionsBaseTask::work(unsigned int)+0x75
V  [libjvm.dylib+0xab2cfc]  GangWorker::loop()+0x5c
V  [libjvm.dylib+0xab2c86]  GangWorker::run()+0x16
V  [libjvm.dylib+0x9fb46a]  Thread::call_run()+0x11a
V  [libjvm.dylib+0x88b5e8]  thread_native_entry(Thread*)+0x148
C  [libsystem_pthread.dylib+0x6253]  _pthread_start+0x63
C  [libsystem_pthread.dylib+0x1bef]  thread_start+0xf


siginfo: si_signo: 11 (SIGSEGV), si_code: 1 (SEGV_MAPERR), si_addr: 0x000000030f599038

Register to memory mapping:

RAX=0x0 is NULL
RBX=0x0000000000000003 is an unknown value
RCX=0x0000000000000015 is an unknown value
RDX=0x000000030f599038 is an unknown value
RSP=0x000070000a336b30 points into unknown readable memory: 0x00007faee2a164f0 | f0 64 a1 e2 ae 7f 00 00
RBP=0x000070000a336b50 points into unknown readable memory: 0x000070000a336b90 | 90 6b 33 0a 00 70 00 00
RSI=0x0 is NULL
RDI=0x0 is NULL
R8 =0x0000000000000001 is an unknown value
R9 =0x000000070f597b68 is an oop: java.lang.invoke.MethodType 
{0x000000070f597b68} - klass: 'java/lang/invoke/MethodType'
 - ---- fields (total size 5 words):
 - private final synchronized 'rtype' 'Ljava/lang/Class;' @12  a 'java/lang/Class'{0x00000007ffd00380} = void (fffa0070)
 - private final synchronized 'ptypes' '[Ljava/lang/Class;' @16  a 'java/lang/Class'[1] {0x000000070f597238} (e1eb2e47)
 - private synchronized 'form' 'Ljava/lang/invoke/MethodTypeForm;' @20  a 'java/lang/invoke/MethodTypeForm'{0x0000000700312fe0} (e00625fc)
 - private synchronized 'wrapAlt' 'Ljava/lang/Object;' @24  NULL (0)
 - private synchronized 'invokers' 'Ljava/lang/invoke/Invokers;' @28  NULL (0)
 - private synchronized 'methodDescriptor' 'Ljava/lang/String;' @32  
[error occurred during error reporting (printing register info), id 0xb, SIGSEGV (0xb) at pc=0x00000001071c7f25]

Registers:
RAX=0x0000000000000000, RBX=0x0000000000000003, RCX=0x0000000000000015, RDX=0x000000030f599038
RSP=0x000070000a336b30, RBP=0x000070000a336b50, RSI=0x0000000000000000, RDI=0x0000000000000000
R8 =0x0000000000000001, R9 =0x000000070f597b68, R10=0x0000000000000005, R11=0x00007faee2a16670
R12=0x000000010791cca0, R13=0x000000070ac372e0, R14=0x00007faee2a164f0, R15=0x000000070ac372e0
RIP=0x0000000107108cd3, EFLAGS=0x0000000000010246, ERR=0x0000000000000004
  TRAPNO=0x000000000000000e

Top of Stack: (sp=0x000070000a336b30)
0x000070000a336b30:   00007faee2a164f0 00007faee2a164f0
0x000070000a336b40:   0000000000000040 ffffffff00000000
0x000070000a336b50:   000070000a336b90 0000000107106fbe
0x000070000a336b60:   00007faee2a16508 00007faee2a164f0
0x000070000a336b70:   0000000000000014 0000000000000001
0x000070000a336b80:   00000000518a599f 00000000d236ab2a
0x000070000a336b90:   000070000a336bd0 0000000107121bed
0x000070000a336ba0:   00000001078fc3b0 00007faee2819d80
0x000070000a336bb0:   0000000000000014 0000000000000001
0x000070000a336bc0:   00007faee2819d20 00007faee2a16c08
0x000070000a336bd0:   000070000a336c00 0000000106fa3b4a
0x000070000a336be0:   0000600003288140 00007faee280d460
0x000070000a336bf0:   00007faee2a16c68 0000000000000000
0x000070000a336c00:   000070000a336c30 000000010710552f
0x000070000a336c10:   0000600003288140 00007faee280d460
0x000070000a336c20:   00007faee2a16c68 00007faee2a16b78
0x000070000a336c30:   000070000a336c60 0000000106fa62b2
0x000070000a336c40:   00007faee2a16c68 00007faee2a16ae0
0x000070000a336c50:   00007faee2a16b78 00007faee2a16ae8
0x000070000a336c60:   000070000a336d00 0000000107123aa1
0x000070000a336c70:   00000001078fb730 000000005168d49e
0x000070000a336c80:   00000000d1dfc922 00007ff800000003
0x000070000a336c90:   00007faee280d460 0000000100000004
0x000070000a336ca0:   0000000000000000 0000000000000000
0x000070000a336cb0:   0000700000000000 00000001076ce346
0x000070000a336cc0:   00000001078fb750 000070000a336d01
0x000070000a336cd0:   000000040a336d00 00007faee280d460
0x000070000a336ce0:   0000000000000004 00007faee2a164f0
0x000070000a336cf0:   00007faee2a16ae0 0000700008aeb210
0x000070000a336d00:   000070000a336e40 000000010712395c
0x000070000a336d10:   00000001078fb750 0000000051688f4a
0x000070000a336d20:   00000000d1df15f4 0000000000000001 

Instructions: (pc=0x0000000107108cd3)
0x0000000107108bd3:   c7 80 08 02 00 00 00 00 00 00 48 c7 80 10 02 00
0x0000000107108be3:   00 00 00 00 00 49 89 c4 48 8b 4d d0 eb 10 48 8b
0x0000000107108bf3:   4d d0 31 c0 4c 89 a0 08 02 00 00 49 89 c4 48 8d
0x0000000107108c03:   44 d9 20 4c 89 20 48 81 04 d9 18 02 00 00 49 8b
0x0000000107108c13:   84 24 00 02 00 00 4c 89 28 49 83 84 24 00 02 00
0x0000000107108c23:   00 08 41 83 7e 20 01 74 38 45 84 ff 74 33 49 8b
0x0000000107108c33:   5e 18 49 c1 ed 09 48 8b 43 60 4c 03 68 40 48 8b
0x0000000107108c43:   70 38 49 29 f5 4c 39 ab b0 01 00 00 74 13 48 8d
0x0000000107108c53:   7b 18 4c 01 ee e8 13 74 00 00 4c 89 ab b0 01 00
0x0000000107108c63:   00 48 83 c4 08 5b 41 5c 41 5d 41 5e 41 5f 5d c3
0x0000000107108c73:   66 2e 0f 1f 84 00 00 00 00 00 0f 1f 00 55 48 89
0x0000000107108c83:   e5 41 57 41 56 41 54 53 49 89 f7 8b 16 4c 8d 25
0x0000000107108c93:   09 40 81 00 41 8b 5c 24 08 89 d9 48 d3 e2 49 89
0x0000000107108ca3:   fe 49 8b 3c 24 48 01 fa 49 8b 46 08 8a 88 90 05
0x0000000107108cb3:   00 00 48 89 d6 48 d3 ee 48 8b 80 80 05 00 00 0f
0x0000000107108cc3:   b7 34 70 89 f0 c1 e8 08 84 c0 0f 88 ce 00 00 00
0x0000000107108cd3:   48 8b 0a 89 c8 83 e0 03 83 f8 03 75 22 48 8d 15
0x0000000107108ce3:   ca c7 84 00 89 ce 83 e6 07 48 83 e1 fc 31 c0 80
0x0000000107108cf3:   3a 00 48 0f 44 c1 83 fe 05 48 0f 45 c1 eb 11 4c
0x0000000107108d03:   89 f7 e8 36 ef ff ff 49 8b 3c 24 41 8b 5c 24 08
0x0000000107108d13:   48 89 c2 48 29 fa 89 d9 48 d3 ea 41 89 17 48 89
0x0000000107108d23:   c2 4c 31 fa 48 8d 0d 32 cb 84 00 8a 09 48 d3 ea
0x0000000107108d33:   48 85 d2 74 69 49 8b 56 08 8a 8a c0 01 00 00 4c
0x0000000107108d43:   89 fe 48 d3 ee 48 8b 8a b0 01 00 00 48 8b 0c f1
0x0000000107108d53:   f7 41 74 02 00 00 00 75 45 8a 8a 90 05 00 00 48
0x0000000107108d63:   d3 e8 48 8b 8a 80 05 00 00 80 3c 41 00 74 2f 49
0x0000000107108d73:   c1 ef 09 49 8b 46 60 4c 03 78 40 48 8b 70 38 49
0x0000000107108d83:   29 f7 4d 39 be b0 01 00 00 74 13 49 8d 7e 18 4c
0x0000000107108d93:   01 fe e8 d6 72 00 00 4d 89 be b0 01 00 00 5b 41
0x0000000107108da3:   5c 41 5e 41 5f 5d c3 66 0f 1f 44 00 00 55 48 89
0x0000000107108db3:   e5 41 57 41 56 41 55 41 54 53 48 83 ec 18 49 89
0x0000000107108dc3:   f7 48 89 fb 48 8b 06 48 8d 0d e0 c6 84 00 89 c2 


Stack slot to memory mapping:
stack at sp + 0 slots: 0x00007faee2a164f0 points into unknown readable memory: 0x00000001078fbe10 | 10 be 8f 07 01 00 00 00
stack at sp + 1 slots: 0x00007faee2a164f0 points into unknown readable memory: 0x00000001078fbe10 | 10 be 8f 07 01 00 00 00
stack at sp + 2 slots: 0x0000000000000040 is an unknown value
stack at sp + 3 slots: 0xffffffff00000000 is an unknown value
stack at sp + 4 slots: 0x000070000a336b90 points into unknown readable memory: 0x000070000a336bd0 | d0 6b 33 0a 00 70 00 00
stack at sp + 5 slots: 0x0000000107106fbe: _ZN20G1ParScanThreadState23trim_queue_to_thresholdEj+0x19e in /Library/Java/JavaVirtualMachines/jdk-17.jdk/Contents/Home/lib/server/libjvm.dylib at 0x0000000106cbf000
stack at sp + 6 slots: 0x00007faee2a16508 points into unknown readable memory: 0x00000001078fbfd8 | d8 bf 8f 07 01 00 00 00
stack at sp + 7 slots: 0x00007faee2a164f0 points into unknown readable memory: 0x00000001078fbe10 | 10 be 8f 07 01 00 00 00


---------------  P R O C E S S  ---------------

Threads class SMR info:
_java_thread_list=0x00006000003419a0, length=22, elements={
0x00007faee4808a00, 0x00007faee4008600, 0x00007faee400ae00, 0x00007faee1808200,
0x00007faee7808200, 0x00007faee48f3000, 0x00007faee48f4c00, 0x00007faee48f5200,
0x00007faee3821200, 0x00007faee400be00, 0x00007faee6809200, 0x00007faee680d600,
0x00007faee40e2400, 0x00007faee4946000, 0x00007faee1813000, 0x00007faee680b400,
0x00007faee4009400, 0x00007faee7008200, 0x00007faee4113c00, 0x00007faee69cfe00,
0x00007faee69cf600, 0x00007faee40e3400
}

Java Threads: ( => current thread )
  0x00007faee4808a00 JavaThread "main" [_thread_blocked, id=5379, stack(0x00007000083da000,0x00007000084da000)]
  0x00007faee4008600 JavaThread "Reference Handler" daemon [_thread_blocked, id=18947, stack(0x0000700008aef000,0x0000700008bef000)]
  0x00007faee400ae00 JavaThread "Finalizer" daemon [_thread_blocked, id=19971, stack(0x0000700008bf2000,0x0000700008cf2000)]
  0x00007faee1808200 JavaThread "Signal Dispatcher" daemon [_thread_blocked, id=31491, stack(0x0000700008dfb000,0x0000700008efb000)]
  0x00007faee7808200 JavaThread "Service Thread" daemon [_thread_blocked, id=31235, stack(0x0000700008efe000,0x0000700008ffe000)]
  0x00007faee48f3000 JavaThread "Monitor Deflation Thread" daemon [_thread_blocked, id=30979, stack(0x0000700009001000,0x0000700009101000)]
  0x00007faee48f4c00 JavaThread "C1 CompilerThread0" daemon [_thread_blocked, id=30467, stack(0x0000700009104000,0x0000700009204000)]
  0x00007faee48f5200 JavaThread "Sweeper thread" daemon [_thread_blocked, id=29955, stack(0x0000700009207000,0x0000700009307000)]
  0x00007faee3821200 JavaThread "Common-Cleaner" daemon [_thread_blocked, id=24067, stack(0x000070000930a000,0x000070000940a000)]
  0x00007faee400be00 JavaThread "C1 CompilerThread1" daemon [_thread_blocked, id=24323, stack(0x000070000940d000,0x000070000950d000)]
  0x00007faee6809200 JavaThread "C1 CompilerThread2" daemon [_thread_blocked, id=24579, stack(0x0000700009510000,0x0000700009610000)]
  0x00007faee680d600 JavaThread "Notification Thread" daemon [_thread_blocked, id=29187, stack(0x0000700009613000,0x0000700009713000)]
  0x00007faee40e2400 JavaThread "RMI TCP Accept-0" daemon [_thread_in_native, id=28931, stack(0x0000700009716000,0x0000700009816000)]
  0x00007faee4946000 JavaThread "RMI TCP Accept-54042" daemon [_thread_in_native, id=25603, stack(0x0000700009819000,0x0000700009919000)]
  0x00007faee1813000 JavaThread "RMI TCP Accept-0" daemon [_thread_in_native, id=28675, stack(0x000070000991c000,0x0000700009a1c000)]
  0x00007faee680b400 JavaThread "RMI TCP Connection(1)-127.0.0.1" daemon [_thread_in_native, id=26627, stack(0x0000700009b22000,0x0000700009c22000)]
  0x00007faee4009400 JavaThread "RMI TCP Connection(2)-127.0.0.1" daemon [_thread_in_native, id=28163, stack(0x0000700009c25000,0x0000700009d25000)]
  0x00007faee7008200 JavaThread "RMI Scheduler(0)" daemon [_thread_blocked, id=27907, stack(0x0000700009d28000,0x0000700009e28000)]
  0x00007faee4113c00 JavaThread "JMX server connection timeout 21" daemon [_thread_blocked, id=33795, stack(0x000070000a33a000,0x000070000a43a000)]
  0x00007faee69cfe00 JavaThread "Thread-0" [_thread_blocked, id=41987, stack(0x000070000a43d000,0x000070000a53d000)]
  0x00007faee69cf600 JavaThread "restartedMain" [_thread_blocked, id=41475, stack(0x000070000a540000,0x000070000a640000)]
  0x00007faee40e3400 JavaThread "C1 CompilerThread3" daemon [_thread_blocked, id=40451, stack(0x000070000a94c000,0x000070000aa4c000)]

Other Threads:
  0x00007faee17087b0 VMThread "VM Thread" [stack: 0x00007000089ec000,0x0000700008aec000] [id=18179]
  0x00007faee2a09180 WatcherThread [stack: 0x0000700009a1f000,0x0000700009b1f000] [id=26371]
  0x00007faee2907ae0 GCTaskThread "GC Thread#0" [stack: 0x00007000084dd000,0x00007000085dd000] [id=12291]
  0x00007faee280d800 GCTaskThread "GC Thread#1" [stack: 0x0000700009e2b000,0x0000700009f2b000] [id=27395]
  0x00007faee280dc70 GCTaskThread "GC Thread#2" [stack: 0x0000700009f2e000,0x000070000a02e000] [id=33027]
  0x00007faee632e770 GCTaskThread "GC Thread#3" [stack: 0x000070000a031000,0x000070000a131000] [id=43011]
  0x00007faee632efd0 GCTaskThread "GC Thread#4" [stack: 0x000070000a134000,0x000070000a234000] [id=33283]
=>0x00007faee620f110 GCTaskThread "GC Thread#5" [stack: 0x000070000a237000,0x000070000a337000] [id=42499]
  0x00007faee6341f30 GCTaskThread "GC Thread#6" [stack: 0x000070000a746000,0x000070000a846000] [id=34819]
  0x00007faee63423a0 GCTaskThread "GC Thread#7" [stack: 0x000070000a849000,0x000070000a949000] [id=40707]
  0x00007faee2908180 ConcurrentGCThread "G1 Main Marker" [stack: 0x00007000085e0000,0x00007000086e0000] [id=12803]
  0x00007faee2908a00 ConcurrentGCThread "G1 Conc#0" [stack: 0x00007000086e3000,0x00007000087e3000] [id=13571]
  0x00007faee290ba60 ConcurrentGCThread "G1 Refine#0" [stack: 0x00007000087e6000,0x00007000088e6000] [id=21507]
  0x00007faee290c2f0 ConcurrentGCThread "G1 Service" [stack: 0x00007000088e9000,0x00007000089e9000] [id=20995]

Threads with active compile tasks:

VM state: at safepoint (normal execution)

VM Mutex/Monitor currently owned by a thread:  ([mutex/lock_event])
[0x0000600002d91800] Threads_lock - owner thread: 0x00007faee17087b0
[0x0000600002d91d80] Heap_lock - owner thread: 0x00007faee69cf600

Heap address: 0x0000000700000000, size: 4096 MB, Compressed Oops mode: Zero based, Oop shift amount: 3

CDS archive(s) mapped at: [0x000000011e000000-0x000000011ebe4000-0x000000011ebe4000), size 12468224, SharedBaseAddress: 0x000000011e000000, ArchiveRelocationMode: 1.
Compressed class space mapped at: 0x000000011f000000-0x000000015f000000, reserved size: 1073741824
Narrow klass base: 0x000000011e000000, Narrow klass shift: 0, Narrow klass range: 0x100000000

GC Precious Log:
 CPUs: 12 total, 12 available
 Memory: 16384M
 Large Page Support: Disabled
 NUMA Support: Disabled
 Compressed Oops: Enabled (Zero based)
 Heap Region Size: 2M
 Heap Min Capacity: 8M
 Heap Initial Capacity: 256M
 Heap Max Capacity: 4G
 Pre-touch: Disabled
 Parallel Workers: 10
 Concurrent Workers: 3
 Concurrent Refinement Workers: 10
 Periodic GC: Disabled

Heap:
 garbage-first heap   total 266240K, used 88914K [0x0000000700000000, 0x0000000800000000)
  region size 2048K, 42 young (86016K), 4 survivors (8192K)
 Metaspace       used 21223K, committed 21504K, reserved 1114112K
  class space    used 2884K, committed 3008K, reserved 1048576K

Heap Regions: E=young(eden), S=young(survivor), O=old, HS=humongous(starts), HC=humongous(continues), CS=collection set, F=free, OA=open archive, CA=closed archive, TAMS=top-at-mark-start (previous, next)
|   0|0x0000000700000000, 0x0000000700200000, 0x0000000700200000|100%| O|  |TAMS 0x0000000700000000, 0x0000000700200000| Untracked 
|   1|0x0000000700200000, 0x0000000700400000, 0x0000000700400000|100%| O|  |TAMS 0x0000000700200000, 0x0000000700400000| Untracked 
|   2|0x0000000700400000, 0x0000000700600000, 0x0000000700600000|100%| O|  |TAMS 0x0000000700400000, 0x0000000700600000| Untracked 
|   3|0x0000000700600000, 0x0000000700704800, 0x0000000700800000| 50%| O|  |TAMS 0x0000000700600000, 0x0000000700704800| Untracked 
|   4|0x0000000700800000, 0x0000000700800000, 0x0000000700a00000|  0%| F|  |TAMS 0x0000000700800000, 0x0000000700800000| Untracked 
|   5|0x0000000700a00000, 0x0000000700a00000, 0x0000000700c00000|  0%| F|  |TAMS 0x0000000700a00000, 0x0000000700a00000| Untracked 
|   6|0x0000000700c00000, 0x0000000700c00000, 0x0000000700e00000|  0%| F|  |TAMS 0x0000000700c00000, 0x0000000700c00000| Untracked 
|   7|0x0000000700e00000, 0x0000000700e00000, 0x0000000701000000|  0%| F|  |TAMS 0x0000000700e00000, 0x0000000700e00000| Untracked 
|   8|0x0000000701000000, 0x0000000701000000, 0x0000000701200000|  0%| F|  |TAMS 0x0000000701000000, 0x0000000701000000| Untracked 
|   9|0x0000000701200000, 0x0000000701200000, 0x0000000701400000|  0%| F|  |TAMS 0x0000000701200000, 0x0000000701200000| Untracked 
|  10|0x0000000701400000, 0x0000000701400000, 0x0000000701600000|  0%| F|  |TAMS 0x0000000701400000, 0x0000000701400000| Untracked 
|  11|0x0000000701600000, 0x0000000701600000, 0x0000000701800000|  0%| F|  |TAMS 0x0000000701600000, 0x0000000701600000| Untracked 
|  12|0x0000000701800000, 0x0000000701800000, 0x0000000701a00000|  0%| F|  |TAMS 0x0000000701800000, 0x0000000701800000| Untracked 
|  13|0x0000000701a00000, 0x0000000701a00000, 0x0000000701c00000|  0%| F|  |TAMS 0x0000000701a00000, 0x0000000701a00000| Untracked 
|  14|0x0000000701c00000, 0x0000000701c00000, 0x0000000701e00000|  0%| F|  |TAMS 0x0000000701c00000, 0x0000000701c00000| Untracked 
|  15|0x0000000701e00000, 0x0000000701e00000, 0x0000000702000000|  0%| F|  |TAMS 0x0000000701e00000, 0x0000000701e00000| Untracked 
|  16|0x0000000702000000, 0x0000000702000000, 0x0000000702200000|  0%| F|  |TAMS 0x0000000702000000, 0x0000000702000000| Untracked 
|  17|0x0000000702200000, 0x0000000702200000, 0x0000000702400000|  0%| F|  |TAMS 0x0000000702200000, 0x0000000702200000| Untracked 
|  18|0x0000000702400000, 0x0000000702400000, 0x0000000702600000|  0%| F|  |TAMS 0x0000000702400000, 0x0000000702400000| Untracked 
|  19|0x0000000702600000, 0x0000000702600000, 0x0000000702800000|  0%| F|  |TAMS 0x0000000702600000, 0x0000000702600000| Untracked 
|  20|0x0000000702800000, 0x0000000702800000, 0x0000000702a00000|  0%| F|  |TAMS 0x0000000702800000, 0x0000000702800000| Untracked 
|  21|0x0000000702a00000, 0x0000000702a00000, 0x0000000702c00000|  0%| F|  |TAMS 0x0000000702a00000, 0x0000000702a00000| Untracked 
|  22|0x0000000702c00000, 0x0000000702c00000, 0x0000000702e00000|  0%| F|  |TAMS 0x0000000702c00000, 0x0000000702c00000| Untracked 
|  23|0x0000000702e00000, 0x0000000702e00000, 0x0000000703000000|  0%| F|  |TAMS 0x0000000702e00000, 0x0000000702e00000| Untracked 
|  24|0x0000000703000000, 0x0000000703000000, 0x0000000703200000|  0%| F|  |TAMS 0x0000000703000000, 0x0000000703000000| Untracked 
|  25|0x0000000703200000, 0x0000000703200000, 0x0000000703400000|  0%| F|  |TAMS 0x0000000703200000, 0x0000000703200000| Untracked 
|  26|0x0000000703400000, 0x0000000703400000, 0x0000000703600000|  0%| F|  |TAMS 0x0000000703400000, 0x0000000703400000| Untracked 
|  27|0x0000000703600000, 0x0000000703600000, 0x0000000703800000|  0%| F|  |TAMS 0x0000000703600000, 0x0000000703600000| Untracked 
|  28|0x0000000703800000, 0x0000000703800000, 0x0000000703a00000|  0%| F|  |TAMS 0x0000000703800000, 0x0000000703800000| Untracked 
|  29|0x0000000703a00000, 0x0000000703a00000, 0x0000000703c00000|  0%| F|  |TAMS 0x0000000703a00000, 0x0000000703a00000| Untracked 
|  30|0x0000000703c00000, 0x0000000703c00000, 0x0000000703e00000|  0%| F|  |TAMS 0x0000000703c00000, 0x0000000703c00000| Untracked 
|  31|0x0000000703e00000, 0x0000000703e00000, 0x0000000704000000|  0%| F|  |TAMS 0x0000000703e00000, 0x0000000703e00000| Untracked 
|  32|0x0000000704000000, 0x0000000704000000, 0x0000000704200000|  0%| F|  |TAMS 0x0000000704000000, 0x0000000704000000| Untracked 
|  33|0x0000000704200000, 0x0000000704200000, 0x0000000704400000|  0%| F|  |TAMS 0x0000000704200000, 0x0000000704200000| Untracked 
|  34|0x0000000704400000, 0x0000000704400000, 0x0000000704600000|  0%| F|  |TAMS 0x0000000704400000, 0x0000000704400000| Untracked 
|  35|0x0000000704600000, 0x0000000704600000, 0x0000000704800000|  0%| F|  |TAMS 0x0000000704600000, 0x0000000704600000| Untracked 
|  36|0x0000000704800000, 0x0000000704800000, 0x0000000704a00000|  0%| F|  |TAMS 0x0000000704800000, 0x0000000704800000| Untracked 
|  37|0x0000000704a00000, 0x0000000704a00000, 0x0000000704c00000|  0%| F|  |TAMS 0x0000000704a00000, 0x0000000704a00000| Untracked 
|  38|0x0000000704c00000, 0x0000000704c00000, 0x0000000704e00000|  0%| F|  |TAMS 0x0000000704c00000, 0x0000000704c00000| Untracked 
|  39|0x0000000704e00000, 0x0000000704e00000, 0x0000000705000000|  0%| F|  |TAMS 0x0000000704e00000, 0x0000000704e00000| Untracked 
|  40|0x0000000705000000, 0x0000000705000000, 0x0000000705200000|  0%| F|  |TAMS 0x0000000705000000, 0x0000000705000000| Untracked 
|  41|0x0000000705200000, 0x0000000705200000, 0x0000000705400000|  0%| F|  |TAMS 0x0000000705200000, 0x0000000705200000| Untracked 
|  42|0x0000000705400000, 0x0000000705400000, 0x0000000705600000|  0%| F|  |TAMS 0x0000000705400000, 0x0000000705400000| Untracked 
|  43|0x0000000705600000, 0x0000000705600000, 0x0000000705800000|  0%| F|  |TAMS 0x0000000705600000, 0x0000000705600000| Untracked 
|  44|0x0000000705800000, 0x0000000705800000, 0x0000000705a00000|  0%| F|  |TAMS 0x0000000705800000, 0x0000000705800000| Untracked 
|  45|0x0000000705a00000, 0x0000000705a00000, 0x0000000705c00000|  0%| F|  |TAMS 0x0000000705a00000, 0x0000000705a00000| Untracked 
|  46|0x0000000705c00000, 0x0000000705c00000, 0x0000000705e00000|  0%| F|  |TAMS 0x0000000705c00000, 0x0000000705c00000| Untracked 
|  47|0x0000000705e00000, 0x0000000705e00000, 0x0000000706000000|  0%| F|  |TAMS 0x0000000705e00000, 0x0000000705e00000| Untracked 
|  48|0x0000000706000000, 0x0000000706000000, 0x0000000706200000|  0%| F|  |TAMS 0x0000000706000000, 0x0000000706000000| Untracked 
|  49|0x0000000706200000, 0x0000000706200000, 0x0000000706400000|  0%| F|  |TAMS 0x0000000706200000, 0x0000000706200000| Untracked 
|  50|0x0000000706400000, 0x0000000706400000, 0x0000000706600000|  0%| F|  |TAMS 0x0000000706400000, 0x0000000706400000| Untracked 
|  51|0x0000000706600000, 0x0000000706600000, 0x0000000706800000|  0%| F|  |TAMS 0x0000000706600000, 0x0000000706600000| Untracked 
|  52|0x0000000706800000, 0x0000000706800000, 0x0000000706a00000|  0%| F|  |TAMS 0x0000000706800000, 0x0000000706800000| Untracked 
|  53|0x0000000706a00000, 0x0000000706a00000, 0x0000000706c00000|  0%| F|  |TAMS 0x0000000706a00000, 0x0000000706a00000| Untracked 
|  54|0x0000000706c00000, 0x0000000706c00000, 0x0000000706e00000|  0%| F|  |TAMS 0x0000000706c00000, 0x0000000706c00000| Untracked 
|  55|0x0000000706e00000, 0x0000000706e00000, 0x0000000707000000|  0%| F|  |TAMS 0x0000000706e00000, 0x0000000706e00000| Untracked 
|  56|0x0000000707000000, 0x0000000707000000, 0x0000000707200000|  0%| F|  |TAMS 0x0000000707000000, 0x0000000707000000| Untracked 
|  57|0x0000000707200000, 0x0000000707200000, 0x0000000707400000|  0%| F|  |TAMS 0x0000000707200000, 0x0000000707200000| Untracked 
|  58|0x0000000707400000, 0x0000000707400000, 0x0000000707600000|  0%| F|  |TAMS 0x0000000707400000, 0x0000000707400000| Untracked 
|  59|0x0000000707600000, 0x0000000707600000, 0x0000000707800000|  0%| F|  |TAMS 0x0000000707600000, 0x0000000707600000| Untracked 
|  60|0x0000000707800000, 0x0000000707800000, 0x0000000707a00000|  0%| F|  |TAMS 0x0000000707800000, 0x0000000707800000| Untracked 
|  61|0x0000000707a00000, 0x0000000707a00000, 0x0000000707c00000|  0%| F|  |TAMS 0x0000000707a00000, 0x0000000707a00000| Untracked 
|  62|0x0000000707c00000, 0x0000000707c00000, 0x0000000707e00000|  0%| F|  |TAMS 0x0000000707c00000, 0x0000000707c00000| Untracked 
|  63|0x0000000707e00000, 0x0000000707e00000, 0x0000000708000000|  0%| F|  |TAMS 0x0000000707e00000, 0x0000000707e00000| Untracked 
|  64|0x0000000708000000, 0x0000000708000000, 0x0000000708200000|  0%| F|  |TAMS 0x0000000708000000, 0x0000000708000000| Untracked 
|  65|0x0000000708200000, 0x0000000708200000, 0x0000000708400000|  0%| F|  |TAMS 0x0000000708200000, 0x0000000708200000| Untracked 
|  66|0x0000000708400000, 0x0000000708400000, 0x0000000708600000|  0%| F|  |TAMS 0x0000000708400000, 0x0000000708400000| Untracked 
|  67|0x0000000708600000, 0x0000000708600000, 0x0000000708800000|  0%| F|  |TAMS 0x0000000708600000, 0x0000000708600000| Untracked 
|  68|0x0000000708800000, 0x0000000708800000, 0x0000000708a00000|  0%| F|  |TAMS 0x0000000708800000, 0x0000000708800000| Untracked 
|  69|0x0000000708a00000, 0x0000000708a00000, 0x0000000708c00000|  0%| F|  |TAMS 0x0000000708a00000, 0x0000000708a00000| Untracked 
|  70|0x0000000708c00000, 0x0000000708c00000, 0x0000000708e00000|  0%| F|  |TAMS 0x0000000708c00000, 0x0000000708c00000| Untracked 
|  71|0x0000000708e00000, 0x0000000708e00000, 0x0000000709000000|  0%| F|  |TAMS 0x0000000708e00000, 0x0000000708e00000| Untracked 
|  72|0x0000000709000000, 0x0000000709000000, 0x0000000709200000|  0%| F|  |TAMS 0x0000000709000000, 0x0000000709000000| Untracked 
|  73|0x0000000709200000, 0x0000000709200000, 0x0000000709400000|  0%| F|  |TAMS 0x0000000709200000, 0x0000000709200000| Untracked 
|  74|0x0000000709400000, 0x0000000709400000, 0x0000000709600000|  0%| F|  |TAMS 0x0000000709400000, 0x0000000709400000| Untracked 
|  75|0x0000000709600000, 0x0000000709600000, 0x0000000709800000|  0%| F|  |TAMS 0x0000000709600000, 0x0000000709600000| Untracked 
|  76|0x0000000709800000, 0x0000000709800000, 0x0000000709a00000|  0%| F|  |TAMS 0x0000000709800000, 0x0000000709800000| Untracked 
|  77|0x0000000709a00000, 0x0000000709a00000, 0x0000000709c00000|  0%| F|  |TAMS 0x0000000709a00000, 0x0000000709a00000| Untracked 
|  78|0x0000000709c00000, 0x0000000709c00000, 0x0000000709e00000|  0%| F|  |TAMS 0x0000000709c00000, 0x0000000709c00000| Untracked 
|  79|0x0000000709e00000, 0x0000000709e00000, 0x000000070a000000|  0%| F|  |TAMS 0x0000000709e00000, 0x0000000709e00000| Untracked 
|  80|0x000000070a000000, 0x000000070a000000, 0x000000070a200000|  0%| F|  |TAMS 0x000000070a000000, 0x000000070a000000| Untracked 
|  81|0x000000070a200000, 0x000000070a200000, 0x000000070a400000|  0%| F|  |TAMS 0x000000070a200000, 0x000000070a200000| Untracked 
|  82|0x000000070a400000, 0x000000070a400000, 0x000000070a600000|  0%| F|  |TAMS 0x000000070a400000, 0x000000070a400000| Untracked 
|  83|0x000000070a600000, 0x000000070a600000, 0x000000070a800000|  0%| F|  |TAMS 0x000000070a600000, 0x000000070a600000| Untracked 
|  84|0x000000070a800000, 0x000000070a800000, 0x000000070aa00000|  0%| F|  |TAMS 0x000000070a800000, 0x000000070a800000| Untracked 
|  85|0x000000070aa00000, 0x000000070aa81a10, 0x000000070ac00000| 25%| S|  |TAMS 0x000000070aa00000, 0x000000070aa00000| Complete 
|  86|0x000000070ac00000, 0x000000070ae00000, 0x000000070ae00000|100%| S|  |TAMS 0x000000070ac00000, 0x000000070ac00000| Complete 
|  87|0x000000070ae00000, 0x000000070b000000, 0x000000070b000000|100%| S|  |TAMS 0x000000070ae00000, 0x000000070ae00000| Complete 
|  88|0x000000070b000000, 0x000000070b200000, 0x000000070b200000|100%| S|  |TAMS 0x000000070b000000, 0x000000070b000000| Complete 
|  89|0x000000070b200000, 0x000000070b3da9b8, 0x000000070b400000| 92%| E|CS|TAMS 0x000000070b200000, 0x000000070b3da9b8| Complete 
|  90|0x000000070b400000, 0x000000070b600000, 0x000000070b600000|100%| E|CS|TAMS 0x000000070b400000, 0x000000070b600000| Complete 
|  91|0x000000070b600000, 0x000000070b800000, 0x000000070b800000|100%| E|CS|TAMS 0x000000070b600000, 0x000000070b800000| Complete 
|  92|0x000000070b800000, 0x000000070ba00000, 0x000000070ba00000|100%| E|CS|TAMS 0x000000070b800000, 0x000000070ba00000| Complete 
|  93|0x000000070ba00000, 0x000000070bc00000, 0x000000070bc00000|100%| E|CS|TAMS 0x000000070ba00000, 0x000000070bc00000| Complete 
|  94|0x000000070bc00000, 0x000000070be00000, 0x000000070be00000|100%| E|CS|TAMS 0x000000070bc00000, 0x000000070be00000| Complete 
|  95|0x000000070be00000, 0x000000070c000000, 0x000000070c000000|100%| E|CS|TAMS 0x000000070be00000, 0x000000070c000000| Complete 
|  96|0x000000070c000000, 0x000000070c200000, 0x000000070c200000|100%| E|CS|TAMS 0x000000070c000000, 0x000000070c200000| Complete 
|  97|0x000000070c200000, 0x000000070c400000, 0x000000070c400000|100%| E|CS|TAMS 0x000000070c200000, 0x000000070c400000| Complete 
|  98|0x000000070c400000, 0x000000070c600000, 0x000000070c600000|100%| E|CS|TAMS 0x000000070c400000, 0x000000070c600000| Complete 
|  99|0x000000070c600000, 0x000000070c800000, 0x000000070c800000|100%| E|CS|TAMS 0x000000070c600000, 0x000000070c800000| Complete 
| 100|0x000000070c800000, 0x000000070ca00000, 0x000000070ca00000|100%| E|CS|TAMS 0x000000070c800000, 0x000000070ca00000| Complete 
| 101|0x000000070ca00000, 0x000000070cc00000, 0x000000070cc00000|100%| E|CS|TAMS 0x000000070ca00000, 0x000000070cc00000| Complete 
| 102|0x000000070cc00000, 0x000000070ce00000, 0x000000070ce00000|100%| E|CS|TAMS 0x000000070cc00000, 0x000000070ce00000| Complete 
| 103|0x000000070ce00000, 0x000000070d000000, 0x000000070d000000|100%| E|CS|TAMS 0x000000070ce00000, 0x000000070d000000| Complete 
| 104|0x000000070d000000, 0x000000070d200000, 0x000000070d200000|100%| E|CS|TAMS 0x000000070d000000, 0x000000070d200000| Complete 
| 105|0x000000070d200000, 0x000000070d400000, 0x000000070d400000|100%| E|CS|TAMS 0x000000070d200000, 0x000000070d400000| Complete 
| 106|0x000000070d400000, 0x000000070d600000, 0x000000070d600000|100%| E|CS|TAMS 0x000000070d400000, 0x000000070d600000| Complete 
| 107|0x000000070d600000, 0x000000070d800000, 0x000000070d800000|100%| E|CS|TAMS 0x000000070d600000, 0x000000070d800000| Complete 
| 108|0x000000070d800000, 0x000000070da00000, 0x000000070da00000|100%| E|CS|TAMS 0x000000070d800000, 0x000000070da00000| Complete 
| 109|0x000000070da00000, 0x000000070dc00000, 0x000000070dc00000|100%| E|CS|TAMS 0x000000070da00000, 0x000000070dc00000| Complete 
| 110|0x000000070dc00000, 0x000000070de00000, 0x000000070de00000|100%| E|CS|TAMS 0x000000070dc00000, 0x000000070de00000| Complete 
| 111|0x000000070de00000, 0x000000070e000000, 0x000000070e000000|100%| E|CS|TAMS 0x000000070de00000, 0x000000070e000000| Complete 
| 112|0x000000070e000000, 0x000000070e1ff7f0, 0x000000070e200000| 99%| E|CS|TAMS 0x000000070e000000, 0x000000070e1ff7f0| Complete 
| 113|0x000000070e200000, 0x000000070e400000, 0x000000070e400000|100%| E|CS|TAMS 0x000000070e200000, 0x000000070e400000| Complete 
| 114|0x000000070e400000, 0x000000070e600000, 0x000000070e600000|100%| E|CS|TAMS 0x000000070e400000, 0x000000070e600000| Complete 
| 115|0x000000070e600000, 0x000000070e800000, 0x000000070e800000|100%| E|CS|TAMS 0x000000070e600000, 0x000000070e800000| Complete 
| 116|0x000000070e800000, 0x000000070ea00000, 0x000000070ea00000|100%| E|CS|TAMS 0x000000070e800000, 0x000000070ea00000| Complete 
| 117|0x000000070ea00000, 0x000000070ec00000, 0x000000070ec00000|100%| E|CS|TAMS 0x000000070ea00000, 0x000000070ec00000| Complete 
| 118|0x000000070ec00000, 0x000000070ee00000, 0x000000070ee00000|100%| E|CS|TAMS 0x000000070ec00000, 0x000000070ee00000| Complete 
| 119|0x000000070ee00000, 0x000000070f000000, 0x000000070f000000|100%| E|CS|TAMS 0x000000070ee00000, 0x000000070f000000| Complete 
| 120|0x000000070f000000, 0x000000070f200000, 0x000000070f200000|100%| E|CS|TAMS 0x000000070f000000, 0x000000070f200000| Complete 
| 121|0x000000070f200000, 0x000000070f400000, 0x000000070f400000|100%| E|CS|TAMS 0x000000070f200000, 0x000000070f400000| Complete 
| 122|0x000000070f400000, 0x000000070f600000, 0x000000070f600000|100%| E|CS|TAMS 0x000000070f400000, 0x000000070f600000| Complete 
| 123|0x000000070f600000, 0x000000070f800000, 0x000000070f800000|100%| E|CS|TAMS 0x000000070f600000, 0x000000070f800000| Complete 
| 124|0x000000070f800000, 0x000000070fa00000, 0x000000070fa00000|100%| E|CS|TAMS 0x000000070f800000, 0x000000070fa00000| Complete 
| 125|0x000000070fa00000, 0x000000070fc00000, 0x000000070fc00000|100%| E|CS|TAMS 0x000000070fa00000, 0x000000070fc00000| Complete 
| 126|0x000000070fc00000, 0x000000070fe00000, 0x000000070fe00000|100%| E|CS|TAMS 0x000000070fc00000, 0x000000070fe00000| Complete 
| 127|0x000000070fe00000, 0x0000000710000000, 0x0000000710000000|100%| E|CS|TAMS 0x000000070fe00000, 0x0000000710000000| Complete 
|2046|0x00000007ffc00000, 0x00000007ffd76000, 0x00000007ffe00000| 73%|OA|  |TAMS 0x00000007ffc00000, 0x00000007ffd76000| Untracked 
|2047|0x00000007ffe00000, 0x00000007ffe80000, 0x0000000800000000| 25%|CA|  |TAMS 0x00000007ffe00000, 0x00000007ffe80000| Untracked 

Card table byte_map: [0x00000001124d3000,0x0000000112cd3000] _byte_map_base: 0x000000010ecd3000

Marking Bits (Prev, Next): (CMBitMap*) 0x00007faee4827010, (CMBitMap*) 0x00007faee4827050
 Prev Bits: [0x00000001134d3000, 0x00000001174d3000)
 Next Bits: [0x00000001174d3000, 0x000000011b4d3000)

Polling page: 0x0000000105ca4000

Metaspace:

Usage:
  Non-class:     17.91 MB used.
      Class:      2.82 MB used.
       Both:     20.73 MB used.

Virtual space:
  Non-class space:       64.00 MB reserved,      18.06 MB ( 28%) committed,  1 nodes.
      Class space:        1.00 GB reserved,       2.94 MB ( <1%) committed,  1 nodes.
             Both:        1.06 GB reserved,      21.00 MB (  2%) committed. 

Chunk freelists:
   Non-Class:  13.62 MB
       Class:  13.00 MB
        Both:  26.62 MB

MaxMetaspaceSize: unlimited
CompressedClassSpaceSize: 1.00 GB
Initial GC threshold: 21.00 MB
Current GC threshold: 21.00 MB
CDS: on
MetaspaceReclaimPolicy: balanced
 - commit_granule_bytes: 65536.
 - commit_granule_words: 8192.
 - virtual_space_node_default_size: 8388608.
 - enlarge_chunks_in_place: 1.
 - new_chunks_are_fully_committed: 0.
 - uncommit_free_chunks: 1.
 - use_allocation_guard: 0.
 - handle_deallocations: 1.


Internal statistics:

num_allocs_failed_limit: 3.
num_arena_births: 350.
num_arena_deaths: 0.
num_vsnodes_births: 2.
num_vsnodes_deaths: 0.
num_space_committed: 336.
num_space_uncommitted: 0.
num_chunks_returned_to_freelist: 3.
num_chunks_taken_from_freelist: 1013.
num_chunk_merges: 3.
num_chunk_splits: 703.
num_chunks_enlarged: 527.
num_purges: 0.
num_inconsistent_stats: 0.

CodeCache: size=49152Kb used=7782Kb max_used=7782Kb free=41369Kb
 bounds [0x000000010f4d3000, 0x000000010fc73000, 0x00000001124d3000]
 total_blobs=3671 nmethods=3163 adapters=433
 compilation: enabled
              stopped_count=0, restarted_count=0
 full_count=0

Compilation events (20 events):
Event: 1.353 Thread 0x00007faee40e3400 3154       1       org.springframework.boot.autoconfigure.condition.ConditionOutcome::noMatch (10 bytes)
Event: 1.353 Thread 0x00007faee40e3400 nmethod 3154 0x000000010fc69e10 code [0x000000010fc69fc0, 0x000000010fc6a1e0]
Event: 1.355 Thread 0x00007faee6809200 3155       1       org.springframework.core.annotation.MergedAnnotationSelectors$FirstDirectlyDeclared::isBestCandidate (15 bytes)
Event: 1.355 Thread 0x00007faee6809200 nmethod 3155 0x000000010fc6a310 code [0x000000010fc6a4c0, 0x000000010fc6a5c0]
Event: 1.355 Thread 0x00007faee6809200 3156       1       org.springframework.context.annotation.ConfigurationMethod::getMetadata (5 bytes)
Event: 1.355 Thread 0x00007faee6809200 nmethod 3156 0x000000010fc6a690 code [0x000000010fc6a820, 0x000000010fc6a8f0]
Event: 1.355 Thread 0x00007faee40e3400 3157       1       org.springframework.core.type.classreading.SimpleMethodMetadata::getMethodName (5 bytes)
Event: 1.355 Thread 0x00007faee40e3400 nmethod 3157 0x000000010fc6a990 code [0x000000010fc6ab20, 0x000000010fc6abf0]
Event: 1.355 Thread 0x00007faee6809200 3158       1       org.springframework.core.annotation.AnnotationTypeMapping::getMappedAnnotationValue (52 bytes)
Event: 1.355 Thread 0x00007faee6809200 nmethod 3158 0x000000010fc6ac90 code [0x000000010fc6ae60, 0x000000010fc6b060]
Event: 1.358 Thread 0x00007faee400be00 3159       1       java.util.concurrent.CopyOnWriteArrayList::<init> (24 bytes)
Event: 1.358 Thread 0x00007faee48f4c00 3160       1       java.util.Spliterators$EmptySpliterator::characteristics (4 bytes)
Event: 1.358 Thread 0x00007faee48f4c00 nmethod 3160 0x000000010fc6b210 code [0x000000010fc6b3a0, 0x000000010fc6b470]
Event: 1.358 Thread 0x00007faee400be00 nmethod 3159 0x000000010fc6b510 code [0x000000010fc6b6c0, 0x000000010fc6b950]
Event: 1.360 Thread 0x00007faee40e3400 3162       1       java.lang.invoke.LambdaFormEditor$TransformKey::of (79 bytes)
Event: 1.360 Thread 0x00007faee48f4c00 3161       1       java.lang.invoke.LambdaFormEditor$TransformKey::packedBytes (75 bytes)
Event: 1.360 Thread 0x00007faee48f4c00 nmethod 3161 0x000000010fc6ba10 code [0x000000010fc6bbe0, 0x000000010fc6bdd0]
Event: 1.361 Thread 0x00007faee40e3400 nmethod 3162 0x000000010fc6bf10 code [0x000000010fc6c0c0, 0x000000010fc6c420]
Event: 1.364 Thread 0x00007faee400be00 3163       1       java.lang.invoke.MethodType::methodType (7 bytes)
Event: 1.364 Thread 0x00007faee400be00 nmethod 3163 0x000000010fc6c610 code [0x000000010fc6c7a0, 0x000000010fc6c860]

GC Heap History (5 events):
Event: 0.485 GC heap before
{Heap before GC invocations=0 (full 0):
 garbage-first heap   total 266240K, used 22488K [0x0000000700000000, 0x0000000800000000)
  region size 2048K, 11 young (22528K), 0 survivors (0K)
 Metaspace       used 7087K, committed 7296K, reserved 1114112K
  class space    used 917K, committed 1024K, reserved 1048576K
}
Event: 0.489 GC heap after
{Heap after GC invocations=1 (full 0):
 garbage-first heap   total 266240K, used 9104K [0x0000000700000000, 0x0000000800000000)
  region size 2048K, 2 young (4096K), 2 survivors (4096K)
 Metaspace       used 7087K, committed 7296K, reserved 1114112K
  class space    used 917K, committed 1024K, reserved 1048576K
}
Event: 0.788 GC heap before
{Heap before GC invocations=1 (full 0):
 garbage-first heap   total 266240K, used 33680K [0x0000000700000000, 0x0000000800000000)
  region size 2048K, 15 young (30720K), 2 survivors (4096K)
 Metaspace       used 12290K, committed 12544K, reserved 1114112K
  class space    used 1703K, committed 1856K, reserved 1048576K
}
Event: 0.791 GC heap after
{Heap after GC invocations=2 (full 0):
 garbage-first heap   total 266240K, used 11239K [0x0000000700000000, 0x0000000800000000)
  region size 2048K, 1 young (2048K), 1 survivors (2048K)
 Metaspace       used 12290K, committed 12544K, reserved 1114112K
  class space    used 1703K, committed 1856K, reserved 1048576K
}
Event: 1.365 GC heap before
{Heap before GC invocations=2 (full 0):
 garbage-first heap   total 266240K, used 84967K [0x0000000700000000, 0x0000000800000000)
  region size 2048K, 39 young (79872K), 1 survivors (2048K)
 Metaspace       used 21223K, committed 21504K, reserved 1114112K
  class space    used 2884K, committed 3008K, reserved 1048576K
}

Deoptimization events (4 events):
Event: 0.840 Thread 0x00007faee69cf600 DEOPT PACKING pc=0x000000010f9ee191 sp=0x000070000a63d4b0
Event: 0.840 Thread 0x00007faee69cf600 DEOPT UNPACKING pc=0x000000010f52582f sp=0x000070000a63c9b0 mode 3
Event: 0.939 Thread 0x00007faee69cf600 DEOPT PACKING pc=0x000000010fae59d5 sp=0x000070000a63d9a0
Event: 0.939 Thread 0x00007faee69cf600 DEOPT UNPACKING pc=0x000000010f52582f sp=0x000070000a63ce68 mode 3

Classes unloaded (0 events):
No events

Classes redefined (0 events):
No events

Internal exceptions (20 events):
Event: 0.709 Thread 0x00007faee69cf600 Exception <a 'java/lang/NoSuchMethodError'{0x000000070ec9f9c0}: 'java.lang.Object java.lang.invoke.DirectMethodHandle$Holder.invokeVirtual(java.lang.Object, java.lang.Object, java.lang.Object)'> (0x000000070ec9f9c0) 
thrown [open/src/hotspot/share/interpreter/linkResolver.cpp, line 759]
Event: 0.721 Thread 0x00007faee69cf600 Exception <a 'java/lang/NoSuchMethodError'{0x000000070ed7d798}: 'void java.lang.invoke.DirectMethodHandle$Holder.invokeStatic(java.lang.Object, java.lang.Object, int)'> (0x000000070ed7d798) 
thrown [open/src/hotspot/share/interpreter/linkResolver.cpp, line 759]
Event: 0.723 Thread 0x00007faee69cf600 Exception <a 'java/lang/NoSuchMethodError'{0x000000070ed96608}: 'void java.lang.invoke.DirectMethodHandle$Holder.invokeStaticInit(java.lang.Object, java.lang.Object, java.lang.Object)'> (0x000000070ed96608) 
thrown [open/src/hotspot/share/interpreter/linkResolver.cpp, line 759]
Event: 0.727 Thread 0x00007faee69cf600 Exception <a 'java/lang/NoSuchMethodError'{0x000000070ede7b10}: 'java.lang.Object java.lang.invoke.DirectMethodHandle$Holder.invokeStatic(java.lang.Object, java.lang.Object, long, java.lang.Object)'> (0x000000070ede7b10) 
thrown [open/src/hotspot/share/interpreter/linkResolver.cpp, line 759]
Event: 0.728 Thread 0x00007faee69cf600 Exception <a 'java/lang/NoSuchMethodError'{0x000000070edeb5a8}: 'java.lang.Object java.lang.invoke.DirectMethodHandle$Holder.invokeStaticInit(java.lang.Object, java.lang.Object, long, java.lang.Object)'> (0x000000070edeb5a8) 
thrown [open/src/hotspot/share/interpreter/linkResolver.cpp, line 759]
Event: 0.728 Thread 0x00007faee69cf600 Exception <a 'java/lang/NoSuchMethodError'{0x000000070edf1bb8}: 'java.lang.Object java.lang.invoke.DirectMethodHandle$Holder.newInvokeSpecial(java.lang.Object, java.lang.Object, long)'> (0x000000070edf1bb8) 
thrown [open/src/hotspot/share/interpreter/linkResolver.cpp, line 759]
Event: 0.734 Thread 0x00007faee69cf600 Exception <a 'java/lang/NoSuchMethodError'{0x000000070ea662d8}: 'void java.lang.invoke.DirectMethodHandle$Holder.invokeVirtual(java.lang.Object, java.lang.Object, java.lang.Object, java.lang.Object)'> (0x000000070ea662d8) 
thrown [open/src/hotspot/share/interpreter/linkResolver.cpp, line 759]
Event: 0.755 Thread 0x00007faee69cf600 Exception <a 'java/lang/NoSuchMethodError'{0x000000070ebdef20}: 'void java.lang.invoke.DirectMethodHandle$Holder.invokeSpecial(java.lang.Object, java.lang.Object, java.lang.Object)'> (0x000000070ebdef20) 
thrown [open/src/hotspot/share/interpreter/linkResolver.cpp, line 759]
Event: 0.758 Thread 0x00007faee6abf000 Exception <a 'java/lang/NoClassDefFoundError'{0x000000070e42f728}: jakarta/validation/Validation> (0x000000070e42f728) 
thrown [open/src/hotspot/share/classfile/systemDictionary.cpp, line 245]
Event: 0.758 Thread 0x00007faee69cf600 Exception <a 'java/lang/IncompatibleClassChangeError'{0x000000070e429208}: Found class java.lang.Object, but interface was expected> (0x000000070e429208) 
thrown [open/src/hotspot/share/interpreter/linkResolver.cpp, line 826]
Event: 0.909 Thread 0x00007faee69cf600 Exception <a 'java/lang/NoSuchMethodError'{0x000000070efe8448}: 'int java.lang.invoke.DirectMethodHandle$Holder.invokeSpecial(java.lang.Object, java.lang.Object, java.lang.Object, java.lang.Object, java.lang.Object)'> (0x000000070efe8448) 
thrown [open/src/hotspot/share/interpreter/linkResolver.cpp, line 759]
Event: 0.910 Thread 0x00007faee69cf600 Exception <a 'java/lang/NoSuchMethodError'{0x000000070eff0b98}: 'void java.lang.invoke.DirectMethodHandle$Holder.invokeVirtual(java.lang.Object, java.lang.Object)'> (0x000000070eff0b98) 
thrown [open/src/hotspot/share/interpreter/linkResolver.cpp, line 759]
Event: 0.949 Thread 0x00007faee6abf000 Exception <a 'java/lang/NoSuchMethodError'{0x000000070e23fc18}: 'long java.lang.invoke.DirectMethodHandle$Holder.invokeSpecial(java.lang.Object, java.lang.Object)'> (0x000000070e23fc18) 
thrown [open/src/hotspot/share/interpreter/linkResolver.cpp, line 759]
Event: 0.949 Thread 0x00007faee6abf000 Exception <a 'java/lang/NoSuchMethodError'{0x000000070e24a7f0}: 'long java.lang.invoke.DirectMethodHandle$Holder.invokeStatic(java.lang.Object, java.lang.Object)'> (0x000000070e24a7f0) 
thrown [open/src/hotspot/share/interpreter/linkResolver.cpp, line 759]
Event: 0.949 Thread 0x00007faee6abf000 Exception <a 'java/lang/NoSuchMethodError'{0x000000070e24db48}: 'long java.lang.invoke.DirectMethodHandle$Holder.invokeStaticInit(java.lang.Object, java.lang.Object)'> (0x000000070e24db48) 
thrown [open/src/hotspot/share/interpreter/linkResolver.cpp, line 759]
Event: 0.950 Thread 0x00007faee6abf000 Exception <a 'java/lang/NoSuchMethodError'{0x000000070e25b3c8}: 'long java.lang.invoke.DirectMethodHandle$Holder.invokeInterface(java.lang.Object, java.lang.Object)'> (0x000000070e25b3c8) 
thrown [open/src/hotspot/share/interpreter/linkResolver.cpp, line 759]
Event: 0.950 Thread 0x00007faee6abf000 Exception <a 'java/lang/IncompatibleClassChangeError'{0x000000070e25e6b0}: Found class java.lang.Object, but interface was expected> (0x000000070e25e6b0) 
thrown [open/src/hotspot/share/interpreter/linkResolver.cpp, line 826]
Event: 0.952 Thread 0x00007faee6abf000 Exception <a 'java/lang/NoSuchMethodError'{0x000000070e2796f0}: 'java.lang.Object java.lang.invoke.DirectMethodHandle$Holder.invokeVirtual(java.lang.Object, java.lang.Object, java.lang.Object, java.lang.Object)'> (0x000000070e2796f0) 
thrown [open/src/hotspot/share/interpreter/linkResolver.cpp, line 759]
Event: 1.012 Thread 0x00007faee4009400 Exception <a 'java/lang/reflect/InvocationTargetException'{0x000000070d6b2958}> (0x000000070d6b2958) 
thrown [open/src/hotspot/share/runtime/reflection.cpp, line 1121]
Event: 1.068 Thread 0x00007faee69cf600 Exception <a 'java/lang/IncompatibleClassChangeError'{0x000000070d09a558}: Found class java.lang.Object, but interface was expected> (0x000000070d09a558) 
thrown [open/src/hotspot/share/interpreter/linkResolver.cpp, line 826]

VM Operations (20 events):
Event: 0.723 Executing VM operation: ICBufferFull done
Event: 0.753 Executing VM operation: HandshakeAllThreads
Event: 0.753 Executing VM operation: HandshakeAllThreads done
Event: 0.766 Executing VM operation: HandshakeAllThreads
Event: 0.766 Executing VM operation: HandshakeAllThreads done
Event: 0.788 Executing VM operation: G1CollectForAllocation
Event: 0.791 Executing VM operation: G1CollectForAllocation done
Event: 0.873 Executing VM operation: HandshakeAllThreads
Event: 0.873 Executing VM operation: HandshakeAllThreads done
Event: 0.900 Executing VM operation: HandshakeAllThreads
Event: 0.900 Executing VM operation: HandshakeAllThreads done
Event: 0.975 Executing VM operation: HandshakeAllThreads
Event: 0.975 Executing VM operation: HandshakeAllThreads done
Event: 1.089 Executing VM operation: ICBufferFull
Event: 1.089 Executing VM operation: ICBufferFull done
Event: 1.282 Executing VM operation: HandshakeAllThreads
Event: 1.282 Executing VM operation: HandshakeAllThreads done
Event: 1.357 Executing VM operation: HandshakeAllThreads
Event: 1.357 Executing VM operation: HandshakeAllThreads done
Event: 1.365 Executing VM operation: CollectForMetadataAllocation

Events (20 events):
Event: 0.984 loading class apple/security/AppleProvider
Event: 0.984 loading class apple/security/AppleProvider done
Event: 0.984 loading class apple/security/AppleProvider$1
Event: 0.984 loading class apple/security/AppleProvider$1 done
Event: 0.985 loading class apple/security/AppleProvider$ProviderService
Event: 0.985 loading class apple/security/AppleProvider$ProviderService done
Event: 0.985 Protecting memory [0x000070000a643000,0x000070000a647000] with protection modes 3
Event: 0.986 Thread 0x00007faee6abf000 Thread exited: 0x00007faee6abf000
Event: 0.996 Thread 0x00007faee6abf000 Thread added: 0x00007faee6abf000
Event: 0.996 Protecting memory [0x000070000a643000,0x000070000a647000] with protection modes 0
Event: 1.003 loading class javax/naming/ldap/LdapContext
Event: 1.003 loading class javax/naming/directory/DirContext
Event: 1.003 loading class javax/naming/directory/DirContext done
Event: 1.003 loading class javax/naming/ldap/LdapContext done
Event: 1.021 loading class javax/naming/Referenceable
Event: 1.021 loading class javax/naming/Referenceable done
Event: 1.041 Protecting memory [0x000070000a643000,0x000070000a647000] with protection modes 3
Event: 1.041 Thread 0x00007faee6abf000 Thread exited: 0x00007faee6abf000
Event: 1.170 loading class java/beans/PropertyVetoException
Event: 1.170 loading class java/beans/PropertyVetoException done


Dynamic libraries:
0x0000000105c79000 	/Library/Java/JavaVirtualMachines/jdk-17.jdk/Contents/Home/lib/libjli.dylib
0x00007ff82736c000 	/usr/lib/libz.1.dylib
0x00007ff82745c000 	/usr/lib/libSystem.B.dylib
0x00007ff827456000 	/usr/lib/system/libcache.dylib
0x00007ff82740e000 	/usr/lib/system/libcommonCrypto.dylib
0x00007ff827438000 	/usr/lib/system/libcompiler_rt.dylib
0x00007ff82742c000 	/usr/lib/system/libcopyfile.dylib
0x00007ff8191be000 	/usr/lib/system/libcorecrypto.dylib
0x00007ff8192b4000 	/usr/lib/system/libdispatch.dylib
0x00007ff819465000 	/usr/lib/system/libdyld.dylib
0x00007ff82744c000 	/usr/lib/system/libkeymgr.dylib
0x00007ff8273ef000 	/usr/lib/system/libmacho.dylib
0x00007ff826768000 	/usr/lib/system/libquarantine.dylib
0x00007ff827449000 	/usr/lib/system/libremovefile.dylib
0x00007ff81ee82000 	/usr/lib/system/libsystem_asl.dylib
0x00007ff819158000 	/usr/lib/system/libsystem_blocks.dylib
0x00007ff8192ff000 	/usr/lib/system/libsystem_c.dylib
0x00007ff827440000 	/usr/lib/system/libsystem_collections.dylib
0x00007ff8256b5000 	/usr/lib/system/libsystem_configuration.dylib
0x00007ff824477000 	/usr/lib/system/libsystem_containermanager.dylib
0x00007ff826fdf000 	/usr/lib/system/libsystem_coreservices.dylib
0x00007ff81c98f000 	/usr/lib/system/libsystem_darwin.dylib
0x00007ffd1f498000 	/usr/lib/system/libsystem_darwindirectory.dylib
0x00007ff82744d000 	/usr/lib/system/libsystem_dnssd.dylib
0x00007ffd1f49c000 	/usr/lib/system/libsystem_eligibility.dylib
0x00007ff8192fc000 	/usr/lib/system/libsystem_featureflags.dylib
0x00007ff81949a000 	/usr/lib/system/libsystem_info.dylib
0x00007ff827380000 	/usr/lib/system/libsystem_m.dylib
0x00007ff819270000 	/usr/lib/system/libsystem_malloc.dylib
0x00007ff81edf3000 	/usr/lib/system/libsystem_networkextension.dylib
0x00007ff81cdcb000 	/usr/lib/system/libsystem_notify.dylib
0x00007ff8256b9000 	/usr/lib/system/libsystem_sandbox.dylib
0x00007ffd1f4a3000 	/usr/lib/system/libsystem_sanitizers.dylib
0x00007ff827445000 	/usr/lib/system/libsystem_secinit.dylib
0x00007ff81941d000 	/usr/lib/system/libsystem_kernel.dylib
0x00007ff819490000 	/usr/lib/system/libsystem_platform.dylib
0x00007ff819459000 	/usr/lib/system/libsystem_pthread.dylib
0x00007ff820b88000 	/usr/lib/system/libsystem_symptoms.dylib
0x00007ff8191a3000 	/usr/lib/system/libsystem_trace.dylib
0x00007ff82741b000 	/usr/lib/system/libunwind.dylib
0x00007ff81915c000 	/usr/lib/system/libxpc.dylib
0x00007ff819088000 	/usr/lib/libobjc.A.dylib
0x00007ff8194c8000 	/System/Library/Frameworks/CoreFoundation.framework/Versions/A/CoreFoundation
0x00007ff82a9fc000 	/usr/lib/swift/libswiftCore.dylib
0x00007ff819405000 	/usr/lib/libc++abi.dylib
0x00007ff827424000 	/usr/lib/liboah.dylib
0x00007ff819388000 	/usr/lib/libc++.1.dylib
0x00007ff81a50d000 	/System/Library/Frameworks/Foundation.framework/Versions/C/Foundation
0x00007ff833557000 	/usr/lib/swift/libswiftObjectiveC.dylib
0x00007ff81cc84000 	/System/Library/PrivateFrameworks/CoreServicesInternal.framework/Versions/A/CoreServicesInternal
0x00007ff82745e000 	/usr/lib/libfakelink.dylib
0x00007ff81c6f0000 	/usr/lib/libicucore.A.dylib
0x00007ff827461000 	/System/Library/PrivateFrameworks/SoftLinking.framework/Versions/A/SoftLinking
0x00007ff82ee0e000 	/System/Library/Frameworks/CoreServices.framework/Versions/A/CoreServices
0x00007ff81c32e000 	/System/Library/Frameworks/Security.framework/Versions/A/Security
0x00007ff81cd05000 	/System/Library/Frameworks/IOKit.framework/Versions/A/IOKit
0x00007ff832bb5000 	/System/Library/PrivateFrameworks/DiskImages.framework/Versions/A/DiskImages
0x00007ff9205c5000 	/System/Library/Frameworks/NetFS.framework/Versions/A/NetFS
0x00007ff81ea52000 	/System/Library/Frameworks/CFNetwork.framework/Versions/A/CFNetwork
0x00007ff822a4c000 	/System/Library/Frameworks/CoreServices.framework/Versions/A/Frameworks/FSEvents.framework/Versions/A/FSEvents
0x00007ff81c99a000 	/System/Library/Frameworks/CoreServices.framework/Versions/A/Frameworks/CarbonCore.framework/Versions/A/CarbonCore
0x00007ff821c86000 	/System/Library/Frameworks/CoreServices.framework/Versions/A/Frameworks/Metadata.framework/Versions/A/Metadata
0x00007ff826fe6000 	/System/Library/Frameworks/CoreServices.framework/Versions/A/Frameworks/OSServices.framework/Versions/A/OSServices
0x00007ff82753a000 	/System/Library/Frameworks/CoreServices.framework/Versions/A/Frameworks/SearchKit.framework/Versions/A/SearchKit
0x00007ff820b08000 	/System/Library/Frameworks/CoreServices.framework/Versions/A/Frameworks/AE.framework/Versions/A/AE
0x00007ff819968000 	/System/Library/Frameworks/CoreServices.framework/Versions/A/Frameworks/LaunchServices.framework/Versions/A/LaunchServices
0x00007ff828a94000 	/System/Library/Frameworks/CoreServices.framework/Versions/A/Frameworks/DictionaryServices.framework/Versions/A/DictionaryServices
0x00007ff822a5a000 	/System/Library/Frameworks/CoreServices.framework/Versions/A/Frameworks/SharedFileList.framework/Versions/A/SharedFileList
0x00007ff81a19b000 	/System/Library/Frameworks/SystemConfiguration.framework/Versions/A/SystemConfiguration
0x00007ff8275bf000 	/usr/lib/libapple_nghttp2.dylib
0x00007ff8275f6000 	/usr/lib/libcompression.dylib
0x00007ff820767000 	/usr/lib/libsqlite3.dylib
0x00007ff821bfb000 	/System/Library/PrivateFrameworks/CoreAnalytics.framework/Versions/A/CoreAnalytics
0x00007ff81f374000 	/System/Library/Frameworks/CoreGraphics.framework/Versions/A/CoreGraphics
0x00007ff82b615000 	/System/Library/Frameworks/GSS.framework/Versions/A/GSS
0x00007ff829f2b000 	/System/Library/PrivateFrameworks/InternationalSupport.framework/Versions/A/InternationalSupport
0x00007ff820aa4000 	/System/Library/PrivateFrameworks/RunningBoardServices.framework/Versions/A/RunningBoardServices
0x00007ff81ee0d000 	/usr/lib/libenergytrace.dylib
0x00007ff820b90000 	/System/Library/Frameworks/Network.framework/Versions/A/Network
0x00007ff821c28000 	/usr/lib/libDiagnosticMessagesClient.dylib
0x00007ff82678d000 	/usr/lib/libbsm.0.dylib
0x00007ff8273f5000 	/usr/lib/system/libkxld.dylib
0x00007ffd1e371000 	/usr/lib/libCoreEntitlements.dylib
0x00007ffc20164000 	/System/Library/PrivateFrameworks/MessageSecurity.framework/Versions/A/MessageSecurity
0x00007ff82074e000 	/System/Library/PrivateFrameworks/ProtocolBuffer.framework/Versions/A/ProtocolBuffer
0x00007ff81ee0e000 	/usr/lib/libMobileGestalt.dylib
0x00007ff826fc5000 	/System/Library/PrivateFrameworks/AppleFSCompression.framework/Versions/A/AppleFSCompression
0x00007ff826775000 	/usr/lib/libcoretls.dylib
0x00007ff828b01000 	/usr/lib/libcoretls_cfhelpers.dylib
0x00007ff8275f0000 	/usr/lib/libpam.2.dylib
0x00007ff828b7b000 	/usr/lib/libxar.1.dylib
0x00007ff822a85000 	/System/Library/PrivateFrameworks/CoreAutoLayout.framework/Versions/A/CoreAutoLayout
0x00007ff821d0d000 	/System/Library/Frameworks/DiskArbitration.framework/Versions/A/DiskArbitration
0x00007ff8274b1000 	/usr/lib/libarchive.2.dylib
0x00007ff822acd000 	/usr/lib/libxml2.2.dylib
0x00007ff8256c6000 	/usr/lib/liblangid.dylib
0x00007ff82cce2000 	/System/Library/Frameworks/Combine.framework/Versions/A/Combine
0x00007ffb2bd2c000 	/System/Library/PrivateFrameworks/CollectionsInternal.framework/Versions/A/CollectionsInternal
0x00007ffc26787000 	/System/Library/PrivateFrameworks/ReflectionInternal.framework/Versions/A/ReflectionInternal
0x00007ffc2720e000 	/System/Library/PrivateFrameworks/RuntimeInternal.framework/Versions/A/RuntimeInternal
0x00007ff92300f000 	/usr/lib/swift/libswiftCoreFoundation.dylib
0x00007ff920a7c000 	/usr/lib/swift/libswiftDarwin.dylib
0x00007ff830acd000 	/usr/lib/swift/libswiftDispatch.dylib
0x00007ff923060000 	/usr/lib/swift/libswiftIOKit.dylib
0x00007ffd1f0d0000 	/usr/lib/swift/libswiftSystem.dylib
0x00007ff923020000 	/usr/lib/swift/libswiftXPC.dylib
0x00007ffd1f148000 	/usr/lib/swift/libswift_Builtin_float.dylib
0x00007ffd1f14b000 	/usr/lib/swift/libswift_Concurrency.dylib
0x00007ffd1f291000 	/usr/lib/swift/libswift_StringProcessing.dylib
0x00007ffd1f32c000 	/usr/lib/swift/libswift_errno.dylib
0x00007ffd1f32e000 	/usr/lib/swift/libswift_math.dylib
0x00007ffd1f331000 	/usr/lib/swift/libswift_signal.dylib
0x00007ffd1f332000 	/usr/lib/swift/libswift_stdio.dylib
0x00007ffd1f333000 	/usr/lib/swift/libswift_time.dylib
0x00007ff83355b000 	/usr/lib/swift/libswiftos.dylib
0x00007ffd1f334000 	/usr/lib/swift/libswiftsys_time.dylib
0x00007ffd1f335000 	/usr/lib/swift/libswiftunistd.dylib
0x00007ff8256c1000 	/System/Library/PrivateFrameworks/AppleSystemInfo.framework/Versions/A/AppleSystemInfo
0x00007ff922f0b000 	/System/Library/PrivateFrameworks/LoggingSupport.framework/Versions/A/LoggingSupport
0x00007ff822c3e000 	/System/Library/PrivateFrameworks/UserManagement.framework/Versions/A/UserManagement
0x00007ff81e97d000 	/usr/lib/libboringssl.dylib
0x00007ff820b78000 	/usr/lib/libdns_services.dylib
0x00007ff92218d000 	/usr/lib/libquic.dylib
0x00007ff82a985000 	/usr/lib/libusrtcp.dylib
0x00007ffd1f009000 	/usr/lib/swift/libswiftDistributed.dylib
0x00007ff81ea51000 	/usr/lib/libnetwork.dylib
0x00007ff82759d000 	/System/Library/PrivateFrameworks/AppleSauce.framework/Versions/A/AppleSauce
0x00007ff81a02c000 	/System/Library/PrivateFrameworks/Lexicon.framework/Versions/A/Lexicon
0x00007ffc1aa86000 	/System/Library/PrivateFrameworks/IO80211.framework/Versions/A/IO80211
0x00007ff830d3e000 	/System/Library/PrivateFrameworks/FrontBoardServices.framework/Versions/A/FrontBoardServices
0x00007ff8266a6000 	/System/Library/Frameworks/SecurityFoundation.framework/Versions/A/SecurityFoundation
0x00007ff8257d6000 	/System/Library/PrivateFrameworks/LinguisticData.framework/Versions/A/LinguisticData
0x00007ff82648f000 	/System/Library/PrivateFrameworks/IOMobileFramebuffer.framework/Versions/A/IOMobileFramebuffer
0x00007ff8244a4000 	/System/Library/Frameworks/IOSurface.framework/Versions/A/IOSurface
0x00007ff8209c1000 	/System/Library/PrivateFrameworks/BaseBoard.framework/Versions/A/BaseBoard
0x00007ff830e0e000 	/System/Library/PrivateFrameworks/BoardServices.framework/Versions/A/BoardServices
0x00007ff826699000 	/System/Library/PrivateFrameworks/AssertionServices.framework/Versions/A/AssertionServices
0x00007ff8329ef000 	/System/Library/PrivateFrameworks/BackBoardServices.framework/Versions/A/BackBoardServices
0x00007ff824e5f000 	/System/Library/Frameworks/ImageIO.framework/Versions/A/ImageIO
0x00007ff81eeb9000 	/System/Library/PrivateFrameworks/SkyLight.framework/Versions/A/SkyLight
0x00007ff8248b2000 	/System/Library/PrivateFrameworks/FontServices.framework/libFontParser.dylib
0x00007ff82f0b5000 	/System/Library/Frameworks/Accelerate.framework/Versions/A/Accelerate
0x00007ff81ee99000 	/System/Library/PrivateFrameworks/TCC.framework/Versions/A/TCC
0x00007ff8362a3000 	/System/Library/PrivateFrameworks/IOSurfaceAccelerator.framework/Versions/A/IOSurfaceAccelerator
0x00007ff8296b3000 	/System/Library/PrivateFrameworks/WatchdogClient.framework/Versions/A/WatchdogClient
0x00007ff81b4f4000 	/System/Library/Frameworks/CoreDisplay.framework/Versions/A/CoreDisplay
0x00007ff824763000 	/System/Library/Frameworks/CoreMedia.framework/Versions/A/CoreMedia
0x00007ff8244bb000 	/System/Library/PrivateFrameworks/IOAccelerator.framework/Versions/A/IOAccelerator
0x00007ff8244c4000 	/System/Library/Frameworks/Metal.framework/Versions/A/Metal
0x00007ff822bad000 	/System/Library/Frameworks/CoreVideo.framework/Versions/A/CoreVideo
0x00007ff8275ee000 	/System/Library/Frameworks/MetalPerformanceShaders.framework/Versions/A/MetalPerformanceShaders
0x00007ff8296b5000 	/System/Library/PrivateFrameworks/MultitouchSupport.framework/Versions/A/MultitouchSupport
0x00007ff8223af000 	/System/Library/Frameworks/QuartzCore.framework/Versions/A/QuartzCore
0x00007ffc25de5000 	/System/Library/PrivateFrameworks/ProDisplayLibrary.framework/Versions/A/ProDisplayLibrary
0x00007ff8296f9000 	/System/Library/Frameworks/VideoToolbox.framework/Versions/A/VideoToolbox
0x00007ff92f616000 	/usr/lib/swift/libswiftMetal.dylib
0x00007ffa1d6ea000 	/usr/lib/swift/libswiftOSLog.dylib
0x00007ff933faa000 	/usr/lib/swift/libswiftQuartzCore.dylib
0x00007ff938438000 	/usr/lib/swift/libswiftUniformTypeIdentifiers.dylib
0x00007ff9267e4000 	/usr/lib/swift/libswiftsimd.dylib
0x00007ff826682000 	/System/Library/PrivateFrameworks/MobileKeyBag.framework/Versions/A/MobileKeyBag
0x00007ff8256c0000 	/System/Library/PrivateFrameworks/AggregateDictionary.framework/Versions/A/AggregateDictionary
0x00007ff828b03000 	/System/Library/PrivateFrameworks/APFS.framework/Versions/A/APFS
0x00007ffb28c43000 	/System/Library/PrivateFrameworks/AppleKeyStore.framework/Versions/A/AppleKeyStore
0x00007ff828b89000 	/usr/lib/libutil.dylib
0x00007ffd1f039000 	/usr/lib/swift/libswiftObservation.dylib
0x00007ff828ae2000 	/usr/lib/liblzma.5.dylib
0x00007ff821d15000 	/System/Library/Frameworks/Accelerate.framework/Versions/A/Frameworks/vImage.framework/Versions/A/vImage
0x00007ff82ede5000 	/System/Library/Frameworks/Accelerate.framework/Versions/A/Frameworks/vecLib.framework/Versions/A/vecLib
0x00007ff828bbe000 	/System/Library/Frameworks/Accelerate.framework/Versions/A/Frameworks/vecLib.framework/Versions/A/libvMisc.dylib
0x00007ff819dc8000 	/System/Library/Frameworks/Accelerate.framework/Versions/A/Frameworks/vecLib.framework/Versions/A/libBLAS.dylib
0x00007ff8330d2000 	/System/Library/Frameworks/ApplicationServices.framework/Versions/A/ApplicationServices
0x00007ff81fc36000 	/System/Library/Frameworks/ColorSync.framework/Versions/A/ColorSync
0x00007ff81b9ce000 	/System/Library/Frameworks/CoreText.framework/Versions/A/CoreText
0x00007ff82b1ff000 	/System/Library/Frameworks/ApplicationServices.framework/Versions/A/Frameworks/ATS.framework/Versions/A/ATS
0x00007ff81fdeb000 	/System/Library/Frameworks/ApplicationServices.framework/Versions/A/Frameworks/HIServices.framework/Versions/A/HIServices
0x00007ff829df4000 	/System/Library/Frameworks/ApplicationServices.framework/Versions/A/Frameworks/PrintCore.framework/Versions/A/PrintCore
0x00007ff82b5df000 	/System/Library/Frameworks/ApplicationServices.framework/Versions/A/Frameworks/QD.framework/Versions/A/QD
0x00007ff82b5d8000 	/System/Library/Frameworks/ApplicationServices.framework/Versions/A/Frameworks/ColorSyncLegacy.framework/Versions/A/ColorSyncLegacy
0x00007ff82b1d5000 	/System/Library/Frameworks/ApplicationServices.framework/Versions/A/Frameworks/SpeechSynthesis.framework/Versions/A/SpeechSynthesis
0x00007ffb3232f000 	/System/Library/PrivateFrameworks/FontServices.framework/Versions/A/FontServices
0x00007ff81e4a5000 	/System/Library/Frameworks/UniformTypeIdentifiers.framework/Versions/A/UniformTypeIdentifiers
0x00007ff829210000 	/System/Library/PrivateFrameworks/OTSVG.framework/Versions/A/OTSVG
0x00007ff82274c000 	/System/Library/Frameworks/ApplicationServices.framework/Versions/A/Frameworks/ATS.framework/Versions/A/Resources/libFontRegistry.dylib
0x00007ff829260000 	/System/Library/PrivateFrameworks/FontServices.framework/libhvf.dylib
0x00007ffc2294e000 	/System/Library/PrivateFrameworks/ParsingInternal.framework/Versions/A/ParsingInternal
0x00007ffd1f054000 	/usr/lib/swift/libswiftRegexBuilder.dylib
0x00007ffd1f1e9000 	/usr/lib/swift/libswift_RegexParser.dylib
0x00007ff829577000 	/System/Library/PrivateFrameworks/AppleJPEG.framework/Versions/A/AppleJPEG
0x00007ff829039000 	/usr/lib/libexpat.1.dylib
0x00007ff829cbd000 	/System/Library/Frameworks/ImageIO.framework/Versions/A/Resources/libPng.dylib
0x00007ff829cea000 	/System/Library/Frameworks/ImageIO.framework/Versions/A/Resources/libTIFF.dylib
0x00007ff829ddf000 	/System/Library/Frameworks/ImageIO.framework/Versions/A/Resources/libGIF.dylib
0x00007ff8295c3000 	/System/Library/Frameworks/ImageIO.framework/Versions/A/Resources/libJP2.dylib
0x00007ff828d33000 	/usr/lib/libate.dylib
0x00007ff829d7f000 	/System/Library/Frameworks/ImageIO.framework/Versions/A/Resources/libJPEG.dylib
0x00007ff829d76000 	/System/Library/Frameworks/ImageIO.framework/Versions/A/Resources/libRadiance.dylib
0x00007ffb3701c000 	/System/Library/PrivateFrameworks/GPUCompiler.framework/Versions/32023/Libraries/libllvm-flatbuffers.dylib
0x00007ffb323f5000 	/System/Library/PrivateFrameworks/FramePacing.framework/Versions/A/FramePacing
0x00007ffb1ad51000 	/System/Library/Frameworks/OpenGL.framework/Versions/A/Libraries/libCoreFSCache.dylib
0x00007ffb32fd4000 	/System/Library/PrivateFrameworks/GPUCompiler.framework/Versions/32023/Libraries/libGPUCompilerUtils.dylib
0x00007ffb32330000 	/System/Library/PrivateFrameworks/FontServices.framework/libXTFontStaticRegistryData.dylib
0x00007ff8251e8000 	/System/Library/Frameworks/CoreImage.framework/Versions/A/CoreImage
0x00007ffa20c9c000 	/System/Library/PrivateFrameworks/Symbolication.framework/Versions/A/Symbolication
0x00007ffc25215000 	/System/Library/PrivateFrameworks/PhotosensitivityProcessing.framework/Versions/A/PhotosensitivityProcessing
0x00007ffb1ad5d000 	/System/Library/Frameworks/OpenGL.framework/Versions/A/OpenGL
0x00007ffb1c33b000 	/System/Library/Frameworks/OpenCL.framework/Versions/A/OpenCL
0x00007ff829201000 	/System/Library/PrivateFrameworks/GraphVisualizer.framework/Versions/A/GraphVisualizer
0x00007ffb1adae000 	/System/Library/Frameworks/OpenGL.framework/Versions/A/Libraries/libGLU.dylib
0x00007ffb1ad70000 	/System/Library/Frameworks/OpenGL.framework/Versions/A/Libraries/libGFXShared.dylib
0x00007ffb1af6a000 	/System/Library/Frameworks/OpenGL.framework/Versions/A/Libraries/libGL.dylib
0x00007ffb1ad79000 	/System/Library/Frameworks/OpenGL.framework/Versions/A/Libraries/libGLImage.dylib
0x00007ffb1ad6d000 	/System/Library/Frameworks/OpenGL.framework/Versions/A/Libraries/libCVMSPluginSupport.dylib
0x00007ffd1e4a0000 	/usr/lib/libRosetta.dylib
0x00007ffb1ad58000 	/System/Library/Frameworks/OpenGL.framework/Versions/A/Libraries/libCoreVMClient.dylib
0x00007ff8255fa000 	/System/Library/Frameworks/MetalPerformanceShaders.framework/Versions/A/Frameworks/MPSCore.framework/Versions/A/MPSCore
0x00007ff826f1f000 	/System/Library/Frameworks/MetalPerformanceShaders.framework/Versions/A/Frameworks/MPSImage.framework/Versions/A/MPSImage
0x00007ff82680b000 	/System/Library/Frameworks/MetalPerformanceShaders.framework/Versions/A/Frameworks/MPSNeuralNetwork.framework/Versions/A/MPSNeuralNetwork
0x00007ff826d64000 	/System/Library/Frameworks/MetalPerformanceShaders.framework/Versions/A/Frameworks/MPSMatrix.framework/Versions/A/MPSMatrix
0x00007ff826b1b000 	/System/Library/Frameworks/MetalPerformanceShaders.framework/Versions/A/Frameworks/MPSRayIntersector.framework/Versions/A/MPSRayIntersector
0x00007ff826da3000 	/System/Library/Frameworks/MetalPerformanceShaders.framework/Versions/A/Frameworks/MPSNDArray.framework/Versions/A/MPSNDArray
0x00007ffb20ad9000 	/System/Library/Frameworks/MetalPerformanceShaders.framework/Versions/A/Frameworks/MPSFunctions.framework/Versions/A/MPSFunctions
0x00007ffb20abc000 	/System/Library/Frameworks/MetalPerformanceShaders.framework/Versions/A/Frameworks/MPSBenchmarkLoop.framework/Versions/A/MPSBenchmarkLoop
0x00007ff819c42000 	/System/Library/PrivateFrameworks/MetalTools.framework/Versions/A/MetalTools
0x00007ff927cbb000 	/System/Library/PrivateFrameworks/IOAccelMemoryInfo.framework/Versions/A/IOAccelMemoryInfo
0x00007ff9343ac000 	/System/Library/PrivateFrameworks/kperf.framework/Versions/A/kperf
0x00007ff922fee000 	/System/Library/PrivateFrameworks/GPURawCounter.framework/Versions/A/GPURawCounter
0x00007ff831267000 	/System/Library/PrivateFrameworks/CoreSymbolication.framework/Versions/A/CoreSymbolication
0x00007ff922f8d000 	/System/Library/PrivateFrameworks/MallocStackLogging.framework/Versions/A/MallocStackLogging
0x00007ff828dd3000 	/System/Library/PrivateFrameworks/CrashReporterSupport.framework/Versions/A/CrashReporterSupport
0x00007ff831228000 	/System/Library/PrivateFrameworks/DebugSymbols.framework/Versions/A/DebugSymbols
0x00007ff933642000 	/System/Library/PrivateFrameworks/OSAnalytics.framework/Versions/A/OSAnalytics
0x00007ff829db0000 	/System/Library/Frameworks/ApplicationServices.framework/Versions/A/Frameworks/ATSUI.framework/Versions/A/ATSUI
0x00007ff82b56a000 	/usr/lib/libcups.2.dylib
0x00007ff82b606000 	/System/Library/Frameworks/Kerberos.framework/Versions/A/Kerberos
0x00007ff82b278000 	/usr/lib/libresolv.9.dylib
0x00007ff827498000 	/usr/lib/libiconv.2.dylib
0x00007ff829272000 	/System/Library/PrivateFrameworks/Heimdal.framework/Versions/A/Heimdal
0x00007ff8334b3000 	/System/Library/Frameworks/Kerberos.framework/Versions/A/Libraries/libHeimdalProxy.dylib
0x00007ff829054000 	/usr/lib/libheimdal-asn1.dylib
0x00007ff822a24000 	/System/Library/Frameworks/OpenDirectory.framework/Versions/A/OpenDirectory
0x00007ff82b663000 	/System/Library/PrivateFrameworks/CommonAuth.framework/Versions/A/CommonAuth
0x00007ff822a30000 	/System/Library/Frameworks/OpenDirectory.framework/Versions/A/Frameworks/CFOpenDirectory.framework/Versions/A/CFOpenDirectory
0x00007ff8273ee000 	/usr/lib/libcharset.1.dylib
0x00007ffb1ddcf000 	/System/Library/Frameworks/AVFAudio.framework/Versions/A/AVFAudio
0x00007ff91d586000 	/System/Library/PrivateFrameworks/AXCoreUtilities.framework/Versions/A/AXCoreUtilities
0x00007ff82afcb000 	/System/Library/Frameworks/AudioToolbox.framework/Versions/A/AudioToolbox
0x00007ff81bbef000 	/System/Library/Frameworks/CoreAudio.framework/Versions/A/CoreAudio
0x00007ffc1d3a1000 	/System/Library/PrivateFrameworks/IsolatedCoreAudioClient.framework/Versions/A/IsolatedCoreAudioClient
0x00007ff82b1bd000 	/usr/lib/libAudioStatistics.dylib
0x00007ff82473f000 	/System/Library/PrivateFrameworks/caulk.framework/Versions/A/caulk
0x00007ff81b61f000 	/System/Library/PrivateFrameworks/AudioToolboxCore.framework/Versions/A/AudioToolboxCore
0x00007ff835854000 	/System/Library/Frameworks/CoreMIDI.framework/Versions/A/CoreMIDI
0x00007ff82b164000 	/System/Library/PrivateFrameworks/AudioSession.framework/Versions/A/AudioSession
0x00007ff82ca95000 	/System/Library/Frameworks/IOBluetooth.framework/Versions/A/IOBluetooth
0x00007ff82913a000 	/System/Library/PrivateFrameworks/MediaExperience.framework/Versions/A/MediaExperience
0x00007ffc31970000 	/System/Library/PrivateFrameworks/Tightbeam.framework/Versions/A/Tightbeam
0x00007ff938a6b000 	/System/Library/PrivateFrameworks/AFKUser.framework/Versions/A/AFKUser
0x00007ff829255000 	/System/Library/PrivateFrameworks/AppServerSupport.framework/Versions/A/AppServerSupport
0x00007ff82b5ea000 	/System/Library/PrivateFrameworks/perfdata.framework/Versions/A/perfdata
0x00007ff922277000 	/System/Library/PrivateFrameworks/SystemPolicy.framework/Versions/A/SystemPolicy
0x00007ff82b48a000 	/usr/lib/libSMC.dylib
0x00007ff829c88000 	/usr/lib/libAudioToolboxUtility.dylib
0x00007ff82b5f7000 	/usr/lib/libperfcheck.dylib
0x00007ffb291e5000 	/System/Library/PrivateFrameworks/AudioAnalytics.framework/Versions/A/AudioAnalytics
0x00007ffa2b674000 	/System/Library/PrivateFrameworks/FeatureFlags.framework/Versions/A/FeatureFlags
0x00007ffa24a9b000 	/System/Library/Frameworks/OSLog.framework/Versions/A/OSLog
0x00007ff826fd0000 	/usr/lib/libbz2.1.0.dylib
0x00007ff922fbc000 	/usr/lib/libmis.dylib
0x00007ff82af8b000 	/System/Library/PrivateFrameworks/AudioSession.framework/libSessionUtility.dylib
0x00007ff829de5000 	/System/Library/PrivateFrameworks/CMCaptureCore.framework/Versions/A/CMCaptureCore
0x00007ff82926c000 	/usr/lib/libspindump.dylib
0x00007ffb1f26c000 	/System/Library/Frameworks/ExtensionFoundation.framework/Versions/A/ExtensionFoundation
0x00007ff831377000 	/System/Library/PrivateFrameworks/CoreTime.framework/Versions/A/CoreTime
0x00007ff828f2b000 	/System/Library/PrivateFrameworks/PlugInKit.framework/Versions/A/PlugInKit
0x00007ff82fc9f000 	/System/Library/PrivateFrameworks/PowerLog.framework/Versions/A/PowerLog
0x00007ff82fbb1000 	/System/Library/Frameworks/CoreBluetooth.framework/Versions/A/CoreBluetooth
0x00007ff8334b4000 	/System/Library/Frameworks/AudioUnit.framework/Versions/A/AudioUnit
0x00007ff826519000 	/System/Library/PrivateFrameworks/CoreUtils.framework/Versions/A/CoreUtils
0x00007ffb2f80c000 	/System/Library/PrivateFrameworks/CoreUtilsExtras.framework/Versions/A/CoreUtilsExtras
0x00007ff82f101000 	/System/Library/Frameworks/MediaAccessibility.framework/Versions/A/MediaAccessibility
0x00007ff92ade8000 	/System/Library/PrivateFrameworks/AttributeGraph.framework/Versions/A/AttributeGraph
0x00007ffd1e1af000 	/usr/lib/libAXSafeCategoryBundle.dylib
0x00007ff91d627000 	/usr/lib/libAccessibility.dylib
0x00007ff82628c000 	/System/Library/Frameworks/Accelerate.framework/Versions/A/Frameworks/vecLib.framework/Versions/A/libvDSP.dylib
0x00007ff8276da000 	/System/Library/Frameworks/Accelerate.framework/Versions/A/Frameworks/vecLib.framework/Versions/A/libLAPACK.dylib
0x00007ff8267f5000 	/System/Library/Frameworks/Accelerate.framework/Versions/A/Frameworks/vecLib.framework/Versions/A/libLinearAlgebra.dylib
0x00007ff8275da000 	/System/Library/Frameworks/Accelerate.framework/Versions/A/Frameworks/vecLib.framework/Versions/A/libSparseBLAS.dylib
0x00007ff8276d4000 	/System/Library/Frameworks/Accelerate.framework/Versions/A/Frameworks/vecLib.framework/Versions/A/libQuadrature.dylib
0x00007ff8257dc000 	/System/Library/Frameworks/Accelerate.framework/Versions/A/Frameworks/vecLib.framework/Versions/A/libBNNS.dylib
0x00007ff81a124000 	/System/Library/Frameworks/Accelerate.framework/Versions/A/Frameworks/vecLib.framework/Versions/A/libSparse.dylib
0x00007ffc1e50e000 	/System/Library/PrivateFrameworks/MIL.framework/Versions/A/MIL
0x00007ff829d6f000 	/System/Library/PrivateFrameworks/GPUWrangler.framework/Versions/A/GPUWrangler
0x00007ff829d53000 	/System/Library/PrivateFrameworks/IOPresentment.framework/Versions/A/IOPresentment
0x00007ff829d79000 	/System/Library/PrivateFrameworks/DSExternalDisplay.framework/Versions/A/DSExternalDisplay
0x00007ffa24e92000 	/System/Library/PrivateFrameworks/HIDDisplay.framework/Versions/A/HIDDisplay
0x00007ff91c3ae000 	/System/Library/PrivateFrameworks/HID.framework/Versions/A/HID
0x00007ffc34b9b000 	/System/Library/PrivateFrameworks/VideoToolboxParavirtualizationSupport.framework/Versions/A/VideoToolboxParavirtualizationSupport
0x00007ff828feb000 	/System/Library/PrivateFrameworks/AppleVA.framework/Versions/A/AppleVA
0x00007ff830eb6000 	/System/Library/PrivateFrameworks/GraphicsServices.framework/Versions/A/GraphicsServices
0x00007ff8202be000 	/System/Library/Frameworks/CoreData.framework/Versions/A/CoreData
0x00007ff82b7c4000 	/System/Library/PrivateFrameworks/CorePhoneNumbers.framework/Versions/A/CorePhoneNumbers
0x00007ff82fd7f000 	/System/Library/PrivateFrameworks/MediaKit.framework/Versions/A/MediaKit
0x00007ff82fcd9000 	/System/Library/Frameworks/DiscRecording.framework/Versions/A/DiscRecording
0x00007ff8256c8000 	/System/Library/PrivateFrameworks/CoreNLP.framework/Versions/A/CoreNLP
0x00007ff82679d000 	/usr/lib/libmecab.dylib
0x00007ff81a221000 	/usr/lib/libCRFSuite.dylib
0x00007ff8267f2000 	/usr/lib/libgermantok.dylib
0x00007ff827595000 	/usr/lib/libThaiTokenizer.dylib
0x00007ffb1eca4000 	/System/Library/Frameworks/CoreTransferable.framework/Versions/A/CoreTransferable
0x00007ff82b5cd000 	/System/Library/PrivateFrameworks/NetAuth.framework/Versions/A/NetAuth
0x00007ff8290a7000 	/System/Library/PrivateFrameworks/IconServices.framework/Versions/A/IconServices
0x00007ff822c01000 	/System/Library/PrivateFrameworks/login.framework/Versions/A/Frameworks/loginsupport.framework/Versions/A/loginsupport
0x00007ff92305f000 	/usr/lib/swift/libswiftCoreImage.dylib
0x00007ff82905d000 	/System/Library/PrivateFrameworks/IconFoundation.framework/Versions/A/IconFoundation
0x00007ff822798000 	/System/Library/PrivateFrameworks/CoreUI.framework/Versions/A/CoreUI
0x00007ff829e67000 	/System/Library/PrivateFrameworks/TextureIO.framework/Versions/A/TextureIO
0x00007ff824e27000 	/System/Library/PrivateFrameworks/CoreSVG.framework/Versions/A/CoreSVG
0x00007ff938447000 	/usr/lib/swift/libswiftAccelerate.dylib
0x00007ff828dca000 	/usr/lib/libIOReport.dylib
0x00007ff81e2d1000 	/System/Library/PrivateFrameworks/UIFoundation.framework/Versions/A/UIFoundation
0x00007ff82676b000 	/usr/lib/libCheckFix.dylib
0x00007ff821c2a000 	/System/Library/PrivateFrameworks/MetadataUtilities.framework/Versions/A/MetadataUtilities
0x00007ffc1b02a000 	/System/Library/PrivateFrameworks/InstalledContentLibrary.framework/Versions/A/InstalledContentLibrary
0x00007ff81ccc5000 	/System/Library/PrivateFrameworks/CoreServicesStore.framework/Versions/A/CoreServicesStore
0x00007ff822a82000 	/usr/lib/libapp_launch_measurement.dylib
0x00007ffb28e7c000 	/System/Library/PrivateFrameworks/AppleMobileFileIntegrity.framework/Versions/A/AppleMobileFileIntegrity
0x00007ff9344a0000 	/System/Library/PrivateFrameworks/MobileSystemServices.framework/Versions/A/MobileSystemServices
0x00007ffa32f84000 	/System/Library/PrivateFrameworks/ConfigProfileHelper.framework/Versions/A/ConfigProfileHelper
0x00007ff828b8d000 	/usr/lib/libxslt.1.dylib
0x00007ff826730000 	/System/Library/PrivateFrameworks/BackgroundTaskManagement.framework/Versions/A/BackgroundTaskManagement
0x00007ffd1e4e5000 	/usr/lib/libTLE.dylib
0x00007ff832d63000 	/usr/lib/libcurl.4.dylib
0x00007ffd1e879000 	/usr/lib/libcrypto.46.dylib
0x00007ffd1ede9000 	/usr/lib/libssl.48.dylib
0x00007ff832a47000 	/System/Library/Frameworks/LDAP.framework/Versions/A/LDAP
0x00007ff832a82000 	/System/Library/PrivateFrameworks/TrustEvaluationAgent.framework/Versions/A/TrustEvaluationAgent
0x00007ff82b291000 	/usr/lib/libsasl2.2.dylib
0x00007ff835a44000 	/System/Library/Frameworks/Cocoa.framework/Versions/A/Cocoa
0x00007ff81ce36000 	/System/Library/Frameworks/AppKit.framework/Versions/C/AppKit
0x00007ffb2bd05000 	/System/Library/PrivateFrameworks/CollectionViewCore.framework/Versions/A/CollectionViewCore
0x00007ff82e9e6000 	/System/Library/PrivateFrameworks/RemoteViewServices.framework/Versions/A/RemoteViewServices
0x00007ff824e22000 	/System/Library/PrivateFrameworks/XCTTargetBootstrap.framework/Versions/A/XCTTargetBootstrap
0x00007ff829f82000 	/System/Library/PrivateFrameworks/UserActivity.framework/Versions/A/UserActivity
0x00007ffc333fa000 	/System/Library/PrivateFrameworks/UIIntelligenceSupport.framework/Versions/A/UIIntelligenceSupport
0x00007ffc37a82000 	/System/Library/PrivateFrameworks/WritingTools.framework/Versions/A/WritingTools
0x00007ffc36bd8000 	/System/Library/PrivateFrameworks/WindowManagement.framework/Versions/A/WindowManagement
0x00007ff824e0f000 	/System/Library/PrivateFrameworks/DFRFoundation.framework/Versions/A/DFRFoundation
0x00007ff829f3b000 	/System/Library/PrivateFrameworks/DataDetectorsCore.framework/Versions/A/DataDetectorsCore
0x00007ff92688b000 	/System/Library/PrivateFrameworks/TextInput.framework/Versions/A/TextInput
0x00007ff824b33000 	/System/Library/Frameworks/Carbon.framework/Versions/A/Frameworks/HIToolbox.framework/Versions/A/HIToolbox
0x00007ff82ea1d000 	/System/Library/Frameworks/Carbon.framework/Versions/A/Frameworks/SpeechRecognition.framework/Versions/A/SpeechRecognition
0x00007ff91b754000 	/System/Library/PrivateFrameworks/RenderBox.framework/Versions/A/RenderBox
0x00007ff822a19000 	/System/Library/PrivateFrameworks/PerformanceAnalysis.framework/Versions/A/PerformanceAnalysis
0x00007ff82ed8a000 	/System/Library/Frameworks/Accessibility.framework/Versions/A/Accessibility
0x00007ffb1f14d000 	/System/Library/Frameworks/DeveloperToolsSupport.framework/Versions/A/DeveloperToolsSupport
0x00007ffb244ae000 	/System/Library/Frameworks/Symbols.framework/Versions/A/Symbols
0x00007ff82ea0d000 	/System/Library/PrivateFrameworks/SpeechRecognitionCore.framework/Versions/A/SpeechRecognitionCore
0x0000000106cbf000 	/Library/Java/JavaVirtualMachines/jdk-17.jdk/Contents/Home/lib/server/libjvm.dylib
0x0000000105cb3000 	/Library/Java/JavaVirtualMachines/jdk-17.jdk/Contents/Home/lib/libjimage.dylib
0x0000000105d41000 	/Library/Java/JavaVirtualMachines/jdk-17.jdk/Contents/Home/lib/libjava.dylib
0x0000000106656000 	/Library/Java/JavaVirtualMachines/jdk-17.jdk/Contents/Home/lib/libnio.dylib
0x0000000106672000 	/Library/Java/JavaVirtualMachines/jdk-17.jdk/Contents/Home/lib/libnet.dylib
0x0000000105d2a000 	/Library/Java/JavaVirtualMachines/jdk-17.jdk/Contents/Home/lib/libzip.dylib
0x0000000106692000 	/Library/Java/JavaVirtualMachines/jdk-17.jdk/Contents/Home/lib/libmanagement.dylib
0x00000001066a2000 	/Library/Java/JavaVirtualMachines/jdk-17.jdk/Contents/Home/lib/libmanagement_ext.dylib
0x00000001066b2000 	/Library/Java/JavaVirtualMachines/jdk-17.jdk/Contents/Home/lib/libextnet.dylib


VM Arguments:
jvm_args: -Dcom.sun.management.jmxremote -Dcom.sun.management.jmxremote.port=54042 -Dcom.sun.management.jmxremote.authenticate=false -Dcom.sun.management.jmxremote.ssl=false -Djava.rmi.server.hostname=localhost -Dspring.jmx.enabled=true -Dmanagement.endpoints.jmx.exposure.include=* -Dspring.application.admin.enabled=true -Djava.security.egd=file:/dev/./urandom -XX:TieredStopAtLevel=1 -Dspring.boot.project.name=BeyazEvimBackend -Dfile.encoding=UTF-8 -Dstdout.encoding=UTF-8 -Dstderr.encoding=UTF-8 -XX:+ShowCodeDetailsInExceptionMessages 
java_command: com.ardakkan.backend.BeyazEvimBackendApplication --spring.output.ansi.enabled=always
java_class_path (initial): /Users/ardaakkan/Documents/workspace-spring-tool-suite-4-4.20.0.RELEASE/BeyazEvimBackend/target/classes:/Users/ardaakkan/.m2/repository/org/springframework/boot/spring-boot-starter-actuator/3.3.4/spring-boot-starter-actuator-3.3.4.jar:/Users/ardaakkan/.m2/repository/org/springframework/boot/spring-boot-starter/3.3.4/spring-boot-starter-3.3.4.jar:/Users/ardaakkan/.m2/repository/org/springframework/boot/spring-boot-starter-logging/3.3.4/spring-boot-starter-logging-3.3.4.jar:/Users/ardaakkan/.m2/repository/ch/qos/logback/logback-classic/1.5.8/logback-classic-1.5.8.jar:/Users/ardaakkan/.m2/repository/ch/qos/logback/logback-core/1.5.8/logback-core-1.5.8.jar:/Users/ardaakkan/.m2/repository/org/apache/logging/log4j/log4j-to-slf4j/2.23.1/log4j-to-slf4j-2.23.1.jar:/Users/ardaakkan/.m2/repository/org/apache/logging/log4j/log4j-api/2.23.1/log4j-api-2.23.1.jar:/Users/ardaakkan/.m2/repository/org/slf4j/jul-to-slf4j/2.0.16/jul-to-slf4j-2.0.16.jar:/Users/ardaakkan/.m2/repository/jakarta/annotation/jakarta.annotation-api/2.1.1/jakarta.annotation-api-2.1.1.jar:/Users/ardaakkan/.m2/repository/org/yaml/snakeyaml/2.2/snakeyaml-2.2.jar:/Users/ardaakkan/.m2/repository/org/springframework/boot/spring-boot-actuator-autoconfigure/3.3.4/spring-boot-actuator-autoconfigure-3.3.4.jar:/Users/ardaakkan/.m2/repository/org/springframework/boot/spring-boot-actuator/3.3.4/spring-boot-actuator-3.3.4.jar:/Users/ardaakkan/.m2/repository/com/fasterxml/jackson/datatype/jackson-datatype-jsr310/2.17.2/jackson-datatype-jsr310-2.17.2.jar:/Users/ardaakkan/.m2/repository/io/micrometer/micrometer-observation/1.13.4/micrometer-observation-1.13.4.jar:/Users/ardaakkan/.m2/repository/io/micrometer/micrometer-commons/1.13.4/micrometer-commons-1.13.4.jar:/Users/ardaakkan/.m2/repository/io/micrometer/micrometer-jakarta9/1.13.4/micrometer-jakarta9-1.13.4.jar:/Users/ardaakkan/.m2/repository/io/micrometer/micrometer-core/1.13.4/micrometer-core-1.13.4.jar:/Users/ardaakkan/.m2/repository/org/hdr
Launcher Type: SUN_STANDARD

[Global flags]
     intx CICompilerCount                          = 4                                         {product} {ergonomic}
     uint ConcGCThreads                            = 3                                         {product} {ergonomic}
     uint G1ConcRefinementThreads                  = 10                                        {product} {ergonomic}
   size_t G1HeapRegionSize                         = 2097152                                   {product} {ergonomic}
    uintx GCDrainStackTargetSize                   = 64                                        {product} {ergonomic}
   size_t InitialHeapSize                          = 268435456                                 {product} {ergonomic}
     bool ManagementServer                         = true                                      {product} {command line}
   size_t MarkStackSize                            = 4194304                                   {product} {ergonomic}
   size_t MaxHeapSize                              = 4294967296                                {product} {ergonomic}
   size_t MaxNewSize                               = 2575302656                                {product} {ergonomic}
   size_t MinHeapDeltaBytes                        = 2097152                                   {product} {ergonomic}
   size_t MinHeapSize                              = 8388608                                   {product} {ergonomic}
    uintx NonProfiledCodeHeapSize                  = 0                                      {pd product} {ergonomic}
     bool ProfileInterpreter                       = false                                  {pd product} {command line}
    uintx ProfiledCodeHeapSize                     = 0                                      {pd product} {ergonomic}
     bool ShowCodeDetailsInExceptionMessages       = true                                   {manageable} {command line}
   size_t SoftMaxHeapSize                          = 4294967296                             {manageable} {ergonomic}
     intx TieredStopAtLevel                        = 1                                         {product} {command line}
     bool UseCompressedClassPointers               = true                           {product lp64_product} {ergonomic}
     bool UseCompressedOops                        = true                           {product lp64_product} {ergonomic}
     bool UseG1GC                                  = true                                      {product} {ergonomic}
     bool UseNUMA                                  = false                                     {product} {ergonomic}
     bool UseNUMAInterleaving                      = false                                     {product} {ergonomic}

Logging:
Log output configuration:
 #0: stdout all=warning uptime,level,tags
 #1: stderr all=off uptime,level,tags

Environment Variables:
PATH=/usr/bin:/bin:/usr/sbin:/sbin
SHELL=/bin/zsh

Signal Handlers:
   SIGSEGV: crash_handler in libjvm.dylib, mask=11100110000111110111111111111111, flags=SA_RESTART|SA_SIGINFO
    SIGBUS: crash_handler in libjvm.dylib, mask=11100110000111110111111111111111, flags=SA_RESTART|SA_SIGINFO
    SIGFPE: crash_handler in libjvm.dylib, mask=11100110000111110111111111111111, flags=SA_RESTART|SA_SIGINFO
   SIGPIPE: javaSignalHandler in libjvm.dylib, mask=11100110000111110111111111111111, flags=SA_RESTART|SA_SIGINFO
   SIGXFSZ: javaSignalHandler in libjvm.dylib, mask=11100110000111110111111111111111, flags=SA_RESTART|SA_SIGINFO
    SIGILL: crash_handler in libjvm.dylib, mask=11100110000111110111111111111111, flags=SA_RESTART|SA_SIGINFO
   SIGUSR2: SR_handler in libjvm.dylib, mask=00100000000000000000000000000000, flags=SA_RESTART|SA_SIGINFO
    SIGHUP: UserHandler in libjvm.dylib, mask=11100110000111110111111111111111, flags=SA_RESTART|SA_SIGINFO
    SIGINT: UserHandler in libjvm.dylib, mask=11100110000111110111111111111111, flags=SA_RESTART|SA_SIGINFO
   SIGTERM: UserHandler in libjvm.dylib, mask=11100110000111110111111111111111, flags=SA_RESTART|SA_SIGINFO
   SIGQUIT: UserHandler in libjvm.dylib, mask=11100110000111110111111111111111, flags=SA_RESTART|SA_SIGINFO
   SIGTRAP: crash_handler in libjvm.dylib, mask=11100110000111110111111111111111, flags=SA_RESTART|SA_SIGINFO


---------------  S Y S T E M  ---------------

OS:
uname: Darwin 24.0.0 Darwin Kernel Version 24.0.0: Tue Sep 24 23:36:30 PDT 2024; root:xnu-11215.1.12~1/RELEASE_X86_64 x86_64
OS uptime: 1 days 22:44 hours
rlimit (soft/hard): STACK 8192k/65532k , CORE 0k/infinity , NPROC 2784/4176 , NOFILE 10240/infinity , AS infinity/infinity , CPU infinity/infinity , DATA infinity/infinity , FSIZE infinity/infinity , MEMLOCK infinity/infinity , RSS infinity/infinity
load average: 2.33 2.64 2.49

CPU: total 12 (initial active 12) (6 cores per cpu, 2 threads per core) family 6 model 158 stepping 10 microcode 0xf8, cx8, cmov, fxsr, ht, mmx, 3dnowpref, sse, sse2, sse3, ssse3, sse4.1, sse4.2, popcnt, lzcnt, tsc, tscinvbit, avx, avx2, aes, erms, clmul, bmi1, bmi2, adx, fma, vzeroupper, clflush, clflushopt

Memory: 4k page, physical 16777216k(477556k free), swap 2097152k(1065984k free)

vm_info: Java HotSpot(TM) 64-Bit Server VM (17.0.8+9-LTS-211) for bsd-amd64 JRE (17.0.8+9-LTS-211), built on Jun 14 2023 09:35:19 by "mach5one" with clang Apple LLVM 12.0.0 (clang-1200.0.32.29)

END.
